[0.073s] DEBUG:colcon:Command line arguments: ['/usr/bin/colcon', 'build']
[0.073s] DEBUG:colcon:Parsed command line arguments: Namespace(log_base=None, log_level=None, verb_name='build', build_base='build', install_base='install', merge_install=False, symlink_install=False, test_result_base=None, continue_on_error=False, executor='parallel', parallel_workers=16, event_handlers=None, ignore_user_meta=False, metas=['./colcon.meta'], base_paths=['.'], packages_ignore=None, packages_ignore_regex=None, paths=None, packages_up_to=None, packages_up_to_regex=None, packages_above=None, packages_above_and_dependencies=None, packages_above_depth=None, packages_select_by_dep=None, packages_skip_by_dep=None, packages_skip_up_to=None, packages_select_build_failed=False, packages_skip_build_finished=False, packages_select_test_failures=False, packages_skip_test_passed=False, packages_select=None, packages_skip=None, packages_select_regex=None, packages_skip_regex=None, packages_start=None, packages_end=None, allow_overriding=[], cmake_args=None, cmake_target=None, cmake_target_skip_unavailable=False, cmake_clean_cache=False, cmake_clean_first=False, cmake_force_configure=False, ament_cmake_args=None, catkin_cmake_args=None, catkin_skip_building_tests=False, mixin_files=None, mixin=None, verb_parser=<colcon_mixin.mixin.mixin_argument.MixinArgumentDecorator object at 0x74db6de49a80>, verb_extension=<colcon_core.verb.build.BuildVerb object at 0x74db6df62140>, main=<bound method BuildVerb.main of <colcon_core.verb.build.BuildVerb object at 0x74db6df62140>>, mixin_verb=('build',))
[0.188s] Level 1:colcon.colcon_core.package_discovery:discover_packages(colcon_meta) check parameters
[0.188s] Level 1:colcon.colcon_core.package_discovery:discover_packages(recursive) check parameters
[0.188s] Level 1:colcon.colcon_core.package_discovery:discover_packages(ignore) check parameters
[0.188s] Level 1:colcon.colcon_core.package_discovery:discover_packages(path) check parameters
[0.188s] Level 1:colcon.colcon_core.package_discovery:discover_packages(colcon_meta) discover
[0.188s] Level 1:colcon.colcon_core.package_discovery:discover_packages(recursive) discover
[0.188s] INFO:colcon.colcon_core.package_discovery:Crawling recursively for packages in '/home/ieee/robot_ws'
[0.188s] Level 1:colcon.colcon_core.package_identification:_identify(.) by extensions ['ignore', 'ignore_ament_install']
[0.188s] Level 1:colcon.colcon_core.package_identification:_identify(.) by extension 'ignore'
[0.188s] Level 1:colcon.colcon_core.package_identification:_identify(.) by extension 'ignore_ament_install'
[0.188s] Level 1:colcon.colcon_core.package_identification:_identify(.) by extensions ['colcon_pkg']
[0.188s] Level 1:colcon.colcon_core.package_identification:_identify(.) by extension 'colcon_pkg'
[0.188s] Level 1:colcon.colcon_core.package_identification:_identify(.) by extensions ['colcon_meta']
[0.188s] Level 1:colcon.colcon_core.package_identification:_identify(.) by extension 'colcon_meta'
[0.188s] Level 1:colcon.colcon_core.package_identification:_identify(.) by extensions ['ros']
[0.188s] Level 1:colcon.colcon_core.package_identification:_identify(.) by extension 'ros'
[0.195s] Level 1:colcon.colcon_core.package_identification:_identify(.) by extensions ['cmake', 'python']
[0.196s] Level 1:colcon.colcon_core.package_identification:_identify(.) by extension 'cmake'
[0.196s] Level 1:colcon.colcon_core.package_identification:_identify(.) by extension 'python'
[0.196s] Level 1:colcon.colcon_core.package_identification:_identify(.) by extensions ['python_setup_py']
[0.196s] Level 1:colcon.colcon_core.package_identification:_identify(.) by extension 'python_setup_py'
[0.196s] Level 1:colcon.colcon_core.package_identification:_identify(build) by extensions ['ignore', 'ignore_ament_install']
[0.196s] Level 1:colcon.colcon_core.package_identification:_identify(build) by extension 'ignore'
[0.196s] Level 1:colcon.colcon_core.package_identification:_identify(build) ignored
[0.196s] Level 1:colcon.colcon_core.package_identification:_identify(install) by extensions ['ignore', 'ignore_ament_install']
[0.196s] Level 1:colcon.colcon_core.package_identification:_identify(install) by extension 'ignore'
[0.196s] Level 1:colcon.colcon_core.package_identification:_identify(install) ignored
[0.196s] Level 1:colcon.colcon_core.package_identification:_identify(log) by extensions ['ignore', 'ignore_ament_install']
[0.196s] Level 1:colcon.colcon_core.package_identification:_identify(log) by extension 'ignore'
[0.196s] Level 1:colcon.colcon_core.package_identification:_identify(log) ignored
[0.196s] Level 1:colcon.colcon_core.package_identification:_identify(src) by extensions ['ignore', 'ignore_ament_install']
[0.196s] Level 1:colcon.colcon_core.package_identification:_identify(src) by extension 'ignore'
[0.196s] Level 1:colcon.colcon_core.package_identification:_identify(src) by extension 'ignore_ament_install'
[0.196s] Level 1:colcon.colcon_core.package_identification:_identify(src) by extensions ['colcon_pkg']
[0.196s] Level 1:colcon.colcon_core.package_identification:_identify(src) by extension 'colcon_pkg'
[0.196s] Level 1:colcon.colcon_core.package_identification:_identify(src) by extensions ['colcon_meta']
[0.196s] Level 1:colcon.colcon_core.package_identification:_identify(src) by extension 'colcon_meta'
[0.196s] Level 1:colcon.colcon_core.package_identification:_identify(src) by extensions ['ros']
[0.197s] Level 1:colcon.colcon_core.package_identification:_identify(src) by extension 'ros'
[0.197s] Level 1:colcon.colcon_core.package_identification:_identify(src) by extensions ['cmake', 'python']
[0.197s] Level 1:colcon.colcon_core.package_identification:_identify(src) by extension 'cmake'
[0.197s] Level 1:colcon.colcon_core.package_identification:_identify(src) by extension 'python'
[0.197s] Level 1:colcon.colcon_core.package_identification:_identify(src) by extensions ['python_setup_py']
[0.197s] Level 1:colcon.colcon_core.package_identification:_identify(src) by extension 'python_setup_py'
[0.197s] Level 1:colcon.colcon_core.package_identification:_identify(src/build) by extensions ['ignore', 'ignore_ament_install']
[0.197s] Level 1:colcon.colcon_core.package_identification:_identify(src/build) by extension 'ignore'
[0.197s] Level 1:colcon.colcon_core.package_identification:_identify(src/build) ignored
[0.197s] Level 1:colcon.colcon_core.package_identification:_identify(src/install) by extensions ['ignore', 'ignore_ament_install']
[0.197s] Level 1:colcon.colcon_core.package_identification:_identify(src/install) by extension 'ignore'
[0.197s] Level 1:colcon.colcon_core.package_identification:_identify(src/install) ignored
[0.197s] Level 1:colcon.colcon_core.package_identification:_identify(src/log) by extensions ['ignore', 'ignore_ament_install']
[0.197s] Level 1:colcon.colcon_core.package_identification:_identify(src/log) by extension 'ignore'
[0.197s] Level 1:colcon.colcon_core.package_identification:_identify(src/log) ignored
[0.197s] Level 1:colcon.colcon_core.package_identification:_identify(src/src) by extensions ['ignore', 'ignore_ament_install']
[0.197s] Level 1:colcon.colcon_core.package_identification:_identify(src/src) by extension 'ignore'
[0.197s] Level 1:colcon.colcon_core.package_identification:_identify(src/src) by extension 'ignore_ament_install'
[0.197s] Level 1:colcon.colcon_core.package_identification:_identify(src/src) by extensions ['colcon_pkg']
[0.197s] Level 1:colcon.colcon_core.package_identification:_identify(src/src) by extension 'colcon_pkg'
[0.197s] Level 1:colcon.colcon_core.package_identification:_identify(src/src) by extensions ['colcon_meta']
[0.197s] Level 1:colcon.colcon_core.package_identification:_identify(src/src) by extension 'colcon_meta'
[0.197s] Level 1:colcon.colcon_core.package_identification:_identify(src/src) by extensions ['ros']
[0.197s] Level 1:colcon.colcon_core.package_identification:_identify(src/src) by extension 'ros'
[0.198s] Level 1:colcon.colcon_core.package_identification:_identify(src/src) by extensions ['cmake', 'python']
[0.198s] Level 1:colcon.colcon_core.package_identification:_identify(src/src) by extension 'cmake'
[0.198s] Level 1:colcon.colcon_core.package_identification:_identify(src/src) by extension 'python'
[0.198s] Level 1:colcon.colcon_core.package_identification:_identify(src/src) by extensions ['python_setup_py']
[0.198s] Level 1:colcon.colcon_core.package_identification:_identify(src/src) by extension 'python_setup_py'
[0.198s] Level 1:colcon.colcon_core.package_identification:_identify(src/src/linorobot2) by extensions ['ignore', 'ignore_ament_install']
[0.198s] Level 1:colcon.colcon_core.package_identification:_identify(src/src/linorobot2) by extension 'ignore'
[0.198s] Level 1:colcon.colcon_core.package_identification:_identify(src/src/linorobot2) by extension 'ignore_ament_install'
[0.198s] Level 1:colcon.colcon_core.package_identification:_identify(src/src/linorobot2) by extensions ['colcon_pkg']
[0.198s] Level 1:colcon.colcon_core.package_identification:_identify(src/src/linorobot2) by extension 'colcon_pkg'
[0.198s] Level 1:colcon.colcon_core.package_identification:_identify(src/src/linorobot2) by extensions ['colcon_meta']
[0.198s] Level 1:colcon.colcon_core.package_identification:_identify(src/src/linorobot2) by extension 'colcon_meta'
[0.198s] Level 1:colcon.colcon_core.package_identification:_identify(src/src/linorobot2) by extensions ['ros']
[0.198s] Level 1:colcon.colcon_core.package_identification:_identify(src/src/linorobot2) by extension 'ros'
[0.198s] Level 1:colcon.colcon_core.package_identification:_identify(src/src/linorobot2) by extensions ['cmake', 'python']
[0.198s] Level 1:colcon.colcon_core.package_identification:_identify(src/src/linorobot2) by extension 'cmake'
[0.198s] Level 1:colcon.colcon_core.package_identification:_identify(src/src/linorobot2) by extension 'python'
[0.198s] Level 1:colcon.colcon_core.package_identification:_identify(src/src/linorobot2) by extensions ['python_setup_py']
[0.198s] Level 1:colcon.colcon_core.package_identification:_identify(src/src/linorobot2) by extension 'python_setup_py'
[0.198s] Level 1:colcon.colcon_core.package_identification:_identify(src/src/linorobot2/docker) by extensions ['ignore', 'ignore_ament_install']
[0.198s] Level 1:colcon.colcon_core.package_identification:_identify(src/src/linorobot2/docker) by extension 'ignore'
[0.198s] Level 1:colcon.colcon_core.package_identification:_identify(src/src/linorobot2/docker) by extension 'ignore_ament_install'
[0.198s] Level 1:colcon.colcon_core.package_identification:_identify(src/src/linorobot2/docker) by extensions ['colcon_pkg']
[0.198s] Level 1:colcon.colcon_core.package_identification:_identify(src/src/linorobot2/docker) by extension 'colcon_pkg'
[0.198s] Level 1:colcon.colcon_core.package_identification:_identify(src/src/linorobot2/docker) by extensions ['colcon_meta']
[0.198s] Level 1:colcon.colcon_core.package_identification:_identify(src/src/linorobot2/docker) by extension 'colcon_meta'
[0.198s] Level 1:colcon.colcon_core.package_identification:_identify(src/src/linorobot2/docker) by extensions ['ros']
[0.198s] Level 1:colcon.colcon_core.package_identification:_identify(src/src/linorobot2/docker) by extension 'ros'
[0.199s] Level 1:colcon.colcon_core.package_identification:_identify(src/src/linorobot2/docker) by extensions ['cmake', 'python']
[0.199s] Level 1:colcon.colcon_core.package_identification:_identify(src/src/linorobot2/docker) by extension 'cmake'
[0.199s] Level 1:colcon.colcon_core.package_identification:_identify(src/src/linorobot2/docker) by extension 'python'
[0.199s] Level 1:colcon.colcon_core.package_identification:_identify(src/src/linorobot2/docker) by extensions ['python_setup_py']
[0.199s] Level 1:colcon.colcon_core.package_identification:_identify(src/src/linorobot2/docker) by extension 'python_setup_py'
[0.199s] Level 1:colcon.colcon_core.package_identification:_identify(src/src/linorobot2/docs) by extensions ['ignore', 'ignore_ament_install']
[0.199s] Level 1:colcon.colcon_core.package_identification:_identify(src/src/linorobot2/docs) by extension 'ignore'
[0.199s] Level 1:colcon.colcon_core.package_identification:_identify(src/src/linorobot2/docs) by extension 'ignore_ament_install'
[0.199s] Level 1:colcon.colcon_core.package_identification:_identify(src/src/linorobot2/docs) by extensions ['colcon_pkg']
[0.199s] Level 1:colcon.colcon_core.package_identification:_identify(src/src/linorobot2/docs) by extension 'colcon_pkg'
[0.199s] Level 1:colcon.colcon_core.package_identification:_identify(src/src/linorobot2/docs) by extensions ['colcon_meta']
[0.199s] Level 1:colcon.colcon_core.package_identification:_identify(src/src/linorobot2/docs) by extension 'colcon_meta'
[0.199s] Level 1:colcon.colcon_core.package_identification:_identify(src/src/linorobot2/docs) by extensions ['ros']
[0.199s] Level 1:colcon.colcon_core.package_identification:_identify(src/src/linorobot2/docs) by extension 'ros'
[0.199s] Level 1:colcon.colcon_core.package_identification:_identify(src/src/linorobot2/docs) by extensions ['cmake', 'python']
[0.199s] Level 1:colcon.colcon_core.package_identification:_identify(src/src/linorobot2/docs) by extension 'cmake'
[0.199s] Level 1:colcon.colcon_core.package_identification:_identify(src/src/linorobot2/docs) by extension 'python'
[0.199s] Level 1:colcon.colcon_core.package_identification:_identify(src/src/linorobot2/docs) by extensions ['python_setup_py']
[0.199s] Level 1:colcon.colcon_core.package_identification:_identify(src/src/linorobot2/docs) by extension 'python_setup_py'
[0.199s] Level 1:colcon.colcon_core.package_identification:_identify(src/src/linorobot2/linorobot2) by extensions ['ignore', 'ignore_ament_install']
[0.199s] Level 1:colcon.colcon_core.package_identification:_identify(src/src/linorobot2/linorobot2) by extension 'ignore'
[0.199s] Level 1:colcon.colcon_core.package_identification:_identify(src/src/linorobot2/linorobot2) by extension 'ignore_ament_install'
[0.199s] Level 1:colcon.colcon_core.package_identification:_identify(src/src/linorobot2/linorobot2) by extensions ['colcon_pkg']
[0.199s] Level 1:colcon.colcon_core.package_identification:_identify(src/src/linorobot2/linorobot2) by extension 'colcon_pkg'
[0.199s] Level 1:colcon.colcon_core.package_identification:_identify(src/src/linorobot2/linorobot2) by extensions ['colcon_meta']
[0.199s] Level 1:colcon.colcon_core.package_identification:_identify(src/src/linorobot2/linorobot2) by extension 'colcon_meta'
[0.199s] Level 1:colcon.colcon_core.package_identification:_identify(src/src/linorobot2/linorobot2) by extensions ['ros']
[0.199s] Level 1:colcon.colcon_core.package_identification:_identify(src/src/linorobot2/linorobot2) by extension 'ros'
[0.201s] DEBUG:colcon.colcon_core.package_identification:Package 'src/src/linorobot2/linorobot2' with type 'ros.ament_cmake' and name 'linorobot2'
[0.201s] Level 1:colcon.colcon_core.package_identification:_identify(src/src/linorobot2/linorobot2_base) by extensions ['ignore', 'ignore_ament_install']
[0.201s] Level 1:colcon.colcon_core.package_identification:_identify(src/src/linorobot2/linorobot2_base) by extension 'ignore'
[0.201s] Level 1:colcon.colcon_core.package_identification:_identify(src/src/linorobot2/linorobot2_base) by extension 'ignore_ament_install'
[0.201s] Level 1:colcon.colcon_core.package_identification:_identify(src/src/linorobot2/linorobot2_base) by extensions ['colcon_pkg']
[0.201s] Level 1:colcon.colcon_core.package_identification:_identify(src/src/linorobot2/linorobot2_base) by extension 'colcon_pkg'
[0.201s] Level 1:colcon.colcon_core.package_identification:_identify(src/src/linorobot2/linorobot2_base) by extensions ['colcon_meta']
[0.201s] Level 1:colcon.colcon_core.package_identification:_identify(src/src/linorobot2/linorobot2_base) by extension 'colcon_meta'
[0.201s] Level 1:colcon.colcon_core.package_identification:_identify(src/src/linorobot2/linorobot2_base) by extensions ['ros']
[0.201s] Level 1:colcon.colcon_core.package_identification:_identify(src/src/linorobot2/linorobot2_base) by extension 'ros'
[0.202s] DEBUG:colcon.colcon_core.package_identification:Package 'src/src/linorobot2/linorobot2_base' with type 'ros.ament_cmake' and name 'linorobot2_base'
[0.202s] Level 1:colcon.colcon_core.package_identification:_identify(src/src/linorobot2/linorobot2_bringup) by extensions ['ignore', 'ignore_ament_install']
[0.202s] Level 1:colcon.colcon_core.package_identification:_identify(src/src/linorobot2/linorobot2_bringup) by extension 'ignore'
[0.202s] Level 1:colcon.colcon_core.package_identification:_identify(src/src/linorobot2/linorobot2_bringup) by extension 'ignore_ament_install'
[0.202s] Level 1:colcon.colcon_core.package_identification:_identify(src/src/linorobot2/linorobot2_bringup) by extensions ['colcon_pkg']
[0.202s] Level 1:colcon.colcon_core.package_identification:_identify(src/src/linorobot2/linorobot2_bringup) by extension 'colcon_pkg'
[0.202s] Level 1:colcon.colcon_core.package_identification:_identify(src/src/linorobot2/linorobot2_bringup) by extensions ['colcon_meta']
[0.202s] Level 1:colcon.colcon_core.package_identification:_identify(src/src/linorobot2/linorobot2_bringup) by extension 'colcon_meta'
[0.202s] Level 1:colcon.colcon_core.package_identification:_identify(src/src/linorobot2/linorobot2_bringup) by extensions ['ros']
[0.202s] Level 1:colcon.colcon_core.package_identification:_identify(src/src/linorobot2/linorobot2_bringup) by extension 'ros'
[0.203s] DEBUG:colcon.colcon_core.package_identification:Package 'src/src/linorobot2/linorobot2_bringup' with type 'ros.ament_cmake' and name 'linorobot2_bringup'
[0.203s] Level 1:colcon.colcon_core.package_identification:_identify(src/src/linorobot2/linorobot2_description) by extensions ['ignore', 'ignore_ament_install']
[0.203s] Level 1:colcon.colcon_core.package_identification:_identify(src/src/linorobot2/linorobot2_description) by extension 'ignore'
[0.203s] Level 1:colcon.colcon_core.package_identification:_identify(src/src/linorobot2/linorobot2_description) by extension 'ignore_ament_install'
[0.203s] Level 1:colcon.colcon_core.package_identification:_identify(src/src/linorobot2/linorobot2_description) by extensions ['colcon_pkg']
[0.203s] Level 1:colcon.colcon_core.package_identification:_identify(src/src/linorobot2/linorobot2_description) by extension 'colcon_pkg'
[0.203s] Level 1:colcon.colcon_core.package_identification:_identify(src/src/linorobot2/linorobot2_description) by extensions ['colcon_meta']
[0.203s] Level 1:colcon.colcon_core.package_identification:_identify(src/src/linorobot2/linorobot2_description) by extension 'colcon_meta'
[0.203s] Level 1:colcon.colcon_core.package_identification:_identify(src/src/linorobot2/linorobot2_description) by extensions ['ros']
[0.203s] Level 1:colcon.colcon_core.package_identification:_identify(src/src/linorobot2/linorobot2_description) by extension 'ros'
[0.203s] DEBUG:colcon.colcon_core.package_identification:Package 'src/src/linorobot2/linorobot2_description' with type 'ros.ament_cmake' and name 'linorobot2_description'
[0.203s] Level 1:colcon.colcon_core.package_identification:_identify(src/src/linorobot2/linorobot2_gazebo) by extensions ['ignore', 'ignore_ament_install']
[0.203s] Level 1:colcon.colcon_core.package_identification:_identify(src/src/linorobot2/linorobot2_gazebo) by extension 'ignore'
[0.203s] Level 1:colcon.colcon_core.package_identification:_identify(src/src/linorobot2/linorobot2_gazebo) by extension 'ignore_ament_install'
[0.203s] Level 1:colcon.colcon_core.package_identification:_identify(src/src/linorobot2/linorobot2_gazebo) by extensions ['colcon_pkg']
[0.203s] Level 1:colcon.colcon_core.package_identification:_identify(src/src/linorobot2/linorobot2_gazebo) by extension 'colcon_pkg'
[0.203s] Level 1:colcon.colcon_core.package_identification:_identify(src/src/linorobot2/linorobot2_gazebo) by extensions ['colcon_meta']
[0.204s] Level 1:colcon.colcon_core.package_identification:_identify(src/src/linorobot2/linorobot2_gazebo) by extension 'colcon_meta'
[0.204s] Level 1:colcon.colcon_core.package_identification:_identify(src/src/linorobot2/linorobot2_gazebo) by extensions ['ros']
[0.204s] Level 1:colcon.colcon_core.package_identification:_identify(src/src/linorobot2/linorobot2_gazebo) by extension 'ros'
[0.204s] DEBUG:colcon.colcon_core.package_identification:Package 'src/src/linorobot2/linorobot2_gazebo' with type 'ros.ament_cmake' and name 'linorobot2_gazebo'
[0.204s] Level 1:colcon.colcon_core.package_identification:_identify(src/src/linorobot2/linorobot2_navigation) by extensions ['ignore', 'ignore_ament_install']
[0.204s] Level 1:colcon.colcon_core.package_identification:_identify(src/src/linorobot2/linorobot2_navigation) by extension 'ignore'
[0.204s] Level 1:colcon.colcon_core.package_identification:_identify(src/src/linorobot2/linorobot2_navigation) by extension 'ignore_ament_install'
[0.204s] Level 1:colcon.colcon_core.package_identification:_identify(src/src/linorobot2/linorobot2_navigation) by extensions ['colcon_pkg']
[0.204s] Level 1:colcon.colcon_core.package_identification:_identify(src/src/linorobot2/linorobot2_navigation) by extension 'colcon_pkg'
[0.204s] Level 1:colcon.colcon_core.package_identification:_identify(src/src/linorobot2/linorobot2_navigation) by extensions ['colcon_meta']
[0.204s] Level 1:colcon.colcon_core.package_identification:_identify(src/src/linorobot2/linorobot2_navigation) by extension 'colcon_meta'
[0.204s] Level 1:colcon.colcon_core.package_identification:_identify(src/src/linorobot2/linorobot2_navigation) by extensions ['ros']
[0.204s] Level 1:colcon.colcon_core.package_identification:_identify(src/src/linorobot2/linorobot2_navigation) by extension 'ros'
[0.205s] DEBUG:colcon.colcon_core.package_identification:Package 'src/src/linorobot2/linorobot2_navigation' with type 'ros.ament_cmake' and name 'linorobot2_navigation'
[0.205s] Level 1:colcon.colcon_core.package_identification:_identify(src/src/linorobot2_viz) by extensions ['ignore', 'ignore_ament_install']
[0.205s] Level 1:colcon.colcon_core.package_identification:_identify(src/src/linorobot2_viz) by extension 'ignore'
[0.205s] Level 1:colcon.colcon_core.package_identification:_identify(src/src/linorobot2_viz) by extension 'ignore_ament_install'
[0.205s] Level 1:colcon.colcon_core.package_identification:_identify(src/src/linorobot2_viz) by extensions ['colcon_pkg']
[0.205s] Level 1:colcon.colcon_core.package_identification:_identify(src/src/linorobot2_viz) by extension 'colcon_pkg'
[0.205s] Level 1:colcon.colcon_core.package_identification:_identify(src/src/linorobot2_viz) by extensions ['colcon_meta']
[0.205s] Level 1:colcon.colcon_core.package_identification:_identify(src/src/linorobot2_viz) by extension 'colcon_meta'
[0.205s] Level 1:colcon.colcon_core.package_identification:_identify(src/src/linorobot2_viz) by extensions ['ros']
[0.205s] Level 1:colcon.colcon_core.package_identification:_identify(src/src/linorobot2_viz) by extension 'ros'
[0.205s] DEBUG:colcon.colcon_core.package_identification:Package 'src/src/linorobot2_viz' with type 'ros.ament_cmake' and name 'linorobot2_viz'
[0.205s] Level 1:colcon.colcon_core.package_discovery:discover_packages(recursive) using defaults
[0.205s] Level 1:colcon.colcon_core.package_discovery:discover_packages(ignore) discover
[0.206s] Level 1:colcon.colcon_core.package_discovery:discover_packages(ignore) using defaults
[0.206s] Level 1:colcon.colcon_core.package_discovery:discover_packages(path) discover
[0.206s] Level 1:colcon.colcon_core.package_discovery:discover_packages(path) using defaults
[0.225s] Level 1:colcon.colcon_core.package_discovery:discover_packages(prefix_path) check parameters
[0.225s] Level 1:colcon.colcon_core.package_discovery:discover_packages(prefix_path) discover
[0.226s] DEBUG:colcon.colcon_installed_package_information.package_discovery:Found 286 installed packages in /opt/ros/humble
[0.227s] Level 1:colcon.colcon_core.package_discovery:discover_packages(prefix_path) using defaults
[0.253s] Level 5:colcon.colcon_core.verb:set package 'linorobot2' build argument 'cmake_args' from command line to 'None'
[0.253s] Level 5:colcon.colcon_core.verb:set package 'linorobot2' build argument 'cmake_target' from command line to 'None'
[0.253s] Level 5:colcon.colcon_core.verb:set package 'linorobot2' build argument 'cmake_target_skip_unavailable' from command line to 'False'
[0.253s] Level 5:colcon.colcon_core.verb:set package 'linorobot2' build argument 'cmake_clean_cache' from command line to 'False'
[0.253s] Level 5:colcon.colcon_core.verb:set package 'linorobot2' build argument 'cmake_clean_first' from command line to 'False'
[0.253s] Level 5:colcon.colcon_core.verb:set package 'linorobot2' build argument 'cmake_force_configure' from command line to 'False'
[0.253s] Level 5:colcon.colcon_core.verb:set package 'linorobot2' build argument 'ament_cmake_args' from command line to 'None'
[0.253s] Level 5:colcon.colcon_core.verb:set package 'linorobot2' build argument 'catkin_cmake_args' from command line to 'None'
[0.253s] Level 5:colcon.colcon_core.verb:set package 'linorobot2' build argument 'catkin_skip_building_tests' from command line to 'False'
[0.253s] DEBUG:colcon.colcon_core.verb:Building package 'linorobot2' with the following arguments: {'ament_cmake_args': None, 'build_base': '/home/ieee/robot_ws/build/linorobot2', 'catkin_cmake_args': None, 'catkin_skip_building_tests': False, 'cmake_args': None, 'cmake_clean_cache': False, 'cmake_clean_first': False, 'cmake_force_configure': False, 'cmake_target': None, 'cmake_target_skip_unavailable': False, 'install_base': '/home/ieee/robot_ws/install/linorobot2', 'merge_install': False, 'path': '/home/ieee/robot_ws/src/src/linorobot2/linorobot2', 'symlink_install': False, 'test_result_base': None}
[0.253s] Level 5:colcon.colcon_core.verb:set package 'linorobot2_base' build argument 'cmake_args' from command line to 'None'
[0.253s] Level 5:colcon.colcon_core.verb:set package 'linorobot2_base' build argument 'cmake_target' from command line to 'None'
[0.253s] Level 5:colcon.colcon_core.verb:set package 'linorobot2_base' build argument 'cmake_target_skip_unavailable' from command line to 'False'
[0.253s] Level 5:colcon.colcon_core.verb:set package 'linorobot2_base' build argument 'cmake_clean_cache' from command line to 'False'
[0.253s] Level 5:colcon.colcon_core.verb:set package 'linorobot2_base' build argument 'cmake_clean_first' from command line to 'False'
[0.253s] Level 5:colcon.colcon_core.verb:set package 'linorobot2_base' build argument 'cmake_force_configure' from command line to 'False'
[0.253s] Level 5:colcon.colcon_core.verb:set package 'linorobot2_base' build argument 'ament_cmake_args' from command line to 'None'
[0.253s] Level 5:colcon.colcon_core.verb:set package 'linorobot2_base' build argument 'catkin_cmake_args' from command line to 'None'
[0.253s] Level 5:colcon.colcon_core.verb:set package 'linorobot2_base' build argument 'catkin_skip_building_tests' from command line to 'False'
[0.253s] DEBUG:colcon.colcon_core.verb:Building package 'linorobot2_base' with the following arguments: {'ament_cmake_args': None, 'build_base': '/home/ieee/robot_ws/build/linorobot2_base', 'catkin_cmake_args': None, 'catkin_skip_building_tests': False, 'cmake_args': None, 'cmake_clean_cache': False, 'cmake_clean_first': False, 'cmake_force_configure': False, 'cmake_target': None, 'cmake_target_skip_unavailable': False, 'install_base': '/home/ieee/robot_ws/install/linorobot2_base', 'merge_install': False, 'path': '/home/ieee/robot_ws/src/src/linorobot2/linorobot2_base', 'symlink_install': False, 'test_result_base': None}
[0.254s] Level 5:colcon.colcon_core.verb:set package 'linorobot2_bringup' build argument 'cmake_args' from command line to 'None'
[0.254s] Level 5:colcon.colcon_core.verb:set package 'linorobot2_bringup' build argument 'cmake_target' from command line to 'None'
[0.254s] Level 5:colcon.colcon_core.verb:set package 'linorobot2_bringup' build argument 'cmake_target_skip_unavailable' from command line to 'False'
[0.254s] Level 5:colcon.colcon_core.verb:set package 'linorobot2_bringup' build argument 'cmake_clean_cache' from command line to 'False'
[0.254s] Level 5:colcon.colcon_core.verb:set package 'linorobot2_bringup' build argument 'cmake_clean_first' from command line to 'False'
[0.254s] Level 5:colcon.colcon_core.verb:set package 'linorobot2_bringup' build argument 'cmake_force_configure' from command line to 'False'
[0.254s] Level 5:colcon.colcon_core.verb:set package 'linorobot2_bringup' build argument 'ament_cmake_args' from command line to 'None'
[0.254s] Level 5:colcon.colcon_core.verb:set package 'linorobot2_bringup' build argument 'catkin_cmake_args' from command line to 'None'
[0.254s] Level 5:colcon.colcon_core.verb:set package 'linorobot2_bringup' build argument 'catkin_skip_building_tests' from command line to 'False'
[0.254s] DEBUG:colcon.colcon_core.verb:Building package 'linorobot2_bringup' with the following arguments: {'ament_cmake_args': None, 'build_base': '/home/ieee/robot_ws/build/linorobot2_bringup', 'catkin_cmake_args': None, 'catkin_skip_building_tests': False, 'cmake_args': None, 'cmake_clean_cache': False, 'cmake_clean_first': False, 'cmake_force_configure': False, 'cmake_target': None, 'cmake_target_skip_unavailable': False, 'install_base': '/home/ieee/robot_ws/install/linorobot2_bringup', 'merge_install': False, 'path': '/home/ieee/robot_ws/src/src/linorobot2/linorobot2_bringup', 'symlink_install': False, 'test_result_base': None}
[0.254s] Level 5:colcon.colcon_core.verb:set package 'linorobot2_description' build argument 'cmake_args' from command line to 'None'
[0.254s] Level 5:colcon.colcon_core.verb:set package 'linorobot2_description' build argument 'cmake_target' from command line to 'None'
[0.254s] Level 5:colcon.colcon_core.verb:set package 'linorobot2_description' build argument 'cmake_target_skip_unavailable' from command line to 'False'
[0.254s] Level 5:colcon.colcon_core.verb:set package 'linorobot2_description' build argument 'cmake_clean_cache' from command line to 'False'
[0.254s] Level 5:colcon.colcon_core.verb:set package 'linorobot2_description' build argument 'cmake_clean_first' from command line to 'False'
[0.254s] Level 5:colcon.colcon_core.verb:set package 'linorobot2_description' build argument 'cmake_force_configure' from command line to 'False'
[0.254s] Level 5:colcon.colcon_core.verb:set package 'linorobot2_description' build argument 'ament_cmake_args' from command line to 'None'
[0.254s] Level 5:colcon.colcon_core.verb:set package 'linorobot2_description' build argument 'catkin_cmake_args' from command line to 'None'
[0.254s] Level 5:colcon.colcon_core.verb:set package 'linorobot2_description' build argument 'catkin_skip_building_tests' from command line to 'False'
[0.254s] DEBUG:colcon.colcon_core.verb:Building package 'linorobot2_description' with the following arguments: {'ament_cmake_args': None, 'build_base': '/home/ieee/robot_ws/build/linorobot2_description', 'catkin_cmake_args': None, 'catkin_skip_building_tests': False, 'cmake_args': None, 'cmake_clean_cache': False, 'cmake_clean_first': False, 'cmake_force_configure': False, 'cmake_target': None, 'cmake_target_skip_unavailable': False, 'install_base': '/home/ieee/robot_ws/install/linorobot2_description', 'merge_install': False, 'path': '/home/ieee/robot_ws/src/src/linorobot2/linorobot2_description', 'symlink_install': False, 'test_result_base': None}
[0.254s] Level 5:colcon.colcon_core.verb:set package 'linorobot2_gazebo' build argument 'cmake_args' from command line to 'None'
[0.255s] Level 5:colcon.colcon_core.verb:set package 'linorobot2_gazebo' build argument 'cmake_target' from command line to 'None'
[0.255s] Level 5:colcon.colcon_core.verb:set package 'linorobot2_gazebo' build argument 'cmake_target_skip_unavailable' from command line to 'False'
[0.255s] Level 5:colcon.colcon_core.verb:set package 'linorobot2_gazebo' build argument 'cmake_clean_cache' from command line to 'False'
[0.255s] Level 5:colcon.colcon_core.verb:set package 'linorobot2_gazebo' build argument 'cmake_clean_first' from command line to 'False'
[0.255s] Level 5:colcon.colcon_core.verb:set package 'linorobot2_gazebo' build argument 'cmake_force_configure' from command line to 'False'
[0.255s] Level 5:colcon.colcon_core.verb:set package 'linorobot2_gazebo' build argument 'ament_cmake_args' from command line to 'None'
[0.255s] Level 5:colcon.colcon_core.verb:set package 'linorobot2_gazebo' build argument 'catkin_cmake_args' from command line to 'None'
[0.255s] Level 5:colcon.colcon_core.verb:set package 'linorobot2_gazebo' build argument 'catkin_skip_building_tests' from command line to 'False'
[0.255s] DEBUG:colcon.colcon_core.verb:Building package 'linorobot2_gazebo' with the following arguments: {'ament_cmake_args': None, 'build_base': '/home/ieee/robot_ws/build/linorobot2_gazebo', 'catkin_cmake_args': None, 'catkin_skip_building_tests': False, 'cmake_args': None, 'cmake_clean_cache': False, 'cmake_clean_first': False, 'cmake_force_configure': False, 'cmake_target': None, 'cmake_target_skip_unavailable': False, 'install_base': '/home/ieee/robot_ws/install/linorobot2_gazebo', 'merge_install': False, 'path': '/home/ieee/robot_ws/src/src/linorobot2/linorobot2_gazebo', 'symlink_install': False, 'test_result_base': None}
[0.255s] Level 5:colcon.colcon_core.verb:set package 'linorobot2_navigation' build argument 'cmake_args' from command line to 'None'
[0.255s] Level 5:colcon.colcon_core.verb:set package 'linorobot2_navigation' build argument 'cmake_target' from command line to 'None'
[0.255s] Level 5:colcon.colcon_core.verb:set package 'linorobot2_navigation' build argument 'cmake_target_skip_unavailable' from command line to 'False'
[0.255s] Level 5:colcon.colcon_core.verb:set package 'linorobot2_navigation' build argument 'cmake_clean_cache' from command line to 'False'
[0.255s] Level 5:colcon.colcon_core.verb:set package 'linorobot2_navigation' build argument 'cmake_clean_first' from command line to 'False'
[0.255s] Level 5:colcon.colcon_core.verb:set package 'linorobot2_navigation' build argument 'cmake_force_configure' from command line to 'False'
[0.255s] Level 5:colcon.colcon_core.verb:set package 'linorobot2_navigation' build argument 'ament_cmake_args' from command line to 'None'
[0.255s] Level 5:colcon.colcon_core.verb:set package 'linorobot2_navigation' build argument 'catkin_cmake_args' from command line to 'None'
[0.255s] Level 5:colcon.colcon_core.verb:set package 'linorobot2_navigation' build argument 'catkin_skip_building_tests' from command line to 'False'
[0.255s] DEBUG:colcon.colcon_core.verb:Building package 'linorobot2_navigation' with the following arguments: {'ament_cmake_args': None, 'build_base': '/home/ieee/robot_ws/build/linorobot2_navigation', 'catkin_cmake_args': None, 'catkin_skip_building_tests': False, 'cmake_args': None, 'cmake_clean_cache': False, 'cmake_clean_first': False, 'cmake_force_configure': False, 'cmake_target': None, 'cmake_target_skip_unavailable': False, 'install_base': '/home/ieee/robot_ws/install/linorobot2_navigation', 'merge_install': False, 'path': '/home/ieee/robot_ws/src/src/linorobot2/linorobot2_navigation', 'symlink_install': False, 'test_result_base': None}
[0.255s] Level 5:colcon.colcon_core.verb:set package 'linorobot2_viz' build argument 'cmake_args' from command line to 'None'
[0.255s] Level 5:colcon.colcon_core.verb:set package 'linorobot2_viz' build argument 'cmake_target' from command line to 'None'
[0.255s] Level 5:colcon.colcon_core.verb:set package 'linorobot2_viz' build argument 'cmake_target_skip_unavailable' from command line to 'False'
[0.255s] Level 5:colcon.colcon_core.verb:set package 'linorobot2_viz' build argument 'cmake_clean_cache' from command line to 'False'
[0.255s] Level 5:colcon.colcon_core.verb:set package 'linorobot2_viz' build argument 'cmake_clean_first' from command line to 'False'
[0.255s] Level 5:colcon.colcon_core.verb:set package 'linorobot2_viz' build argument 'cmake_force_configure' from command line to 'False'
[0.255s] Level 5:colcon.colcon_core.verb:set package 'linorobot2_viz' build argument 'ament_cmake_args' from command line to 'None'
[0.255s] Level 5:colcon.colcon_core.verb:set package 'linorobot2_viz' build argument 'catkin_cmake_args' from command line to 'None'
[0.255s] Level 5:colcon.colcon_core.verb:set package 'linorobot2_viz' build argument 'catkin_skip_building_tests' from command line to 'False'
[0.255s] DEBUG:colcon.colcon_core.verb:Building package 'linorobot2_viz' with the following arguments: {'ament_cmake_args': None, 'build_base': '/home/ieee/robot_ws/build/linorobot2_viz', 'catkin_cmake_args': None, 'catkin_skip_building_tests': False, 'cmake_args': None, 'cmake_clean_cache': False, 'cmake_clean_first': False, 'cmake_force_configure': False, 'cmake_target': None, 'cmake_target_skip_unavailable': False, 'install_base': '/home/ieee/robot_ws/install/linorobot2_viz', 'merge_install': False, 'path': '/home/ieee/robot_ws/src/src/linorobot2_viz', 'symlink_install': False, 'test_result_base': None}
[0.256s] INFO:colcon.colcon_core.executor:Executing jobs using 'parallel' executor
[0.256s] DEBUG:colcon.colcon_parallel_executor.executor.parallel:run_until_complete
[0.256s] INFO:colcon.colcon_ros.task.ament_cmake.build:Building ROS package in '/home/ieee/robot_ws/src/src/linorobot2/linorobot2' with build type 'ament_cmake'
[0.257s] INFO:colcon.colcon_cmake.task.cmake.build:Building CMake package in '/home/ieee/robot_ws/src/src/linorobot2/linorobot2'
[0.258s] INFO:colcon.colcon_core.plugin_system:Skipping extension 'colcon_core.shell.bat': Not used on non-Windows systems
[0.258s] INFO:colcon.colcon_core.shell:Skip shell extension 'powershell' for command environment: Not usable outside of PowerShell
[0.258s] DEBUG:colcon.colcon_core.shell:Skip shell extension 'dsv' for command environment
[0.260s] INFO:colcon.colcon_ros.task.ament_cmake.build:Building ROS package in '/home/ieee/robot_ws/src/src/linorobot2/linorobot2_base' with build type 'ament_cmake'
[0.260s] INFO:colcon.colcon_cmake.task.cmake.build:Building CMake package in '/home/ieee/robot_ws/src/src/linorobot2/linorobot2_base'
[0.260s] INFO:colcon.colcon_core.shell:Skip shell extension 'powershell' for command environment: Not usable outside of PowerShell
[0.260s] DEBUG:colcon.colcon_core.shell:Skip shell extension 'dsv' for command environment
[0.262s] INFO:colcon.colcon_ros.task.ament_cmake.build:Building ROS package in '/home/ieee/robot_ws/src/src/linorobot2/linorobot2_bringup' with build type 'ament_cmake'
[0.262s] INFO:colcon.colcon_cmake.task.cmake.build:Building CMake package in '/home/ieee/robot_ws/src/src/linorobot2/linorobot2_bringup'
[0.262s] INFO:colcon.colcon_core.shell:Skip shell extension 'powershell' for command environment: Not usable outside of PowerShell
[0.262s] DEBUG:colcon.colcon_core.shell:Skip shell extension 'dsv' for command environment
[0.264s] INFO:colcon.colcon_ros.task.ament_cmake.build:Building ROS package in '/home/ieee/robot_ws/src/src/linorobot2/linorobot2_description' with build type 'ament_cmake'
[0.264s] INFO:colcon.colcon_cmake.task.cmake.build:Building CMake package in '/home/ieee/robot_ws/src/src/linorobot2/linorobot2_description'
[0.264s] INFO:colcon.colcon_core.shell:Skip shell extension 'powershell' for command environment: Not usable outside of PowerShell
[0.264s] DEBUG:colcon.colcon_core.shell:Skip shell extension 'dsv' for command environment
[0.265s] INFO:colcon.colcon_ros.task.ament_cmake.build:Building ROS package in '/home/ieee/robot_ws/src/src/linorobot2/linorobot2_gazebo' with build type 'ament_cmake'
[0.266s] INFO:colcon.colcon_cmake.task.cmake.build:Building CMake package in '/home/ieee/robot_ws/src/src/linorobot2/linorobot2_gazebo'
[0.266s] INFO:colcon.colcon_core.shell:Skip shell extension 'powershell' for command environment: Not usable outside of PowerShell
[0.266s] DEBUG:colcon.colcon_core.shell:Skip shell extension 'dsv' for command environment
[0.267s] INFO:colcon.colcon_ros.task.ament_cmake.build:Building ROS package in '/home/ieee/robot_ws/src/src/linorobot2/linorobot2_navigation' with build type 'ament_cmake'
[0.268s] INFO:colcon.colcon_cmake.task.cmake.build:Building CMake package in '/home/ieee/robot_ws/src/src/linorobot2/linorobot2_navigation'
[0.268s] INFO:colcon.colcon_core.shell:Skip shell extension 'powershell' for command environment: Not usable outside of PowerShell
[0.268s] DEBUG:colcon.colcon_core.shell:Skip shell extension 'dsv' for command environment
[0.269s] INFO:colcon.colcon_ros.task.ament_cmake.build:Building ROS package in '/home/ieee/robot_ws/src/src/linorobot2_viz' with build type 'ament_cmake'
[0.269s] INFO:colcon.colcon_cmake.task.cmake.build:Building CMake package in '/home/ieee/robot_ws/src/src/linorobot2_viz'
[0.270s] INFO:colcon.colcon_core.shell:Skip shell extension 'powershell' for command environment: Not usable outside of PowerShell
[0.270s] DEBUG:colcon.colcon_core.shell:Skip shell extension 'dsv' for command environment
[0.275s] DEBUG:colcon.colcon_core.event_handler.log_command:Invoking command in '/home/ieee/robot_ws/build/linorobot2': CMAKE_PREFIX_PATH=/opt/ros/humble /usr/bin/cmake /home/ieee/robot_ws/src/src/linorobot2/linorobot2 -DCMAKE_INSTALL_PREFIX=/home/ieee/robot_ws/install/linorobot2
[0.276s] DEBUG:colcon.colcon_core.event_handler.log_command:Invoking command in '/home/ieee/robot_ws/build/linorobot2_base': CMAKE_PREFIX_PATH=/opt/ros/humble /usr/bin/cmake /home/ieee/robot_ws/src/src/linorobot2/linorobot2_base -DCMAKE_INSTALL_PREFIX=/home/ieee/robot_ws/install/linorobot2_base
[0.277s] DEBUG:colcon.colcon_core.event_handler.log_command:Invoking command in '/home/ieee/robot_ws/build/linorobot2_bringup': CMAKE_PREFIX_PATH=/opt/ros/humble /usr/bin/cmake /home/ieee/robot_ws/src/src/linorobot2/linorobot2_bringup -DCMAKE_INSTALL_PREFIX=/home/ieee/robot_ws/install/linorobot2_bringup
[0.278s] DEBUG:colcon.colcon_core.event_handler.log_command:Invoking command in '/home/ieee/robot_ws/build/linorobot2_description': CMAKE_PREFIX_PATH=/opt/ros/humble /usr/bin/cmake /home/ieee/robot_ws/src/src/linorobot2/linorobot2_description -DCMAKE_INSTALL_PREFIX=/home/ieee/robot_ws/install/linorobot2_description
[0.280s] DEBUG:colcon.colcon_core.event_handler.log_command:Invoking command in '/home/ieee/robot_ws/build/linorobot2_gazebo': CMAKE_PREFIX_PATH=/opt/ros/humble /usr/bin/cmake /home/ieee/robot_ws/src/src/linorobot2/linorobot2_gazebo -DCMAKE_INSTALL_PREFIX=/home/ieee/robot_ws/install/linorobot2_gazebo
[0.282s] DEBUG:colcon.colcon_core.event_handler.log_command:Invoking command in '/home/ieee/robot_ws/build/linorobot2_navigation': CMAKE_PREFIX_PATH=/opt/ros/humble /usr/bin/cmake /home/ieee/robot_ws/src/src/linorobot2/linorobot2_navigation -DCMAKE_INSTALL_PREFIX=/home/ieee/robot_ws/install/linorobot2_navigation
[0.284s] DEBUG:colcon.colcon_core.event_handler.log_command:Invoking command in '/home/ieee/robot_ws/build/linorobot2_viz': CMAKE_PREFIX_PATH=/opt/ros/humble /usr/bin/cmake /home/ieee/robot_ws/src/src/linorobot2_viz -DCMAKE_INSTALL_PREFIX=/home/ieee/robot_ws/install/linorobot2_viz
[0.678s] DEBUG:colcon.colcon_core.event_handler.log_command:Invoked command in '/home/ieee/robot_ws/build/linorobot2_bringup' returned '0': CMAKE_PREFIX_PATH=/opt/ros/humble /usr/bin/cmake /home/ieee/robot_ws/src/src/linorobot2/linorobot2_bringup -DCMAKE_INSTALL_PREFIX=/home/ieee/robot_ws/install/linorobot2_bringup
[0.680s] DEBUG:colcon.colcon_core.event_handler.log_command:Invoking command in '/home/ieee/robot_ws/build/linorobot2_bringup': CMAKE_PREFIX_PATH=/opt/ros/humble /usr/bin/cmake --build /home/ieee/robot_ws/build/linorobot2_bringup -- -j16 -l16
[0.686s] DEBUG:colcon.colcon_core.event_handler.log_command:Invoked command in '/home/ieee/robot_ws/build/linorobot2_base' returned '0': CMAKE_PREFIX_PATH=/opt/ros/humble /usr/bin/cmake /home/ieee/robot_ws/src/src/linorobot2/linorobot2_base -DCMAKE_INSTALL_PREFIX=/home/ieee/robot_ws/install/linorobot2_base
[0.687s] DEBUG:colcon.colcon_core.event_handler.log_command:Invoking command in '/home/ieee/robot_ws/build/linorobot2_base': CMAKE_PREFIX_PATH=/opt/ros/humble /usr/bin/cmake --build /home/ieee/robot_ws/build/linorobot2_base -- -j16 -l16
[0.690s] DEBUG:colcon.colcon_core.event_handler.log_command:Invoked command in '/home/ieee/robot_ws/build/linorobot2_navigation' returned '0': CMAKE_PREFIX_PATH=/opt/ros/humble /usr/bin/cmake /home/ieee/robot_ws/src/src/linorobot2/linorobot2_navigation -DCMAKE_INSTALL_PREFIX=/home/ieee/robot_ws/install/linorobot2_navigation
[0.691s] DEBUG:colcon.colcon_core.event_handler.log_command:Invoking command in '/home/ieee/robot_ws/build/linorobot2_navigation': CMAKE_PREFIX_PATH=/opt/ros/humble /usr/bin/cmake --build /home/ieee/robot_ws/build/linorobot2_navigation -- -j16 -l16
[0.691s] DEBUG:colcon.colcon_core.event_handler.log_command:Invoked command in '/home/ieee/robot_ws/build/linorobot2' returned '0': CMAKE_PREFIX_PATH=/opt/ros/humble /usr/bin/cmake /home/ieee/robot_ws/src/src/linorobot2/linorobot2 -DCMAKE_INSTALL_PREFIX=/home/ieee/robot_ws/install/linorobot2
[0.692s] DEBUG:colcon.colcon_core.event_handler.log_command:Invoking command in '/home/ieee/robot_ws/build/linorobot2': CMAKE_PREFIX_PATH=/opt/ros/humble /usr/bin/cmake --build /home/ieee/robot_ws/build/linorobot2 -- -j16 -l16
[0.703s] DEBUG:colcon.colcon_core.event_handler.log_command:Invoked command in '/home/ieee/robot_ws/build/linorobot2_bringup' returned '0': CMAKE_PREFIX_PATH=/opt/ros/humble /usr/bin/cmake --build /home/ieee/robot_ws/build/linorobot2_bringup -- -j16 -l16
[0.709s] DEBUG:colcon.colcon_core.event_handler.log_command:Invoked command in '/home/ieee/robot_ws/build/linorobot2_base' returned '0': CMAKE_PREFIX_PATH=/opt/ros/humble /usr/bin/cmake --build /home/ieee/robot_ws/build/linorobot2_base -- -j16 -l16
[0.710s] DEBUG:colcon.colcon_core.event_handler.log_command:Invoked command in '/home/ieee/robot_ws/build/linorobot2_viz' returned '0': CMAKE_PREFIX_PATH=/opt/ros/humble /usr/bin/cmake /home/ieee/robot_ws/src/src/linorobot2_viz -DCMAKE_INSTALL_PREFIX=/home/ieee/robot_ws/install/linorobot2_viz
[0.711s] DEBUG:colcon.colcon_core.event_handler.log_command:Invoking command in '/home/ieee/robot_ws/build/linorobot2_viz': CMAKE_PREFIX_PATH=/opt/ros/humble /usr/bin/cmake --build /home/ieee/robot_ws/build/linorobot2_viz -- -j16 -l16
[0.715s] DEBUG:colcon.colcon_core.event_handler.log_command:Invoked command in '/home/ieee/robot_ws/build/linorobot2_navigation' returned '0': CMAKE_PREFIX_PATH=/opt/ros/humble /usr/bin/cmake --build /home/ieee/robot_ws/build/linorobot2_navigation -- -j16 -l16
[0.722s] DEBUG:colcon.colcon_core.event_handler.log_command:Invoking command in '/home/ieee/robot_ws/build/linorobot2_bringup': CMAKE_PREFIX_PATH=/opt/ros/humble /usr/bin/cmake --install /home/ieee/robot_ws/build/linorobot2_bringup
[0.722s] DEBUG:colcon.colcon_core.event_handler.log_command:Invoked command in '/home/ieee/robot_ws/build/linorobot2' returned '0': CMAKE_PREFIX_PATH=/opt/ros/humble /usr/bin/cmake --build /home/ieee/robot_ws/build/linorobot2 -- -j16 -l16
[0.724s] DEBUG:colcon.colcon_core.event_handler.log_command:Invoking command in '/home/ieee/robot_ws/build/linorobot2_base': CMAKE_PREFIX_PATH=/opt/ros/humble /usr/bin/cmake --install /home/ieee/robot_ws/build/linorobot2_base
[0.725s] DEBUG:colcon.colcon_core.event_handler.log_command:Invoked command in '/home/ieee/robot_ws/build/linorobot2_description' returned '0': CMAKE_PREFIX_PATH=/opt/ros/humble /usr/bin/cmake /home/ieee/robot_ws/src/src/linorobot2/linorobot2_description -DCMAKE_INSTALL_PREFIX=/home/ieee/robot_ws/install/linorobot2_description
[0.726s] DEBUG:colcon.colcon_core.event_handler.log_command:Invoking command in '/home/ieee/robot_ws/build/linorobot2_description': CMAKE_PREFIX_PATH=/opt/ros/humble /usr/bin/cmake --build /home/ieee/robot_ws/build/linorobot2_description -- -j16 -l16
[0.730s] DEBUG:colcon.colcon_core.event_handler.log_command:Invoking command in '/home/ieee/robot_ws/build/linorobot2_navigation': CMAKE_PREFIX_PATH=/opt/ros/humble /usr/bin/cmake --install /home/ieee/robot_ws/build/linorobot2_navigation
[0.732s] Level 1:colcon.colcon_core.environment:create_environment_scripts_only(linorobot2_bringup)
[0.732s] DEBUG:colcon.colcon_core.event_handler.log_command:Invoked command in '/home/ieee/robot_ws/build/linorobot2_bringup' returned '0': CMAKE_PREFIX_PATH=/opt/ros/humble /usr/bin/cmake --install /home/ieee/robot_ws/build/linorobot2_bringup
[0.735s] Level 1:colcon.colcon_core.environment:checking '/home/ieee/robot_ws/install/linorobot2_bringup' for CMake module files
[0.736s] Level 1:colcon.colcon_core.environment:checking '/home/ieee/robot_ws/install/linorobot2_bringup' for CMake config files
[0.736s] Level 1:colcon.colcon_core.shell:create_environment_hook('linorobot2_bringup', 'cmake_prefix_path')
[0.737s] INFO:colcon.colcon_core.shell:Creating environment hook '/home/ieee/robot_ws/install/linorobot2_bringup/share/linorobot2_bringup/hook/cmake_prefix_path.ps1'
[0.737s] INFO:colcon.colcon_core.shell:Creating environment descriptor '/home/ieee/robot_ws/install/linorobot2_bringup/share/linorobot2_bringup/hook/cmake_prefix_path.dsv'
[0.739s] INFO:colcon.colcon_core.shell:Creating environment hook '/home/ieee/robot_ws/install/linorobot2_bringup/share/linorobot2_bringup/hook/cmake_prefix_path.sh'
[0.740s] Level 1:colcon.colcon_core.environment:checking '/home/ieee/robot_ws/install/linorobot2_bringup/bin'
[0.740s] Level 1:colcon.colcon_core.environment:checking '/home/ieee/robot_ws/install/linorobot2_bringup/lib/pkgconfig/linorobot2_bringup.pc'
[0.740s] Level 1:colcon.colcon_core.environment:checking '/home/ieee/robot_ws/install/linorobot2_bringup/lib/python3.10/site-packages'
[0.740s] Level 1:colcon.colcon_core.environment:checking '/home/ieee/robot_ws/install/linorobot2_bringup/bin'
[0.741s] INFO:colcon.colcon_core.shell:Creating package script '/home/ieee/robot_ws/install/linorobot2_bringup/share/linorobot2_bringup/package.ps1'
[0.742s] INFO:colcon.colcon_core.shell:Creating package descriptor '/home/ieee/robot_ws/install/linorobot2_bringup/share/linorobot2_bringup/package.dsv'
[0.742s] INFO:colcon.colcon_core.shell:Creating package script '/home/ieee/robot_ws/install/linorobot2_bringup/share/linorobot2_bringup/package.sh'
[0.743s] INFO:colcon.colcon_core.shell:Creating package script '/home/ieee/robot_ws/install/linorobot2_bringup/share/linorobot2_bringup/package.bash'
[0.744s] INFO:colcon.colcon_core.shell:Creating package script '/home/ieee/robot_ws/install/linorobot2_bringup/share/linorobot2_bringup/package.zsh'
[0.745s] Level 1:colcon.colcon_core.environment:create_file_with_runtime_dependencies(/home/ieee/robot_ws/install/linorobot2_bringup/share/colcon-core/packages/linorobot2_bringup)
[0.746s] Level 1:colcon.colcon_core.environment:create_environment_scripts_only(linorobot2_base)
[0.747s] Level 1:colcon.colcon_core.environment:checking '/home/ieee/robot_ws/install/linorobot2_base' for CMake module files
[0.747s] DEBUG:colcon.colcon_core.event_handler.log_command:Invoked command in '/home/ieee/robot_ws/build/linorobot2_base' returned '0': CMAKE_PREFIX_PATH=/opt/ros/humble /usr/bin/cmake --install /home/ieee/robot_ws/build/linorobot2_base
[0.747s] Level 1:colcon.colcon_core.environment:checking '/home/ieee/robot_ws/install/linorobot2_base' for CMake config files
[0.748s] Level 1:colcon.colcon_core.shell:create_environment_hook('linorobot2_base', 'cmake_prefix_path')
[0.748s] INFO:colcon.colcon_core.shell:Creating environment hook '/home/ieee/robot_ws/install/linorobot2_base/share/linorobot2_base/hook/cmake_prefix_path.ps1'
[0.748s] INFO:colcon.colcon_core.shell:Creating environment descriptor '/home/ieee/robot_ws/install/linorobot2_base/share/linorobot2_base/hook/cmake_prefix_path.dsv'
[0.749s] INFO:colcon.colcon_core.shell:Creating environment hook '/home/ieee/robot_ws/install/linorobot2_base/share/linorobot2_base/hook/cmake_prefix_path.sh'
[0.749s] Level 1:colcon.colcon_core.environment:checking '/home/ieee/robot_ws/install/linorobot2_base/bin'
[0.749s] Level 1:colcon.colcon_core.environment:checking '/home/ieee/robot_ws/install/linorobot2_base/lib/pkgconfig/linorobot2_base.pc'
[0.750s] Level 1:colcon.colcon_core.environment:checking '/home/ieee/robot_ws/install/linorobot2_base/lib/python3.10/site-packages'
[0.750s] Level 1:colcon.colcon_core.environment:checking '/home/ieee/robot_ws/install/linorobot2_base/bin'
[0.750s] INFO:colcon.colcon_core.shell:Creating package script '/home/ieee/robot_ws/install/linorobot2_base/share/linorobot2_base/package.ps1'
[0.751s] INFO:colcon.colcon_core.shell:Creating package descriptor '/home/ieee/robot_ws/install/linorobot2_base/share/linorobot2_base/package.dsv'
[0.751s] INFO:colcon.colcon_core.shell:Creating package script '/home/ieee/robot_ws/install/linorobot2_base/share/linorobot2_base/package.sh'
[0.752s] INFO:colcon.colcon_core.shell:Creating package script '/home/ieee/robot_ws/install/linorobot2_base/share/linorobot2_base/package.bash'
[0.752s] INFO:colcon.colcon_core.shell:Creating package script '/home/ieee/robot_ws/install/linorobot2_base/share/linorobot2_base/package.zsh'
[0.752s] Level 1:colcon.colcon_core.environment:create_file_with_runtime_dependencies(/home/ieee/robot_ws/install/linorobot2_base/share/colcon-core/packages/linorobot2_base)
[0.754s] Level 1:colcon.colcon_core.environment:create_environment_scripts_only(linorobot2_navigation)
[0.754s] Level 1:colcon.colcon_core.environment:checking '/home/ieee/robot_ws/install/linorobot2_navigation' for CMake module files
[0.755s] DEBUG:colcon.colcon_core.event_handler.log_command:Invoked command in '/home/ieee/robot_ws/build/linorobot2_navigation' returned '0': CMAKE_PREFIX_PATH=/opt/ros/humble /usr/bin/cmake --install /home/ieee/robot_ws/build/linorobot2_navigation
[0.755s] Level 1:colcon.colcon_core.environment:checking '/home/ieee/robot_ws/install/linorobot2_navigation' for CMake config files
[0.755s] Level 1:colcon.colcon_core.shell:create_environment_hook('linorobot2_navigation', 'cmake_prefix_path')
[0.756s] INFO:colcon.colcon_core.shell:Creating environment hook '/home/ieee/robot_ws/install/linorobot2_navigation/share/linorobot2_navigation/hook/cmake_prefix_path.ps1'
[0.756s] INFO:colcon.colcon_core.shell:Creating environment descriptor '/home/ieee/robot_ws/install/linorobot2_navigation/share/linorobot2_navigation/hook/cmake_prefix_path.dsv'
[0.757s] INFO:colcon.colcon_core.shell:Creating environment hook '/home/ieee/robot_ws/install/linorobot2_navigation/share/linorobot2_navigation/hook/cmake_prefix_path.sh'
[0.757s] Level 1:colcon.colcon_core.environment:checking '/home/ieee/robot_ws/install/linorobot2_navigation/bin'
[0.757s] Level 1:colcon.colcon_core.environment:checking '/home/ieee/robot_ws/install/linorobot2_navigation/lib/pkgconfig/linorobot2_navigation.pc'
[0.757s] Level 1:colcon.colcon_core.environment:checking '/home/ieee/robot_ws/install/linorobot2_navigation/lib/python3.10/site-packages'
[0.757s] Level 1:colcon.colcon_core.environment:checking '/home/ieee/robot_ws/install/linorobot2_navigation/bin'
[0.758s] INFO:colcon.colcon_core.shell:Creating package script '/home/ieee/robot_ws/install/linorobot2_navigation/share/linorobot2_navigation/package.ps1'
[0.758s] INFO:colcon.colcon_core.shell:Creating package descriptor '/home/ieee/robot_ws/install/linorobot2_navigation/share/linorobot2_navigation/package.dsv'
[0.758s] INFO:colcon.colcon_core.shell:Creating package script '/home/ieee/robot_ws/install/linorobot2_navigation/share/linorobot2_navigation/package.sh'
[0.758s] INFO:colcon.colcon_core.shell:Creating package script '/home/ieee/robot_ws/install/linorobot2_navigation/share/linorobot2_navigation/package.bash'
[0.759s] INFO:colcon.colcon_core.shell:Creating package script '/home/ieee/robot_ws/install/linorobot2_navigation/share/linorobot2_navigation/package.zsh'
[0.759s] Level 1:colcon.colcon_core.environment:create_file_with_runtime_dependencies(/home/ieee/robot_ws/install/linorobot2_navigation/share/colcon-core/packages/linorobot2_navigation)
[0.760s] DEBUG:colcon.colcon_core.event_handler.log_command:Invoked command in '/home/ieee/robot_ws/build/linorobot2_viz' returned '0': CMAKE_PREFIX_PATH=/opt/ros/humble /usr/bin/cmake --build /home/ieee/robot_ws/build/linorobot2_viz -- -j16 -l16
[0.761s] DEBUG:colcon.colcon_core.event_handler.log_command:Invoking command in '/home/ieee/robot_ws/build/linorobot2': CMAKE_PREFIX_PATH=/opt/ros/humble /usr/bin/cmake --install /home/ieee/robot_ws/build/linorobot2
[0.762s] DEBUG:colcon.colcon_core.event_handler.log_command:Invoked command in '/home/ieee/robot_ws/build/linorobot2_description' returned '0': CMAKE_PREFIX_PATH=/opt/ros/humble /usr/bin/cmake --build /home/ieee/robot_ws/build/linorobot2_description -- -j16 -l16
[0.763s] Level 1:colcon.colcon_core.environment:create_environment_scripts_only(linorobot2_bringup)
[0.763s] Level 1:colcon.colcon_core.environment:checking '/home/ieee/robot_ws/install/linorobot2_bringup' for CMake module files
[0.764s] Level 1:colcon.colcon_core.environment:checking '/home/ieee/robot_ws/install/linorobot2_bringup' for CMake config files
[0.764s] Level 1:colcon.colcon_core.shell:create_environment_hook('linorobot2_bringup', 'cmake_prefix_path')
[0.764s] INFO:colcon.colcon_core.shell:Creating environment hook '/home/ieee/robot_ws/install/linorobot2_bringup/share/linorobot2_bringup/hook/cmake_prefix_path.ps1'
[0.765s] INFO:colcon.colcon_core.shell:Creating environment descriptor '/home/ieee/robot_ws/install/linorobot2_bringup/share/linorobot2_bringup/hook/cmake_prefix_path.dsv'
[0.767s] INFO:colcon.colcon_core.shell:Creating environment hook '/home/ieee/robot_ws/install/linorobot2_bringup/share/linorobot2_bringup/hook/cmake_prefix_path.sh'
[0.767s] Level 1:colcon.colcon_core.environment:checking '/home/ieee/robot_ws/install/linorobot2_bringup/bin'
[0.767s] Level 1:colcon.colcon_core.environment:checking '/home/ieee/robot_ws/install/linorobot2_bringup/lib/pkgconfig/linorobot2_bringup.pc'
[0.768s] Level 1:colcon.colcon_core.environment:checking '/home/ieee/robot_ws/install/linorobot2_bringup/lib/python3.10/site-packages'
[0.768s] Level 1:colcon.colcon_core.environment:checking '/home/ieee/robot_ws/install/linorobot2_bringup/bin'
[0.768s] INFO:colcon.colcon_core.shell:Creating package script '/home/ieee/robot_ws/install/linorobot2_bringup/share/linorobot2_bringup/package.ps1'
[0.769s] INFO:colcon.colcon_core.shell:Creating package descriptor '/home/ieee/robot_ws/install/linorobot2_bringup/share/linorobot2_bringup/package.dsv'
[0.769s] INFO:colcon.colcon_core.shell:Creating package script '/home/ieee/robot_ws/install/linorobot2_bringup/share/linorobot2_bringup/package.sh'
[0.770s] INFO:colcon.colcon_core.shell:Creating package script '/home/ieee/robot_ws/install/linorobot2_bringup/share/linorobot2_bringup/package.bash'
[0.770s] INFO:colcon.colcon_core.shell:Creating package script '/home/ieee/robot_ws/install/linorobot2_bringup/share/linorobot2_bringup/package.zsh'
[0.771s] Level 1:colcon.colcon_core.environment:create_file_with_runtime_dependencies(/home/ieee/robot_ws/install/linorobot2_bringup/share/colcon-core/packages/linorobot2_bringup)
[0.772s] Level 1:colcon.colcon_core.environment:create_environment_scripts_only(linorobot2_base)
[0.773s] Level 1:colcon.colcon_core.environment:checking '/home/ieee/robot_ws/install/linorobot2_base' for CMake module files
[0.773s] Level 1:colcon.colcon_core.environment:checking '/home/ieee/robot_ws/install/linorobot2_base' for CMake config files
[0.773s] Level 1:colcon.colcon_core.shell:create_environment_hook('linorobot2_base', 'cmake_prefix_path')
[0.773s] INFO:colcon.colcon_core.shell:Creating environment hook '/home/ieee/robot_ws/install/linorobot2_base/share/linorobot2_base/hook/cmake_prefix_path.ps1'
[0.774s] INFO:colcon.colcon_core.shell:Creating environment descriptor '/home/ieee/robot_ws/install/linorobot2_base/share/linorobot2_base/hook/cmake_prefix_path.dsv'
[0.774s] INFO:colcon.colcon_core.shell:Creating environment hook '/home/ieee/robot_ws/install/linorobot2_base/share/linorobot2_base/hook/cmake_prefix_path.sh'
[0.774s] Level 1:colcon.colcon_core.environment:checking '/home/ieee/robot_ws/install/linorobot2_base/bin'
[0.774s] Level 1:colcon.colcon_core.environment:checking '/home/ieee/robot_ws/install/linorobot2_base/lib/pkgconfig/linorobot2_base.pc'
[0.774s] Level 1:colcon.colcon_core.environment:checking '/home/ieee/robot_ws/install/linorobot2_base/lib/python3.10/site-packages'
[0.775s] Level 1:colcon.colcon_core.environment:checking '/home/ieee/robot_ws/install/linorobot2_base/bin'
[0.775s] INFO:colcon.colcon_core.shell:Creating package script '/home/ieee/robot_ws/install/linorobot2_base/share/linorobot2_base/package.ps1'
[0.775s] INFO:colcon.colcon_core.shell:Creating package descriptor '/home/ieee/robot_ws/install/linorobot2_base/share/linorobot2_base/package.dsv'
[0.775s] INFO:colcon.colcon_core.shell:Creating package script '/home/ieee/robot_ws/install/linorobot2_base/share/linorobot2_base/package.sh'
[0.776s] INFO:colcon.colcon_core.shell:Creating package script '/home/ieee/robot_ws/install/linorobot2_base/share/linorobot2_base/package.bash'
[0.776s] INFO:colcon.colcon_core.shell:Creating package script '/home/ieee/robot_ws/install/linorobot2_base/share/linorobot2_base/package.zsh'
[0.776s] Level 1:colcon.colcon_core.environment:create_file_with_runtime_dependencies(/home/ieee/robot_ws/install/linorobot2_base/share/colcon-core/packages/linorobot2_base)
[0.777s] Level 1:colcon.colcon_core.environment:create_environment_scripts_only(linorobot2_navigation)
[0.777s] Level 1:colcon.colcon_core.environment:checking '/home/ieee/robot_ws/install/linorobot2_navigation' for CMake module files
[0.777s] Level 1:colcon.colcon_core.environment:checking '/home/ieee/robot_ws/install/linorobot2_navigation' for CMake config files
[0.777s] Level 1:colcon.colcon_core.shell:create_environment_hook('linorobot2_navigation', 'cmake_prefix_path')
[0.778s] INFO:colcon.colcon_core.shell:Creating environment hook '/home/ieee/robot_ws/install/linorobot2_navigation/share/linorobot2_navigation/hook/cmake_prefix_path.ps1'
[0.778s] INFO:colcon.colcon_core.shell:Creating environment descriptor '/home/ieee/robot_ws/install/linorobot2_navigation/share/linorobot2_navigation/hook/cmake_prefix_path.dsv'
[0.778s] INFO:colcon.colcon_core.shell:Creating environment hook '/home/ieee/robot_ws/install/linorobot2_navigation/share/linorobot2_navigation/hook/cmake_prefix_path.sh'
[0.778s] Level 1:colcon.colcon_core.environment:checking '/home/ieee/robot_ws/install/linorobot2_navigation/bin'
[0.779s] Level 1:colcon.colcon_core.environment:checking '/home/ieee/robot_ws/install/linorobot2_navigation/lib/pkgconfig/linorobot2_navigation.pc'
[0.779s] Level 1:colcon.colcon_core.environment:checking '/home/ieee/robot_ws/install/linorobot2_navigation/lib/python3.10/site-packages'
[0.779s] Level 1:colcon.colcon_core.environment:checking '/home/ieee/robot_ws/install/linorobot2_navigation/bin'
[0.779s] INFO:colcon.colcon_core.shell:Creating package script '/home/ieee/robot_ws/install/linorobot2_navigation/share/linorobot2_navigation/package.ps1'
[0.779s] INFO:colcon.colcon_core.shell:Creating package descriptor '/home/ieee/robot_ws/install/linorobot2_navigation/share/linorobot2_navigation/package.dsv'
[0.780s] INFO:colcon.colcon_core.shell:Creating package script '/home/ieee/robot_ws/install/linorobot2_navigation/share/linorobot2_navigation/package.sh'
[0.780s] INFO:colcon.colcon_core.shell:Creating package script '/home/ieee/robot_ws/install/linorobot2_navigation/share/linorobot2_navigation/package.bash'
[0.780s] INFO:colcon.colcon_core.shell:Creating package script '/home/ieee/robot_ws/install/linorobot2_navigation/share/linorobot2_navigation/package.zsh'
[0.781s] Level 1:colcon.colcon_core.environment:create_file_with_runtime_dependencies(/home/ieee/robot_ws/install/linorobot2_navigation/share/colcon-core/packages/linorobot2_navigation)
[0.782s] DEBUG:colcon.colcon_core.event_handler.log_command:Invoking command in '/home/ieee/robot_ws/build/linorobot2_viz': CMAKE_PREFIX_PATH=/opt/ros/humble /usr/bin/cmake --install /home/ieee/robot_ws/build/linorobot2_viz
[0.782s] Level 1:colcon.colcon_core.environment:create_environment_scripts_only(linorobot2)
[0.782s] Level 1:colcon.colcon_core.environment:checking '/home/ieee/robot_ws/install/linorobot2' for CMake module files
[0.783s] DEBUG:colcon.colcon_core.event_handler.log_command:Invoked command in '/home/ieee/robot_ws/build/linorobot2' returned '0': CMAKE_PREFIX_PATH=/opt/ros/humble /usr/bin/cmake --install /home/ieee/robot_ws/build/linorobot2
[0.783s] Level 1:colcon.colcon_core.environment:checking '/home/ieee/robot_ws/install/linorobot2' for CMake config files
[0.783s] Level 1:colcon.colcon_core.shell:create_environment_hook('linorobot2', 'cmake_prefix_path')
[0.783s] INFO:colcon.colcon_core.shell:Creating environment hook '/home/ieee/robot_ws/install/linorobot2/share/linorobot2/hook/cmake_prefix_path.ps1'
[0.783s] INFO:colcon.colcon_core.shell:Creating environment descriptor '/home/ieee/robot_ws/install/linorobot2/share/linorobot2/hook/cmake_prefix_path.dsv'
[0.784s] INFO:colcon.colcon_core.shell:Creating environment hook '/home/ieee/robot_ws/install/linorobot2/share/linorobot2/hook/cmake_prefix_path.sh'
[0.784s] Level 1:colcon.colcon_core.environment:checking '/home/ieee/robot_ws/install/linorobot2/bin'
[0.784s] Level 1:colcon.colcon_core.environment:checking '/home/ieee/robot_ws/install/linorobot2/lib/pkgconfig/linorobot2.pc'
[0.785s] Level 1:colcon.colcon_core.environment:checking '/home/ieee/robot_ws/install/linorobot2/lib/python3.10/site-packages'
[0.785s] Level 1:colcon.colcon_core.environment:checking '/home/ieee/robot_ws/install/linorobot2/bin'
[0.785s] INFO:colcon.colcon_core.shell:Creating package script '/home/ieee/robot_ws/install/linorobot2/share/linorobot2/package.ps1'
[0.785s] INFO:colcon.colcon_core.shell:Creating package descriptor '/home/ieee/robot_ws/install/linorobot2/share/linorobot2/package.dsv'
[0.787s] INFO:colcon.colcon_core.shell:Creating package script '/home/ieee/robot_ws/install/linorobot2/share/linorobot2/package.sh'
[0.788s] INFO:colcon.colcon_core.shell:Creating package script '/home/ieee/robot_ws/install/linorobot2/share/linorobot2/package.bash'
[0.788s] INFO:colcon.colcon_core.shell:Creating package script '/home/ieee/robot_ws/install/linorobot2/share/linorobot2/package.zsh'
[0.789s] Level 1:colcon.colcon_core.environment:create_file_with_runtime_dependencies(/home/ieee/robot_ws/install/linorobot2/share/colcon-core/packages/linorobot2)
[0.790s] DEBUG:colcon.colcon_core.event_handler.log_command:Invoking command in '/home/ieee/robot_ws/build/linorobot2_description': CMAKE_PREFIX_PATH=/opt/ros/humble /usr/bin/cmake --install /home/ieee/robot_ws/build/linorobot2_description
[0.791s] Level 1:colcon.colcon_core.environment:create_environment_scripts_only(linorobot2_viz)
[0.791s] Level 1:colcon.colcon_core.environment:checking '/home/ieee/robot_ws/install/linorobot2_viz' for CMake module files
[0.791s] DEBUG:colcon.colcon_core.event_handler.log_command:Invoked command in '/home/ieee/robot_ws/build/linorobot2_viz' returned '0': CMAKE_PREFIX_PATH=/opt/ros/humble /usr/bin/cmake --install /home/ieee/robot_ws/build/linorobot2_viz
[0.792s] Level 1:colcon.colcon_core.environment:checking '/home/ieee/robot_ws/install/linorobot2_viz' for CMake config files
[0.792s] Level 1:colcon.colcon_core.shell:create_environment_hook('linorobot2_viz', 'cmake_prefix_path')
[0.792s] INFO:colcon.colcon_core.shell:Creating environment hook '/home/ieee/robot_ws/install/linorobot2_viz/share/linorobot2_viz/hook/cmake_prefix_path.ps1'
[0.792s] INFO:colcon.colcon_core.shell:Creating environment descriptor '/home/ieee/robot_ws/install/linorobot2_viz/share/linorobot2_viz/hook/cmake_prefix_path.dsv'
[0.792s] INFO:colcon.colcon_core.shell:Creating environment hook '/home/ieee/robot_ws/install/linorobot2_viz/share/linorobot2_viz/hook/cmake_prefix_path.sh'
[0.793s] Level 1:colcon.colcon_core.environment:checking '/home/ieee/robot_ws/install/linorobot2_viz/bin'
[0.793s] Level 1:colcon.colcon_core.environment:checking '/home/ieee/robot_ws/install/linorobot2_viz/lib/pkgconfig/linorobot2_viz.pc'
[0.793s] Level 1:colcon.colcon_core.environment:checking '/home/ieee/robot_ws/install/linorobot2_viz/lib/python3.10/site-packages'
[0.793s] Level 1:colcon.colcon_core.environment:checking '/home/ieee/robot_ws/install/linorobot2_viz/bin'
[0.793s] INFO:colcon.colcon_core.shell:Creating package script '/home/ieee/robot_ws/install/linorobot2_viz/share/linorobot2_viz/package.ps1'
[0.794s] INFO:colcon.colcon_core.shell:Creating package descriptor '/home/ieee/robot_ws/install/linorobot2_viz/share/linorobot2_viz/package.dsv'
[0.794s] INFO:colcon.colcon_core.shell:Creating package script '/home/ieee/robot_ws/install/linorobot2_viz/share/linorobot2_viz/package.sh'
[0.794s] INFO:colcon.colcon_core.shell:Creating package script '/home/ieee/robot_ws/install/linorobot2_viz/share/linorobot2_viz/package.bash'
[0.794s] INFO:colcon.colcon_core.shell:Creating package script '/home/ieee/robot_ws/install/linorobot2_viz/share/linorobot2_viz/package.zsh'
[0.795s] Level 1:colcon.colcon_core.environment:create_file_with_runtime_dependencies(/home/ieee/robot_ws/install/linorobot2_viz/share/colcon-core/packages/linorobot2_viz)
[0.798s] Level 1:colcon.colcon_core.environment:create_environment_scripts_only(linorobot2_description)
[0.799s] Level 1:colcon.colcon_core.environment:checking '/home/ieee/robot_ws/install/linorobot2_description' for CMake module files
[0.799s] DEBUG:colcon.colcon_core.event_handler.log_command:Invoked command in '/home/ieee/robot_ws/build/linorobot2_description' returned '0': CMAKE_PREFIX_PATH=/opt/ros/humble /usr/bin/cmake --install /home/ieee/robot_ws/build/linorobot2_description
[0.799s] Level 1:colcon.colcon_core.environment:checking '/home/ieee/robot_ws/install/linorobot2_description' for CMake config files
[0.799s] Level 1:colcon.colcon_core.shell:create_environment_hook('linorobot2_description', 'cmake_prefix_path')
[0.800s] INFO:colcon.colcon_core.shell:Creating environment hook '/home/ieee/robot_ws/install/linorobot2_description/share/linorobot2_description/hook/cmake_prefix_path.ps1'
[0.800s] INFO:colcon.colcon_core.shell:Creating environment descriptor '/home/ieee/robot_ws/install/linorobot2_description/share/linorobot2_description/hook/cmake_prefix_path.dsv'
[0.800s] INFO:colcon.colcon_core.shell:Creating environment hook '/home/ieee/robot_ws/install/linorobot2_description/share/linorobot2_description/hook/cmake_prefix_path.sh'
[0.800s] Level 1:colcon.colcon_core.environment:checking '/home/ieee/robot_ws/install/linorobot2_description/bin'
[0.801s] Level 1:colcon.colcon_core.environment:checking '/home/ieee/robot_ws/install/linorobot2_description/lib/pkgconfig/linorobot2_description.pc'
[0.801s] Level 1:colcon.colcon_core.environment:checking '/home/ieee/robot_ws/install/linorobot2_description/lib/python3.10/site-packages'
[0.801s] Level 1:colcon.colcon_core.environment:checking '/home/ieee/robot_ws/install/linorobot2_description/bin'
[0.801s] INFO:colcon.colcon_core.shell:Creating package script '/home/ieee/robot_ws/install/linorobot2_description/share/linorobot2_description/package.ps1'
[0.801s] INFO:colcon.colcon_core.shell:Creating package descriptor '/home/ieee/robot_ws/install/linorobot2_description/share/linorobot2_description/package.dsv'
[0.802s] INFO:colcon.colcon_core.shell:Creating package script '/home/ieee/robot_ws/install/linorobot2_description/share/linorobot2_description/package.sh'
[0.802s] INFO:colcon.colcon_core.shell:Creating package script '/home/ieee/robot_ws/install/linorobot2_description/share/linorobot2_description/package.bash'
[0.802s] INFO:colcon.colcon_core.shell:Creating package script '/home/ieee/robot_ws/install/linorobot2_description/share/linorobot2_description/package.zsh'
[0.802s] Level 1:colcon.colcon_core.environment:create_file_with_runtime_dependencies(/home/ieee/robot_ws/install/linorobot2_description/share/colcon-core/packages/linorobot2_description)
[0.803s] Level 1:colcon.colcon_core.environment:create_environment_scripts_only(linorobot2)
[0.804s] Level 1:colcon.colcon_core.environment:checking '/home/ieee/robot_ws/install/linorobot2' for CMake module files
[0.804s] Level 1:colcon.colcon_core.environment:checking '/home/ieee/robot_ws/install/linorobot2' for CMake config files
[0.804s] Level 1:colcon.colcon_core.shell:create_environment_hook('linorobot2', 'cmake_prefix_path')
[0.804s] INFO:colcon.colcon_core.shell:Creating environment hook '/home/ieee/robot_ws/install/linorobot2/share/linorobot2/hook/cmake_prefix_path.ps1'
[0.804s] INFO:colcon.colcon_core.shell:Creating environment descriptor '/home/ieee/robot_ws/install/linorobot2/share/linorobot2/hook/cmake_prefix_path.dsv'
[0.805s] INFO:colcon.colcon_core.shell:Creating environment hook '/home/ieee/robot_ws/install/linorobot2/share/linorobot2/hook/cmake_prefix_path.sh'
[0.805s] Level 1:colcon.colcon_core.environment:checking '/home/ieee/robot_ws/install/linorobot2/bin'
[0.805s] Level 1:colcon.colcon_core.environment:checking '/home/ieee/robot_ws/install/linorobot2/lib/pkgconfig/linorobot2.pc'
[0.805s] Level 1:colcon.colcon_core.environment:checking '/home/ieee/robot_ws/install/linorobot2/lib/python3.10/site-packages'
[0.805s] Level 1:colcon.colcon_core.environment:checking '/home/ieee/robot_ws/install/linorobot2/bin'
[0.806s] INFO:colcon.colcon_core.shell:Creating package script '/home/ieee/robot_ws/install/linorobot2/share/linorobot2/package.ps1'
[0.806s] INFO:colcon.colcon_core.shell:Creating package descriptor '/home/ieee/robot_ws/install/linorobot2/share/linorobot2/package.dsv'
[0.806s] INFO:colcon.colcon_core.shell:Creating package script '/home/ieee/robot_ws/install/linorobot2/share/linorobot2/package.sh'
[0.807s] INFO:colcon.colcon_core.shell:Creating package script '/home/ieee/robot_ws/install/linorobot2/share/linorobot2/package.bash'
[0.807s] INFO:colcon.colcon_core.shell:Creating package script '/home/ieee/robot_ws/install/linorobot2/share/linorobot2/package.zsh'
[0.807s] Level 1:colcon.colcon_core.environment:create_file_with_runtime_dependencies(/home/ieee/robot_ws/install/linorobot2/share/colcon-core/packages/linorobot2)
[0.808s] Level 1:colcon.colcon_core.environment:create_environment_scripts_only(linorobot2_viz)
[0.808s] Level 1:colcon.colcon_core.environment:checking '/home/ieee/robot_ws/install/linorobot2_viz' for CMake module files
[0.809s] Level 1:colcon.colcon_core.environment:checking '/home/ieee/robot_ws/install/linorobot2_viz' for CMake config files
[0.809s] Level 1:colcon.colcon_core.shell:create_environment_hook('linorobot2_viz', 'cmake_prefix_path')
[0.809s] INFO:colcon.colcon_core.shell:Creating environment hook '/home/ieee/robot_ws/install/linorobot2_viz/share/linorobot2_viz/hook/cmake_prefix_path.ps1'
[0.809s] INFO:colcon.colcon_core.shell:Creating environment descriptor '/home/ieee/robot_ws/install/linorobot2_viz/share/linorobot2_viz/hook/cmake_prefix_path.dsv'
[0.810s] INFO:colcon.colcon_core.shell:Creating environment hook '/home/ieee/robot_ws/install/linorobot2_viz/share/linorobot2_viz/hook/cmake_prefix_path.sh'
[0.810s] Level 1:colcon.colcon_core.environment:checking '/home/ieee/robot_ws/install/linorobot2_viz/bin'
[0.810s] Level 1:colcon.colcon_core.environment:checking '/home/ieee/robot_ws/install/linorobot2_viz/lib/pkgconfig/linorobot2_viz.pc'
[0.810s] Level 1:colcon.colcon_core.environment:checking '/home/ieee/robot_ws/install/linorobot2_viz/lib/python3.10/site-packages'
[0.810s] Level 1:colcon.colcon_core.environment:checking '/home/ieee/robot_ws/install/linorobot2_viz/bin'
[0.810s] INFO:colcon.colcon_core.shell:Creating package script '/home/ieee/robot_ws/install/linorobot2_viz/share/linorobot2_viz/package.ps1'
[0.811s] INFO:colcon.colcon_core.shell:Creating package descriptor '/home/ieee/robot_ws/install/linorobot2_viz/share/linorobot2_viz/package.dsv'
[0.811s] INFO:colcon.colcon_core.shell:Creating package script '/home/ieee/robot_ws/install/linorobot2_viz/share/linorobot2_viz/package.sh'
[0.811s] INFO:colcon.colcon_core.shell:Creating package script '/home/ieee/robot_ws/install/linorobot2_viz/share/linorobot2_viz/package.bash'
[0.812s] INFO:colcon.colcon_core.shell:Creating package script '/home/ieee/robot_ws/install/linorobot2_viz/share/linorobot2_viz/package.zsh'
[0.812s] Level 1:colcon.colcon_core.environment:create_file_with_runtime_dependencies(/home/ieee/robot_ws/install/linorobot2_viz/share/colcon-core/packages/linorobot2_viz)
[0.814s] Level 1:colcon.colcon_core.environment:create_environment_scripts_only(linorobot2_description)
[0.814s] Level 1:colcon.colcon_core.environment:checking '/home/ieee/robot_ws/install/linorobot2_description' for CMake module files
[0.814s] Level 1:colcon.colcon_core.environment:checking '/home/ieee/robot_ws/install/linorobot2_description' for CMake config files
[0.815s] Level 1:colcon.colcon_core.shell:create_environment_hook('linorobot2_description', 'cmake_prefix_path')
[0.815s] INFO:colcon.colcon_core.shell:Creating environment hook '/home/ieee/robot_ws/install/linorobot2_description/share/linorobot2_description/hook/cmake_prefix_path.ps1'
[0.815s] INFO:colcon.colcon_core.shell:Creating environment descriptor '/home/ieee/robot_ws/install/linorobot2_description/share/linorobot2_description/hook/cmake_prefix_path.dsv'
[0.815s] INFO:colcon.colcon_core.shell:Creating environment hook '/home/ieee/robot_ws/install/linorobot2_description/share/linorobot2_description/hook/cmake_prefix_path.sh'
[0.816s] Level 1:colcon.colcon_core.environment:checking '/home/ieee/robot_ws/install/linorobot2_description/bin'
[0.816s] Level 1:colcon.colcon_core.environment:checking '/home/ieee/robot_ws/install/linorobot2_description/lib/pkgconfig/linorobot2_description.pc'
[0.816s] Level 1:colcon.colcon_core.environment:checking '/home/ieee/robot_ws/install/linorobot2_description/lib/python3.10/site-packages'
[0.816s] Level 1:colcon.colcon_core.environment:checking '/home/ieee/robot_ws/install/linorobot2_description/bin'
[0.816s] INFO:colcon.colcon_core.shell:Creating package script '/home/ieee/robot_ws/install/linorobot2_description/share/linorobot2_description/package.ps1'
[0.817s] INFO:colcon.colcon_core.shell:Creating package descriptor '/home/ieee/robot_ws/install/linorobot2_description/share/linorobot2_description/package.dsv'
[0.817s] INFO:colcon.colcon_core.shell:Creating package script '/home/ieee/robot_ws/install/linorobot2_description/share/linorobot2_description/package.sh'
[0.817s] INFO:colcon.colcon_core.shell:Creating package script '/home/ieee/robot_ws/install/linorobot2_description/share/linorobot2_description/package.bash'
[0.818s] INFO:colcon.colcon_core.shell:Creating package script '/home/ieee/robot_ws/install/linorobot2_description/share/linorobot2_description/package.zsh'
[0.818s] Level 1:colcon.colcon_core.environment:create_file_with_runtime_dependencies(/home/ieee/robot_ws/install/linorobot2_description/share/colcon-core/packages/linorobot2_description)
[0.995s] DEBUG:colcon.colcon_core.event_handler.log_command:Invoked command in '/home/ieee/robot_ws/build/linorobot2_gazebo' returned '0': CMAKE_PREFIX_PATH=/opt/ros/humble /usr/bin/cmake /home/ieee/robot_ws/src/src/linorobot2/linorobot2_gazebo -DCMAKE_INSTALL_PREFIX=/home/ieee/robot_ws/install/linorobot2_gazebo
[0.996s] DEBUG:colcon.colcon_core.event_handler.log_command:Invoking command in '/home/ieee/robot_ws/build/linorobot2_gazebo': CMAKE_PREFIX_PATH=/opt/ros/humble /usr/bin/cmake --build /home/ieee/robot_ws/build/linorobot2_gazebo -- -j16 -l16
[1.017s] DEBUG:colcon.colcon_core.event_handler.log_command:Invoked command in '/home/ieee/robot_ws/build/linorobot2_gazebo' returned '0': CMAKE_PREFIX_PATH=/opt/ros/humble /usr/bin/cmake --build /home/ieee/robot_ws/build/linorobot2_gazebo -- -j16 -l16
[1.029s] DEBUG:colcon.colcon_core.event_handler.log_command:Invoking command in '/home/ieee/robot_ws/build/linorobot2_gazebo': CMAKE_PREFIX_PATH=/opt/ros/humble /usr/bin/cmake --install /home/ieee/robot_ws/build/linorobot2_gazebo
[1.036s] Level 1:colcon.colcon_core.environment:create_environment_scripts_only(linorobot2_gazebo)
[1.036s] Level 1:colcon.colcon_core.environment:checking '/home/ieee/robot_ws/install/linorobot2_gazebo' for CMake module files
[1.036s] DEBUG:colcon.colcon_core.event_handler.log_command:Invoked command in '/home/ieee/robot_ws/build/linorobot2_gazebo' returned '0': CMAKE_PREFIX_PATH=/opt/ros/humble /usr/bin/cmake --install /home/ieee/robot_ws/build/linorobot2_gazebo
[1.036s] Level 1:colcon.colcon_core.environment:checking '/home/ieee/robot_ws/install/linorobot2_gazebo' for CMake config files
[1.036s] Level 1:colcon.colcon_core.shell:create_environment_hook('linorobot2_gazebo', 'cmake_prefix_path')
[1.037s] INFO:colcon.colcon_core.shell:Creating environment hook '/home/ieee/robot_ws/install/linorobot2_gazebo/share/linorobot2_gazebo/hook/cmake_prefix_path.ps1'
[1.037s] INFO:colcon.colcon_core.shell:Creating environment descriptor '/home/ieee/robot_ws/install/linorobot2_gazebo/share/linorobot2_gazebo/hook/cmake_prefix_path.dsv'
[1.037s] INFO:colcon.colcon_core.shell:Creating environment hook '/home/ieee/robot_ws/install/linorobot2_gazebo/share/linorobot2_gazebo/hook/cmake_prefix_path.sh'
[1.038s] Level 1:colcon.colcon_core.environment:checking '/home/ieee/robot_ws/install/linorobot2_gazebo/lib'
[1.038s] Level 1:colcon.colcon_core.environment:checking '/home/ieee/robot_ws/install/linorobot2_gazebo/bin'
[1.038s] Level 1:colcon.colcon_core.environment:checking '/home/ieee/robot_ws/install/linorobot2_gazebo/lib/pkgconfig/linorobot2_gazebo.pc'
[1.038s] Level 1:colcon.colcon_core.environment:checking '/home/ieee/robot_ws/install/linorobot2_gazebo/lib/python3.10/site-packages'
[1.038s] Level 1:colcon.colcon_core.environment:checking '/home/ieee/robot_ws/install/linorobot2_gazebo/bin'
[1.038s] INFO:colcon.colcon_core.shell:Creating package script '/home/ieee/robot_ws/install/linorobot2_gazebo/share/linorobot2_gazebo/package.ps1'
[1.039s] INFO:colcon.colcon_core.shell:Creating package descriptor '/home/ieee/robot_ws/install/linorobot2_gazebo/share/linorobot2_gazebo/package.dsv'
[1.039s] INFO:colcon.colcon_core.shell:Creating package script '/home/ieee/robot_ws/install/linorobot2_gazebo/share/linorobot2_gazebo/package.sh'
[1.039s] INFO:colcon.colcon_core.shell:Creating package script '/home/ieee/robot_ws/install/linorobot2_gazebo/share/linorobot2_gazebo/package.bash'
[1.039s] INFO:colcon.colcon_core.shell:Creating package script '/home/ieee/robot_ws/install/linorobot2_gazebo/share/linorobot2_gazebo/package.zsh'
[1.040s] Level 1:colcon.colcon_core.environment:create_file_with_runtime_dependencies(/home/ieee/robot_ws/install/linorobot2_gazebo/share/colcon-core/packages/linorobot2_gazebo)
[1.051s] Level 1:colcon.colcon_core.environment:create_environment_scripts_only(linorobot2_gazebo)
[1.052s] Level 1:colcon.colcon_core.environment:checking '/home/ieee/robot_ws/install/linorobot2_gazebo' for CMake module files
[1.052s] Level 1:colcon.colcon_core.environment:checking '/home/ieee/robot_ws/install/linorobot2_gazebo' for CMake config files
[1.052s] Level 1:colcon.colcon_core.shell:create_environment_hook('linorobot2_gazebo', 'cmake_prefix_path')
[1.052s] INFO:colcon.colcon_core.shell:Creating environment hook '/home/ieee/robot_ws/install/linorobot2_gazebo/share/linorobot2_gazebo/hook/cmake_prefix_path.ps1'
[1.053s] INFO:colcon.colcon_core.shell:Creating environment descriptor '/home/ieee/robot_ws/install/linorobot2_gazebo/share/linorobot2_gazebo/hook/cmake_prefix_path.dsv'
[1.053s] INFO:colcon.colcon_core.shell:Creating environment hook '/home/ieee/robot_ws/install/linorobot2_gazebo/share/linorobot2_gazebo/hook/cmake_prefix_path.sh'
[1.053s] Level 1:colcon.colcon_core.environment:checking '/home/ieee/robot_ws/install/linorobot2_gazebo/lib'
[1.053s] Level 1:colcon.colcon_core.environment:checking '/home/ieee/robot_ws/install/linorobot2_gazebo/bin'
[1.053s] Level 1:colcon.colcon_core.environment:checking '/home/ieee/robot_ws/install/linorobot2_gazebo/lib/pkgconfig/linorobot2_gazebo.pc'
[1.053s] Level 1:colcon.colcon_core.environment:checking '/home/ieee/robot_ws/install/linorobot2_gazebo/lib/python3.10/site-packages'
[1.054s] Level 1:colcon.colcon_core.environment:checking '/home/ieee/robot_ws/install/linorobot2_gazebo/bin'
[1.054s] INFO:colcon.colcon_core.shell:Creating package script '/home/ieee/robot_ws/install/linorobot2_gazebo/share/linorobot2_gazebo/package.ps1'
[1.054s] INFO:colcon.colcon_core.shell:Creating package descriptor '/home/ieee/robot_ws/install/linorobot2_gazebo/share/linorobot2_gazebo/package.dsv'
[1.055s] INFO:colcon.colcon_core.shell:Creating package script '/home/ieee/robot_ws/install/linorobot2_gazebo/share/linorobot2_gazebo/package.sh'
[1.055s] INFO:colcon.colcon_core.shell:Creating package script '/home/ieee/robot_ws/install/linorobot2_gazebo/share/linorobot2_gazebo/package.bash'
[1.055s] INFO:colcon.colcon_core.shell:Creating package script '/home/ieee/robot_ws/install/linorobot2_gazebo/share/linorobot2_gazebo/package.zsh'
[1.055s] Level 1:colcon.colcon_core.environment:create_file_with_runtime_dependencies(/home/ieee/robot_ws/install/linorobot2_gazebo/share/colcon-core/packages/linorobot2_gazebo)
[1.056s] DEBUG:colcon.colcon_parallel_executor.executor.parallel:closing loop
[1.056s] DEBUG:colcon.colcon_parallel_executor.executor.parallel:loop closed
[1.056s] DEBUG:colcon.colcon_parallel_executor.executor.parallel:run_until_complete finished with '0'
[1.056s] DEBUG:colcon.colcon_core.event_reactor:joining thread
[1.060s] INFO:colcon.colcon_core.plugin_system:Skipping extension 'colcon_notification.desktop_notification.terminal_notifier': Not used on non-Darwin systems
[1.060s] INFO:colcon.colcon_core.plugin_system:Skipping extension 'colcon_notification.desktop_notification.win32': Not used on non-Windows systems
[1.060s] INFO:colcon.colcon_notification.desktop_notification:Sending desktop notification using 'notify2'
[1.068s] DEBUG:colcon.colcon_core.event_reactor:joined thread
[1.068s] INFO:colcon.colcon_core.shell:Creating prefix script '/home/ieee/robot_ws/install/local_setup.ps1'
[1.069s] INFO:colcon.colcon_core.shell:Creating prefix util module '/home/ieee/robot_ws/install/_local_setup_util_ps1.py'
[1.070s] INFO:colcon.colcon_core.shell:Creating prefix chain script '/home/ieee/robot_ws/install/setup.ps1'
[1.071s] INFO:colcon.colcon_core.shell:Creating prefix script '/home/ieee/robot_ws/install/local_setup.sh'
[1.071s] INFO:colcon.colcon_core.shell:Creating prefix util module '/home/ieee/robot_ws/install/_local_setup_util_sh.py'
[1.071s] INFO:colcon.colcon_core.shell:Creating prefix chain script '/home/ieee/robot_ws/install/setup.sh'
[1.072s] INFO:colcon.colcon_core.shell:Creating prefix script '/home/ieee/robot_ws/install/local_setup.bash'
[1.072s] INFO:colcon.colcon_core.shell:Creating prefix chain script '/home/ieee/robot_ws/install/setup.bash'
[1.073s] INFO:colcon.colcon_core.shell:Creating prefix script '/home/ieee/robot_ws/install/local_setup.zsh'
[1.073s] INFO:colcon.colcon_core.shell:Creating prefix chain script '/home/ieee/robot_ws/install/setup.zsh'
