[0.020s] Invoking command in '/home/ieee/robot_ws/src/build/linorobot2_base': CMAKE_PREFIX_PATH=${CMAKE_PREFIX_PATH}:/opt/ros/humble /usr/bin/cmake --build /home/ieee/robot_ws/src/build/linorobot2_base -- -j16 -l16
[0.042s] Invoked command in '/home/ieee/robot_ws/src/build/linorobot2_base' returned '0': CMAKE_PREFIX_PATH=${CMAKE_PREFIX_PATH}:/opt/ros/humble /usr/bin/cmake --build /home/ieee/robot_ws/src/build/linorobot2_base -- -j16 -l16
[0.060s] Invoking command in '/home/ieee/robot_ws/src/build/linorobot2_base': CMAKE_PREFIX_PATH=${CMAKE_PREFIX_PATH}:/opt/ros/humble /usr/bin/cmake --install /home/ieee/robot_ws/src/build/linorobot2_base
[0.068s] -- Install configuration: ""
[0.069s] -- Up-to-date: /home/ieee/robot_ws/src/install/linorobot2_base/share/linorobot2_base/config
[0.069s] -- Up-to-date: /home/ieee/robot_ws/src/install/linorobot2_base/share/linorobot2_base/config/ekf.yaml
[0.069s] -- Up-to-date: /home/ieee/robot_ws/src/install/linorobot2_base/share/ament_index/resource_index/package_run_dependencies/linorobot2_base
[0.069s] -- Up-to-date: /home/ieee/robot_ws/src/install/linorobot2_base/share/ament_index/resource_index/parent_prefix_path/linorobot2_base
[0.069s] -- Up-to-date: /home/ieee/robot_ws/src/install/linorobot2_base/share/linorobot2_base/environment/ament_prefix_path.sh
[0.069s] -- Up-to-date: /home/ieee/robot_ws/src/install/linorobot2_base/share/linorobot2_base/environment/ament_prefix_path.dsv
[0.069s] -- Up-to-date: /home/ieee/robot_ws/src/install/linorobot2_base/share/linorobot2_base/environment/path.sh
[0.069s] -- Up-to-date: /home/ieee/robot_ws/src/install/linorobot2_base/share/linorobot2_base/environment/path.dsv
[0.069s] -- Up-to-date: /home/ieee/robot_ws/src/install/linorobot2_base/share/linorobot2_base/local_setup.bash
[0.069s] -- Up-to-date: /home/ieee/robot_ws/src/install/linorobot2_base/share/linorobot2_base/local_setup.sh
[0.070s] -- Up-to-date: /home/ieee/robot_ws/src/install/linorobot2_base/share/linorobot2_base/local_setup.zsh
[0.070s] -- Up-to-date: /home/ieee/robot_ws/src/install/linorobot2_base/share/linorobot2_base/local_setup.dsv
[0.071s] -- Installing: /home/ieee/robot_ws/src/install/linorobot2_base/share/linorobot2_base/package.dsv
[0.071s] -- Up-to-date: /home/ieee/robot_ws/src/install/linorobot2_base/share/ament_index/resource_index/packages/linorobot2_base
[0.071s] -- Up-to-date: /home/ieee/robot_ws/src/install/linorobot2_base/share/linorobot2_base/cmake/linorobot2_baseConfig.cmake
[0.071s] -- Up-to-date: /home/ieee/robot_ws/src/install/linorobot2_base/share/linorobot2_base/cmake/linorobot2_baseConfig-version.cmake
[0.071s] -- Up-to-date: /home/ieee/robot_ws/src/install/linorobot2_base/share/linorobot2_base/package.xml
[0.087s] Invoked command in '/home/ieee/robot_ws/src/build/linorobot2_base' returned '0': CMAKE_PREFIX_PATH=${CMAKE_PREFIX_PATH}:/opt/ros/humble /usr/bin/cmake --install /home/ieee/robot_ws/src/build/linorobot2_base
