[0.074s] DEBUG:colcon:Command line arguments: ['/usr/bin/colcon', 'build']
[0.075s] DEBUG:colcon:Parsed command line arguments: Namespace(log_base=None, log_level=None, verb_name='build', build_base='build', install_base='install', merge_install=False, symlink_install=False, test_result_base=None, continue_on_error=False, executor='parallel', parallel_workers=16, event_handlers=None, ignore_user_meta=False, metas=['./colcon.meta'], base_paths=['.'], packages_ignore=None, packages_ignore_regex=None, paths=None, packages_up_to=None, packages_up_to_regex=None, packages_above=None, packages_above_and_dependencies=None, packages_above_depth=None, packages_select_by_dep=None, packages_skip_by_dep=None, packages_skip_up_to=None, packages_select_build_failed=False, packages_skip_build_finished=False, packages_select_test_failures=False, packages_skip_test_passed=False, packages_select=None, packages_skip=None, packages_select_regex=None, packages_skip_regex=None, packages_start=None, packages_end=None, allow_overriding=[], cmake_args=None, cmake_target=None, cmake_target_skip_unavailable=False, cmake_clean_cache=False, cmake_clean_first=False, cmake_force_configure=False, ament_cmake_args=None, catkin_cmake_args=None, catkin_skip_building_tests=False, mixin_files=None, mixin=None, verb_parser=<colcon_mixin.mixin.mixin_argument.MixinArgumentDecorator object at 0x7658d98498d0>, verb_extension=<colcon_core.verb.build.BuildVerb object at 0x7658d995df90>, main=<bound method BuildVerb.main of <colcon_core.verb.build.BuildVerb object at 0x7658d995df90>>, mixin_verb=('build',))
[0.217s] Level 1:colcon.colcon_core.package_discovery:discover_packages(colcon_meta) check parameters
[0.217s] Level 1:colcon.colcon_core.package_discovery:discover_packages(recursive) check parameters
[0.218s] Level 1:colcon.colcon_core.package_discovery:discover_packages(ignore) check parameters
[0.218s] Level 1:colcon.colcon_core.package_discovery:discover_packages(path) check parameters
[0.218s] Level 1:colcon.colcon_core.package_discovery:discover_packages(colcon_meta) discover
[0.218s] Level 1:colcon.colcon_core.package_discovery:discover_packages(recursive) discover
[0.218s] INFO:colcon.colcon_core.package_discovery:Crawling recursively for packages in '/home/ieee/robot_ws/src'
[0.218s] Level 1:colcon.colcon_core.package_identification:_identify(.) by extensions ['ignore', 'ignore_ament_install']
[0.218s] Level 1:colcon.colcon_core.package_identification:_identify(.) by extension 'ignore'
[0.218s] Level 1:colcon.colcon_core.package_identification:_identify(.) by extension 'ignore_ament_install'
[0.218s] Level 1:colcon.colcon_core.package_identification:_identify(.) by extensions ['colcon_pkg']
[0.218s] Level 1:colcon.colcon_core.package_identification:_identify(.) by extension 'colcon_pkg'
[0.218s] Level 1:colcon.colcon_core.package_identification:_identify(.) by extensions ['colcon_meta']
[0.218s] Level 1:colcon.colcon_core.package_identification:_identify(.) by extension 'colcon_meta'
[0.218s] Level 1:colcon.colcon_core.package_identification:_identify(.) by extensions ['ros']
[0.218s] Level 1:colcon.colcon_core.package_identification:_identify(.) by extension 'ros'
[0.225s] Level 1:colcon.colcon_core.package_identification:_identify(.) by extensions ['cmake', 'python']
[0.225s] Level 1:colcon.colcon_core.package_identification:_identify(.) by extension 'cmake'
[0.225s] Level 1:colcon.colcon_core.package_identification:_identify(.) by extension 'python'
[0.225s] Level 1:colcon.colcon_core.package_identification:_identify(.) by extensions ['python_setup_py']
[0.225s] Level 1:colcon.colcon_core.package_identification:_identify(.) by extension 'python_setup_py'
[0.226s] Level 1:colcon.colcon_core.package_identification:_identify(build) by extensions ['ignore', 'ignore_ament_install']
[0.226s] Level 1:colcon.colcon_core.package_identification:_identify(build) by extension 'ignore'
[0.226s] Level 1:colcon.colcon_core.package_identification:_identify(build) ignored
[0.226s] Level 1:colcon.colcon_core.package_identification:_identify(install) by extensions ['ignore', 'ignore_ament_install']
[0.226s] Level 1:colcon.colcon_core.package_identification:_identify(install) by extension 'ignore'
[0.226s] Level 1:colcon.colcon_core.package_identification:_identify(install) ignored
[0.226s] Level 1:colcon.colcon_core.package_identification:_identify(log) by extensions ['ignore', 'ignore_ament_install']
[0.226s] Level 1:colcon.colcon_core.package_identification:_identify(log) by extension 'ignore'
[0.226s] Level 1:colcon.colcon_core.package_identification:_identify(log) ignored
[0.226s] Level 1:colcon.colcon_core.package_identification:_identify(src) by extensions ['ignore', 'ignore_ament_install']
[0.226s] Level 1:colcon.colcon_core.package_identification:_identify(src) by extension 'ignore'
[0.226s] Level 1:colcon.colcon_core.package_identification:_identify(src) by extension 'ignore_ament_install'
[0.226s] Level 1:colcon.colcon_core.package_identification:_identify(src) by extensions ['colcon_pkg']
[0.226s] Level 1:colcon.colcon_core.package_identification:_identify(src) by extension 'colcon_pkg'
[0.226s] Level 1:colcon.colcon_core.package_identification:_identify(src) by extensions ['colcon_meta']
[0.226s] Level 1:colcon.colcon_core.package_identification:_identify(src) by extension 'colcon_meta'
[0.226s] Level 1:colcon.colcon_core.package_identification:_identify(src) by extensions ['ros']
[0.226s] Level 1:colcon.colcon_core.package_identification:_identify(src) by extension 'ros'
[0.226s] Level 1:colcon.colcon_core.package_identification:_identify(src) by extensions ['cmake', 'python']
[0.226s] Level 1:colcon.colcon_core.package_identification:_identify(src) by extension 'cmake'
[0.226s] Level 1:colcon.colcon_core.package_identification:_identify(src) by extension 'python'
[0.226s] Level 1:colcon.colcon_core.package_identification:_identify(src) by extensions ['python_setup_py']
[0.226s] Level 1:colcon.colcon_core.package_identification:_identify(src) by extension 'python_setup_py'
[0.227s] Level 1:colcon.colcon_core.package_identification:_identify(src/linorobot2) by extensions ['ignore', 'ignore_ament_install']
[0.227s] Level 1:colcon.colcon_core.package_identification:_identify(src/linorobot2) by extension 'ignore'
[0.227s] Level 1:colcon.colcon_core.package_identification:_identify(src/linorobot2) by extension 'ignore_ament_install'
[0.227s] Level 1:colcon.colcon_core.package_identification:_identify(src/linorobot2) by extensions ['colcon_pkg']
[0.227s] Level 1:colcon.colcon_core.package_identification:_identify(src/linorobot2) by extension 'colcon_pkg'
[0.227s] Level 1:colcon.colcon_core.package_identification:_identify(src/linorobot2) by extensions ['colcon_meta']
[0.227s] Level 1:colcon.colcon_core.package_identification:_identify(src/linorobot2) by extension 'colcon_meta'
[0.227s] Level 1:colcon.colcon_core.package_identification:_identify(src/linorobot2) by extensions ['ros']
[0.227s] Level 1:colcon.colcon_core.package_identification:_identify(src/linorobot2) by extension 'ros'
[0.227s] Level 1:colcon.colcon_core.package_identification:_identify(src/linorobot2) by extensions ['cmake', 'python']
[0.227s] Level 1:colcon.colcon_core.package_identification:_identify(src/linorobot2) by extension 'cmake'
[0.227s] Level 1:colcon.colcon_core.package_identification:_identify(src/linorobot2) by extension 'python'
[0.227s] Level 1:colcon.colcon_core.package_identification:_identify(src/linorobot2) by extensions ['python_setup_py']
[0.227s] Level 1:colcon.colcon_core.package_identification:_identify(src/linorobot2) by extension 'python_setup_py'
[0.227s] Level 1:colcon.colcon_core.package_identification:_identify(src/linorobot2/docker) by extensions ['ignore', 'ignore_ament_install']
[0.227s] Level 1:colcon.colcon_core.package_identification:_identify(src/linorobot2/docker) by extension 'ignore'
[0.227s] Level 1:colcon.colcon_core.package_identification:_identify(src/linorobot2/docker) by extension 'ignore_ament_install'
[0.227s] Level 1:colcon.colcon_core.package_identification:_identify(src/linorobot2/docker) by extensions ['colcon_pkg']
[0.227s] Level 1:colcon.colcon_core.package_identification:_identify(src/linorobot2/docker) by extension 'colcon_pkg'
[0.227s] Level 1:colcon.colcon_core.package_identification:_identify(src/linorobot2/docker) by extensions ['colcon_meta']
[0.227s] Level 1:colcon.colcon_core.package_identification:_identify(src/linorobot2/docker) by extension 'colcon_meta'
[0.227s] Level 1:colcon.colcon_core.package_identification:_identify(src/linorobot2/docker) by extensions ['ros']
[0.227s] Level 1:colcon.colcon_core.package_identification:_identify(src/linorobot2/docker) by extension 'ros'
[0.227s] Level 1:colcon.colcon_core.package_identification:_identify(src/linorobot2/docker) by extensions ['cmake', 'python']
[0.227s] Level 1:colcon.colcon_core.package_identification:_identify(src/linorobot2/docker) by extension 'cmake'
[0.227s] Level 1:colcon.colcon_core.package_identification:_identify(src/linorobot2/docker) by extension 'python'
[0.227s] Level 1:colcon.colcon_core.package_identification:_identify(src/linorobot2/docker) by extensions ['python_setup_py']
[0.227s] Level 1:colcon.colcon_core.package_identification:_identify(src/linorobot2/docker) by extension 'python_setup_py'
[0.228s] Level 1:colcon.colcon_core.package_identification:_identify(src/linorobot2/docs) by extensions ['ignore', 'ignore_ament_install']
[0.228s] Level 1:colcon.colcon_core.package_identification:_identify(src/linorobot2/docs) by extension 'ignore'
[0.228s] Level 1:colcon.colcon_core.package_identification:_identify(src/linorobot2/docs) by extension 'ignore_ament_install'
[0.228s] Level 1:colcon.colcon_core.package_identification:_identify(src/linorobot2/docs) by extensions ['colcon_pkg']
[0.228s] Level 1:colcon.colcon_core.package_identification:_identify(src/linorobot2/docs) by extension 'colcon_pkg'
[0.228s] Level 1:colcon.colcon_core.package_identification:_identify(src/linorobot2/docs) by extensions ['colcon_meta']
[0.228s] Level 1:colcon.colcon_core.package_identification:_identify(src/linorobot2/docs) by extension 'colcon_meta'
[0.228s] Level 1:colcon.colcon_core.package_identification:_identify(src/linorobot2/docs) by extensions ['ros']
[0.228s] Level 1:colcon.colcon_core.package_identification:_identify(src/linorobot2/docs) by extension 'ros'
[0.228s] Level 1:colcon.colcon_core.package_identification:_identify(src/linorobot2/docs) by extensions ['cmake', 'python']
[0.228s] Level 1:colcon.colcon_core.package_identification:_identify(src/linorobot2/docs) by extension 'cmake'
[0.228s] Level 1:colcon.colcon_core.package_identification:_identify(src/linorobot2/docs) by extension 'python'
[0.228s] Level 1:colcon.colcon_core.package_identification:_identify(src/linorobot2/docs) by extensions ['python_setup_py']
[0.228s] Level 1:colcon.colcon_core.package_identification:_identify(src/linorobot2/docs) by extension 'python_setup_py'
[0.228s] Level 1:colcon.colcon_core.package_identification:_identify(src/linorobot2/linorobot2) by extensions ['ignore', 'ignore_ament_install']
[0.228s] Level 1:colcon.colcon_core.package_identification:_identify(src/linorobot2/linorobot2) by extension 'ignore'
[0.228s] Level 1:colcon.colcon_core.package_identification:_identify(src/linorobot2/linorobot2) by extension 'ignore_ament_install'
[0.228s] Level 1:colcon.colcon_core.package_identification:_identify(src/linorobot2/linorobot2) by extensions ['colcon_pkg']
[0.228s] Level 1:colcon.colcon_core.package_identification:_identify(src/linorobot2/linorobot2) by extension 'colcon_pkg'
[0.228s] Level 1:colcon.colcon_core.package_identification:_identify(src/linorobot2/linorobot2) by extensions ['colcon_meta']
[0.228s] Level 1:colcon.colcon_core.package_identification:_identify(src/linorobot2/linorobot2) by extension 'colcon_meta'
[0.228s] Level 1:colcon.colcon_core.package_identification:_identify(src/linorobot2/linorobot2) by extensions ['ros']
[0.228s] Level 1:colcon.colcon_core.package_identification:_identify(src/linorobot2/linorobot2) by extension 'ros'
[0.230s] DEBUG:colcon.colcon_core.package_identification:Package 'src/linorobot2/linorobot2' with type 'ros.ament_cmake' and name 'linorobot2'
[0.230s] Level 1:colcon.colcon_core.package_identification:_identify(src/linorobot2/linorobot2_base) by extensions ['ignore', 'ignore_ament_install']
[0.230s] Level 1:colcon.colcon_core.package_identification:_identify(src/linorobot2/linorobot2_base) by extension 'ignore'
[0.230s] Level 1:colcon.colcon_core.package_identification:_identify(src/linorobot2/linorobot2_base) by extension 'ignore_ament_install'
[0.230s] Level 1:colcon.colcon_core.package_identification:_identify(src/linorobot2/linorobot2_base) by extensions ['colcon_pkg']
[0.230s] Level 1:colcon.colcon_core.package_identification:_identify(src/linorobot2/linorobot2_base) by extension 'colcon_pkg'
[0.230s] Level 1:colcon.colcon_core.package_identification:_identify(src/linorobot2/linorobot2_base) by extensions ['colcon_meta']
[0.230s] Level 1:colcon.colcon_core.package_identification:_identify(src/linorobot2/linorobot2_base) by extension 'colcon_meta'
[0.230s] Level 1:colcon.colcon_core.package_identification:_identify(src/linorobot2/linorobot2_base) by extensions ['ros']
[0.230s] Level 1:colcon.colcon_core.package_identification:_identify(src/linorobot2/linorobot2_base) by extension 'ros'
[0.231s] DEBUG:colcon.colcon_core.package_identification:Package 'src/linorobot2/linorobot2_base' with type 'ros.ament_cmake' and name 'linorobot2_base'
[0.231s] Level 1:colcon.colcon_core.package_identification:_identify(src/linorobot2/linorobot2_bringup) by extensions ['ignore', 'ignore_ament_install']
[0.231s] Level 1:colcon.colcon_core.package_identification:_identify(src/linorobot2/linorobot2_bringup) by extension 'ignore'
[0.231s] Level 1:colcon.colcon_core.package_identification:_identify(src/linorobot2/linorobot2_bringup) by extension 'ignore_ament_install'
[0.231s] Level 1:colcon.colcon_core.package_identification:_identify(src/linorobot2/linorobot2_bringup) by extensions ['colcon_pkg']
[0.231s] Level 1:colcon.colcon_core.package_identification:_identify(src/linorobot2/linorobot2_bringup) by extension 'colcon_pkg'
[0.231s] Level 1:colcon.colcon_core.package_identification:_identify(src/linorobot2/linorobot2_bringup) by extensions ['colcon_meta']
[0.231s] Level 1:colcon.colcon_core.package_identification:_identify(src/linorobot2/linorobot2_bringup) by extension 'colcon_meta'
[0.231s] Level 1:colcon.colcon_core.package_identification:_identify(src/linorobot2/linorobot2_bringup) by extensions ['ros']
[0.231s] Level 1:colcon.colcon_core.package_identification:_identify(src/linorobot2/linorobot2_bringup) by extension 'ros'
[0.231s] DEBUG:colcon.colcon_core.package_identification:Package 'src/linorobot2/linorobot2_bringup' with type 'ros.ament_cmake' and name 'linorobot2_bringup'
[0.231s] Level 1:colcon.colcon_core.package_identification:_identify(src/linorobot2/linorobot2_description) by extensions ['ignore', 'ignore_ament_install']
[0.231s] Level 1:colcon.colcon_core.package_identification:_identify(src/linorobot2/linorobot2_description) by extension 'ignore'
[0.232s] Level 1:colcon.colcon_core.package_identification:_identify(src/linorobot2/linorobot2_description) by extension 'ignore_ament_install'
[0.232s] Level 1:colcon.colcon_core.package_identification:_identify(src/linorobot2/linorobot2_description) by extensions ['colcon_pkg']
[0.232s] Level 1:colcon.colcon_core.package_identification:_identify(src/linorobot2/linorobot2_description) by extension 'colcon_pkg'
[0.232s] Level 1:colcon.colcon_core.package_identification:_identify(src/linorobot2/linorobot2_description) by extensions ['colcon_meta']
[0.232s] Level 1:colcon.colcon_core.package_identification:_identify(src/linorobot2/linorobot2_description) by extension 'colcon_meta'
[0.232s] Level 1:colcon.colcon_core.package_identification:_identify(src/linorobot2/linorobot2_description) by extensions ['ros']
[0.232s] Level 1:colcon.colcon_core.package_identification:_identify(src/linorobot2/linorobot2_description) by extension 'ros'
[0.232s] DEBUG:colcon.colcon_core.package_identification:Package 'src/linorobot2/linorobot2_description' with type 'ros.ament_cmake' and name 'linorobot2_description'
[0.232s] Level 1:colcon.colcon_core.package_identification:_identify(src/linorobot2/linorobot2_gazebo) by extensions ['ignore', 'ignore_ament_install']
[0.232s] Level 1:colcon.colcon_core.package_identification:_identify(src/linorobot2/linorobot2_gazebo) by extension 'ignore'
[0.232s] Level 1:colcon.colcon_core.package_identification:_identify(src/linorobot2/linorobot2_gazebo) by extension 'ignore_ament_install'
[0.232s] Level 1:colcon.colcon_core.package_identification:_identify(src/linorobot2/linorobot2_gazebo) by extensions ['colcon_pkg']
[0.232s] Level 1:colcon.colcon_core.package_identification:_identify(src/linorobot2/linorobot2_gazebo) by extension 'colcon_pkg'
[0.232s] Level 1:colcon.colcon_core.package_identification:_identify(src/linorobot2/linorobot2_gazebo) by extensions ['colcon_meta']
[0.232s] Level 1:colcon.colcon_core.package_identification:_identify(src/linorobot2/linorobot2_gazebo) by extension 'colcon_meta'
[0.232s] Level 1:colcon.colcon_core.package_identification:_identify(src/linorobot2/linorobot2_gazebo) by extensions ['ros']
[0.232s] Level 1:colcon.colcon_core.package_identification:_identify(src/linorobot2/linorobot2_gazebo) by extension 'ros'
[0.233s] DEBUG:colcon.colcon_core.package_identification:Package 'src/linorobot2/linorobot2_gazebo' with type 'ros.ament_cmake' and name 'linorobot2_gazebo'
[0.233s] Level 1:colcon.colcon_core.package_identification:_identify(src/linorobot2/linorobot2_navigation) by extensions ['ignore', 'ignore_ament_install']
[0.233s] Level 1:colcon.colcon_core.package_identification:_identify(src/linorobot2/linorobot2_navigation) by extension 'ignore'
[0.233s] Level 1:colcon.colcon_core.package_identification:_identify(src/linorobot2/linorobot2_navigation) by extension 'ignore_ament_install'
[0.233s] Level 1:colcon.colcon_core.package_identification:_identify(src/linorobot2/linorobot2_navigation) by extensions ['colcon_pkg']
[0.233s] Level 1:colcon.colcon_core.package_identification:_identify(src/linorobot2/linorobot2_navigation) by extension 'colcon_pkg'
[0.233s] Level 1:colcon.colcon_core.package_identification:_identify(src/linorobot2/linorobot2_navigation) by extensions ['colcon_meta']
[0.233s] Level 1:colcon.colcon_core.package_identification:_identify(src/linorobot2/linorobot2_navigation) by extension 'colcon_meta'
[0.233s] Level 1:colcon.colcon_core.package_identification:_identify(src/linorobot2/linorobot2_navigation) by extensions ['ros']
[0.233s] Level 1:colcon.colcon_core.package_identification:_identify(src/linorobot2/linorobot2_navigation) by extension 'ros'
[0.234s] DEBUG:colcon.colcon_core.package_identification:Package 'src/linorobot2/linorobot2_navigation' with type 'ros.ament_cmake' and name 'linorobot2_navigation'
[0.234s] Level 1:colcon.colcon_core.package_discovery:discover_packages(recursive) using defaults
[0.234s] Level 1:colcon.colcon_core.package_discovery:discover_packages(ignore) discover
[0.234s] Level 1:colcon.colcon_core.package_discovery:discover_packages(ignore) using defaults
[0.234s] Level 1:colcon.colcon_core.package_discovery:discover_packages(path) discover
[0.234s] Level 1:colcon.colcon_core.package_discovery:discover_packages(path) using defaults
[0.256s] Level 1:colcon.colcon_core.package_discovery:discover_packages(prefix_path) check parameters
[0.256s] Level 1:colcon.colcon_core.package_discovery:discover_packages(prefix_path) discover
[0.258s] DEBUG:colcon.colcon_installed_package_information.package_discovery:Found 270 installed packages in /opt/ros/humble
[0.259s] Level 1:colcon.colcon_core.package_discovery:discover_packages(prefix_path) using defaults
[0.284s] Level 5:colcon.colcon_core.verb:set package 'linorobot2' build argument 'cmake_args' from command line to 'None'
[0.284s] Level 5:colcon.colcon_core.verb:set package 'linorobot2' build argument 'cmake_target' from command line to 'None'
[0.284s] Level 5:colcon.colcon_core.verb:set package 'linorobot2' build argument 'cmake_target_skip_unavailable' from command line to 'False'
[0.284s] Level 5:colcon.colcon_core.verb:set package 'linorobot2' build argument 'cmake_clean_cache' from command line to 'False'
[0.284s] Level 5:colcon.colcon_core.verb:set package 'linorobot2' build argument 'cmake_clean_first' from command line to 'False'
[0.284s] Level 5:colcon.colcon_core.verb:set package 'linorobot2' build argument 'cmake_force_configure' from command line to 'False'
[0.284s] Level 5:colcon.colcon_core.verb:set package 'linorobot2' build argument 'ament_cmake_args' from command line to 'None'
[0.284s] Level 5:colcon.colcon_core.verb:set package 'linorobot2' build argument 'catkin_cmake_args' from command line to 'None'
[0.284s] Level 5:colcon.colcon_core.verb:set package 'linorobot2' build argument 'catkin_skip_building_tests' from command line to 'False'
[0.284s] DEBUG:colcon.colcon_core.verb:Building package 'linorobot2' with the following arguments: {'ament_cmake_args': None, 'build_base': '/home/ieee/robot_ws/src/build/linorobot2', 'catkin_cmake_args': None, 'catkin_skip_building_tests': False, 'cmake_args': None, 'cmake_clean_cache': False, 'cmake_clean_first': False, 'cmake_force_configure': False, 'cmake_target': None, 'cmake_target_skip_unavailable': False, 'install_base': '/home/ieee/robot_ws/src/install/linorobot2', 'merge_install': False, 'path': '/home/ieee/robot_ws/src/src/linorobot2/linorobot2', 'symlink_install': False, 'test_result_base': None}
[0.284s] Level 5:colcon.colcon_core.verb:set package 'linorobot2_base' build argument 'cmake_args' from command line to 'None'
[0.284s] Level 5:colcon.colcon_core.verb:set package 'linorobot2_base' build argument 'cmake_target' from command line to 'None'
[0.284s] Level 5:colcon.colcon_core.verb:set package 'linorobot2_base' build argument 'cmake_target_skip_unavailable' from command line to 'False'
[0.284s] Level 5:colcon.colcon_core.verb:set package 'linorobot2_base' build argument 'cmake_clean_cache' from command line to 'False'
[0.284s] Level 5:colcon.colcon_core.verb:set package 'linorobot2_base' build argument 'cmake_clean_first' from command line to 'False'
[0.284s] Level 5:colcon.colcon_core.verb:set package 'linorobot2_base' build argument 'cmake_force_configure' from command line to 'False'
[0.284s] Level 5:colcon.colcon_core.verb:set package 'linorobot2_base' build argument 'ament_cmake_args' from command line to 'None'
[0.284s] Level 5:colcon.colcon_core.verb:set package 'linorobot2_base' build argument 'catkin_cmake_args' from command line to 'None'
[0.284s] Level 5:colcon.colcon_core.verb:set package 'linorobot2_base' build argument 'catkin_skip_building_tests' from command line to 'False'
[0.284s] DEBUG:colcon.colcon_core.verb:Building package 'linorobot2_base' with the following arguments: {'ament_cmake_args': None, 'build_base': '/home/ieee/robot_ws/src/build/linorobot2_base', 'catkin_cmake_args': None, 'catkin_skip_building_tests': False, 'cmake_args': None, 'cmake_clean_cache': False, 'cmake_clean_first': False, 'cmake_force_configure': False, 'cmake_target': None, 'cmake_target_skip_unavailable': False, 'install_base': '/home/ieee/robot_ws/src/install/linorobot2_base', 'merge_install': False, 'path': '/home/ieee/robot_ws/src/src/linorobot2/linorobot2_base', 'symlink_install': False, 'test_result_base': None}
[0.285s] Level 5:colcon.colcon_core.verb:set package 'linorobot2_bringup' build argument 'cmake_args' from command line to 'None'
[0.285s] Level 5:colcon.colcon_core.verb:set package 'linorobot2_bringup' build argument 'cmake_target' from command line to 'None'
[0.285s] Level 5:colcon.colcon_core.verb:set package 'linorobot2_bringup' build argument 'cmake_target_skip_unavailable' from command line to 'False'
[0.285s] Level 5:colcon.colcon_core.verb:set package 'linorobot2_bringup' build argument 'cmake_clean_cache' from command line to 'False'
[0.285s] Level 5:colcon.colcon_core.verb:set package 'linorobot2_bringup' build argument 'cmake_clean_first' from command line to 'False'
[0.285s] Level 5:colcon.colcon_core.verb:set package 'linorobot2_bringup' build argument 'cmake_force_configure' from command line to 'False'
[0.285s] Level 5:colcon.colcon_core.verb:set package 'linorobot2_bringup' build argument 'ament_cmake_args' from command line to 'None'
[0.285s] Level 5:colcon.colcon_core.verb:set package 'linorobot2_bringup' build argument 'catkin_cmake_args' from command line to 'None'
[0.285s] Level 5:colcon.colcon_core.verb:set package 'linorobot2_bringup' build argument 'catkin_skip_building_tests' from command line to 'False'
[0.285s] DEBUG:colcon.colcon_core.verb:Building package 'linorobot2_bringup' with the following arguments: {'ament_cmake_args': None, 'build_base': '/home/ieee/robot_ws/src/build/linorobot2_bringup', 'catkin_cmake_args': None, 'catkin_skip_building_tests': False, 'cmake_args': None, 'cmake_clean_cache': False, 'cmake_clean_first': False, 'cmake_force_configure': False, 'cmake_target': None, 'cmake_target_skip_unavailable': False, 'install_base': '/home/ieee/robot_ws/src/install/linorobot2_bringup', 'merge_install': False, 'path': '/home/ieee/robot_ws/src/src/linorobot2/linorobot2_bringup', 'symlink_install': False, 'test_result_base': None}
[0.285s] Level 5:colcon.colcon_core.verb:set package 'linorobot2_description' build argument 'cmake_args' from command line to 'None'
[0.285s] Level 5:colcon.colcon_core.verb:set package 'linorobot2_description' build argument 'cmake_target' from command line to 'None'
[0.285s] Level 5:colcon.colcon_core.verb:set package 'linorobot2_description' build argument 'cmake_target_skip_unavailable' from command line to 'False'
[0.285s] Level 5:colcon.colcon_core.verb:set package 'linorobot2_description' build argument 'cmake_clean_cache' from command line to 'False'
[0.285s] Level 5:colcon.colcon_core.verb:set package 'linorobot2_description' build argument 'cmake_clean_first' from command line to 'False'
[0.285s] Level 5:colcon.colcon_core.verb:set package 'linorobot2_description' build argument 'cmake_force_configure' from command line to 'False'
[0.285s] Level 5:colcon.colcon_core.verb:set package 'linorobot2_description' build argument 'ament_cmake_args' from command line to 'None'
[0.285s] Level 5:colcon.colcon_core.verb:set package 'linorobot2_description' build argument 'catkin_cmake_args' from command line to 'None'
[0.285s] Level 5:colcon.colcon_core.verb:set package 'linorobot2_description' build argument 'catkin_skip_building_tests' from command line to 'False'
[0.285s] DEBUG:colcon.colcon_core.verb:Building package 'linorobot2_description' with the following arguments: {'ament_cmake_args': None, 'build_base': '/home/ieee/robot_ws/src/build/linorobot2_description', 'catkin_cmake_args': None, 'catkin_skip_building_tests': False, 'cmake_args': None, 'cmake_clean_cache': False, 'cmake_clean_first': False, 'cmake_force_configure': False, 'cmake_target': None, 'cmake_target_skip_unavailable': False, 'install_base': '/home/ieee/robot_ws/src/install/linorobot2_description', 'merge_install': False, 'path': '/home/ieee/robot_ws/src/src/linorobot2/linorobot2_description', 'symlink_install': False, 'test_result_base': None}
[0.285s] Level 5:colcon.colcon_core.verb:set package 'linorobot2_gazebo' build argument 'cmake_args' from command line to 'None'
[0.285s] Level 5:colcon.colcon_core.verb:set package 'linorobot2_gazebo' build argument 'cmake_target' from command line to 'None'
[0.285s] Level 5:colcon.colcon_core.verb:set package 'linorobot2_gazebo' build argument 'cmake_target_skip_unavailable' from command line to 'False'
[0.285s] Level 5:colcon.colcon_core.verb:set package 'linorobot2_gazebo' build argument 'cmake_clean_cache' from command line to 'False'
[0.285s] Level 5:colcon.colcon_core.verb:set package 'linorobot2_gazebo' build argument 'cmake_clean_first' from command line to 'False'
[0.285s] Level 5:colcon.colcon_core.verb:set package 'linorobot2_gazebo' build argument 'cmake_force_configure' from command line to 'False'
[0.285s] Level 5:colcon.colcon_core.verb:set package 'linorobot2_gazebo' build argument 'ament_cmake_args' from command line to 'None'
[0.285s] Level 5:colcon.colcon_core.verb:set package 'linorobot2_gazebo' build argument 'catkin_cmake_args' from command line to 'None'
[0.286s] Level 5:colcon.colcon_core.verb:set package 'linorobot2_gazebo' build argument 'catkin_skip_building_tests' from command line to 'False'
[0.286s] DEBUG:colcon.colcon_core.verb:Building package 'linorobot2_gazebo' with the following arguments: {'ament_cmake_args': None, 'build_base': '/home/ieee/robot_ws/src/build/linorobot2_gazebo', 'catkin_cmake_args': None, 'catkin_skip_building_tests': False, 'cmake_args': None, 'cmake_clean_cache': False, 'cmake_clean_first': False, 'cmake_force_configure': False, 'cmake_target': None, 'cmake_target_skip_unavailable': False, 'install_base': '/home/ieee/robot_ws/src/install/linorobot2_gazebo', 'merge_install': False, 'path': '/home/ieee/robot_ws/src/src/linorobot2/linorobot2_gazebo', 'symlink_install': False, 'test_result_base': None}
[0.286s] Level 5:colcon.colcon_core.verb:set package 'linorobot2_navigation' build argument 'cmake_args' from command line to 'None'
[0.286s] Level 5:colcon.colcon_core.verb:set package 'linorobot2_navigation' build argument 'cmake_target' from command line to 'None'
[0.286s] Level 5:colcon.colcon_core.verb:set package 'linorobot2_navigation' build argument 'cmake_target_skip_unavailable' from command line to 'False'
[0.286s] Level 5:colcon.colcon_core.verb:set package 'linorobot2_navigation' build argument 'cmake_clean_cache' from command line to 'False'
[0.286s] Level 5:colcon.colcon_core.verb:set package 'linorobot2_navigation' build argument 'cmake_clean_first' from command line to 'False'
[0.286s] Level 5:colcon.colcon_core.verb:set package 'linorobot2_navigation' build argument 'cmake_force_configure' from command line to 'False'
[0.286s] Level 5:colcon.colcon_core.verb:set package 'linorobot2_navigation' build argument 'ament_cmake_args' from command line to 'None'
[0.286s] Level 5:colcon.colcon_core.verb:set package 'linorobot2_navigation' build argument 'catkin_cmake_args' from command line to 'None'
[0.286s] Level 5:colcon.colcon_core.verb:set package 'linorobot2_navigation' build argument 'catkin_skip_building_tests' from command line to 'False'
[0.286s] DEBUG:colcon.colcon_core.verb:Building package 'linorobot2_navigation' with the following arguments: {'ament_cmake_args': None, 'build_base': '/home/ieee/robot_ws/src/build/linorobot2_navigation', 'catkin_cmake_args': None, 'catkin_skip_building_tests': False, 'cmake_args': None, 'cmake_clean_cache': False, 'cmake_clean_first': False, 'cmake_force_configure': False, 'cmake_target': None, 'cmake_target_skip_unavailable': False, 'install_base': '/home/ieee/robot_ws/src/install/linorobot2_navigation', 'merge_install': False, 'path': '/home/ieee/robot_ws/src/src/linorobot2/linorobot2_navigation', 'symlink_install': False, 'test_result_base': None}
[0.286s] INFO:colcon.colcon_core.executor:Executing jobs using 'parallel' executor
[0.287s] DEBUG:colcon.colcon_parallel_executor.executor.parallel:run_until_complete
[0.287s] INFO:colcon.colcon_ros.task.ament_cmake.build:Building ROS package in '/home/ieee/robot_ws/src/src/linorobot2/linorobot2' with build type 'ament_cmake'
[0.287s] INFO:colcon.colcon_cmake.task.cmake.build:Building CMake package in '/home/ieee/robot_ws/src/src/linorobot2/linorobot2'
[0.289s] INFO:colcon.colcon_core.plugin_system:Skipping extension 'colcon_core.shell.bat': Not used on non-Windows systems
[0.289s] INFO:colcon.colcon_core.shell:Skip shell extension 'powershell' for command environment: Not usable outside of PowerShell
[0.289s] DEBUG:colcon.colcon_core.shell:Skip shell extension 'dsv' for command environment
[0.290s] INFO:colcon.colcon_ros.task.ament_cmake.build:Building ROS package in '/home/ieee/robot_ws/src/src/linorobot2/linorobot2_base' with build type 'ament_cmake'
[0.291s] INFO:colcon.colcon_cmake.task.cmake.build:Building CMake package in '/home/ieee/robot_ws/src/src/linorobot2/linorobot2_base'
[0.291s] INFO:colcon.colcon_core.shell:Skip shell extension 'powershell' for command environment: Not usable outside of PowerShell
[0.291s] DEBUG:colcon.colcon_core.shell:Skip shell extension 'dsv' for command environment
[0.292s] INFO:colcon.colcon_ros.task.ament_cmake.build:Building ROS package in '/home/ieee/robot_ws/src/src/linorobot2/linorobot2_bringup' with build type 'ament_cmake'
[0.292s] INFO:colcon.colcon_cmake.task.cmake.build:Building CMake package in '/home/ieee/robot_ws/src/src/linorobot2/linorobot2_bringup'
[0.293s] INFO:colcon.colcon_core.shell:Skip shell extension 'powershell' for command environment: Not usable outside of PowerShell
[0.293s] DEBUG:colcon.colcon_core.shell:Skip shell extension 'dsv' for command environment
[0.294s] INFO:colcon.colcon_ros.task.ament_cmake.build:Building ROS package in '/home/ieee/robot_ws/src/src/linorobot2/linorobot2_description' with build type 'ament_cmake'
[0.295s] INFO:colcon.colcon_cmake.task.cmake.build:Building CMake package in '/home/ieee/robot_ws/src/src/linorobot2/linorobot2_description'
[0.295s] INFO:colcon.colcon_core.shell:Skip shell extension 'powershell' for command environment: Not usable outside of PowerShell
[0.295s] DEBUG:colcon.colcon_core.shell:Skip shell extension 'dsv' for command environment
[0.296s] INFO:colcon.colcon_ros.task.ament_cmake.build:Building ROS package in '/home/ieee/robot_ws/src/src/linorobot2/linorobot2_gazebo' with build type 'ament_cmake'
[0.296s] INFO:colcon.colcon_cmake.task.cmake.build:Building CMake package in '/home/ieee/robot_ws/src/src/linorobot2/linorobot2_gazebo'
[0.297s] INFO:colcon.colcon_core.shell:Skip shell extension 'powershell' for command environment: Not usable outside of PowerShell
[0.297s] DEBUG:colcon.colcon_core.shell:Skip shell extension 'dsv' for command environment
[0.298s] INFO:colcon.colcon_ros.task.ament_cmake.build:Building ROS package in '/home/ieee/robot_ws/src/src/linorobot2/linorobot2_navigation' with build type 'ament_cmake'
[0.298s] INFO:colcon.colcon_cmake.task.cmake.build:Building CMake package in '/home/ieee/robot_ws/src/src/linorobot2/linorobot2_navigation'
[0.298s] INFO:colcon.colcon_core.shell:Skip shell extension 'powershell' for command environment: Not usable outside of PowerShell
[0.298s] DEBUG:colcon.colcon_core.shell:Skip shell extension 'dsv' for command environment
[0.303s] DEBUG:colcon.colcon_core.event_handler.log_command:Invoking command in '/home/ieee/robot_ws/src/build/linorobot2': CMAKE_PREFIX_PATH=/opt/ros/humble /usr/bin/cmake /home/ieee/robot_ws/src/src/linorobot2/linorobot2 -DCMAKE_INSTALL_PREFIX=/home/ieee/robot_ws/src/install/linorobot2
[0.305s] DEBUG:colcon.colcon_core.event_handler.log_command:Invoking command in '/home/ieee/robot_ws/src/build/linorobot2_base': CMAKE_PREFIX_PATH=/opt/ros/humble /usr/bin/cmake /home/ieee/robot_ws/src/src/linorobot2/linorobot2_base -DCMAKE_INSTALL_PREFIX=/home/ieee/robot_ws/src/install/linorobot2_base
[0.306s] DEBUG:colcon.colcon_core.event_handler.log_command:Invoking command in '/home/ieee/robot_ws/src/build/linorobot2_bringup': CMAKE_PREFIX_PATH=/opt/ros/humble /usr/bin/cmake /home/ieee/robot_ws/src/src/linorobot2/linorobot2_bringup -DCMAKE_INSTALL_PREFIX=/home/ieee/robot_ws/src/install/linorobot2_bringup
[0.308s] DEBUG:colcon.colcon_core.event_handler.log_command:Invoking command in '/home/ieee/robot_ws/src/build/linorobot2_description': CMAKE_PREFIX_PATH=/opt/ros/humble /usr/bin/cmake /home/ieee/robot_ws/src/src/linorobot2/linorobot2_description -DCMAKE_INSTALL_PREFIX=/home/ieee/robot_ws/src/install/linorobot2_description
[0.309s] DEBUG:colcon.colcon_core.event_handler.log_command:Invoking command in '/home/ieee/robot_ws/src/build/linorobot2_gazebo': CMAKE_PREFIX_PATH=/opt/ros/humble /usr/bin/cmake /home/ieee/robot_ws/src/src/linorobot2/linorobot2_gazebo -DCMAKE_INSTALL_PREFIX=/home/ieee/robot_ws/src/install/linorobot2_gazebo
[0.311s] DEBUG:colcon.colcon_core.event_handler.log_command:Invoking command in '/home/ieee/robot_ws/src/build/linorobot2_navigation': CMAKE_PREFIX_PATH=/opt/ros/humble /usr/bin/cmake /home/ieee/robot_ws/src/src/linorobot2/linorobot2_navigation -DCMAKE_INSTALL_PREFIX=/home/ieee/robot_ws/src/install/linorobot2_navigation
[0.788s] DEBUG:colcon.colcon_core.event_handler.log_command:Invoked command in '/home/ieee/robot_ws/src/build/linorobot2_base' returned '0': CMAKE_PREFIX_PATH=/opt/ros/humble /usr/bin/cmake /home/ieee/robot_ws/src/src/linorobot2/linorobot2_base -DCMAKE_INSTALL_PREFIX=/home/ieee/robot_ws/src/install/linorobot2_base
[0.790s] DEBUG:colcon.colcon_core.event_handler.log_command:Invoking command in '/home/ieee/robot_ws/src/build/linorobot2_base': CMAKE_PREFIX_PATH=/opt/ros/humble /usr/bin/cmake --build /home/ieee/robot_ws/src/build/linorobot2_base -- -j16 -l16
[0.790s] DEBUG:colcon.colcon_core.event_handler.log_command:Invoked command in '/home/ieee/robot_ws/src/build/linorobot2' returned '0': CMAKE_PREFIX_PATH=/opt/ros/humble /usr/bin/cmake /home/ieee/robot_ws/src/src/linorobot2/linorobot2 -DCMAKE_INSTALL_PREFIX=/home/ieee/robot_ws/src/install/linorobot2
[0.791s] DEBUG:colcon.colcon_core.event_handler.log_command:Invoking command in '/home/ieee/robot_ws/src/build/linorobot2': CMAKE_PREFIX_PATH=/opt/ros/humble /usr/bin/cmake --build /home/ieee/robot_ws/src/build/linorobot2 -- -j16 -l16
[0.792s] DEBUG:colcon.colcon_core.event_handler.log_command:Invoked command in '/home/ieee/robot_ws/src/build/linorobot2_bringup' returned '0': CMAKE_PREFIX_PATH=/opt/ros/humble /usr/bin/cmake /home/ieee/robot_ws/src/src/linorobot2/linorobot2_bringup -DCMAKE_INSTALL_PREFIX=/home/ieee/robot_ws/src/install/linorobot2_bringup
[0.793s] DEBUG:colcon.colcon_core.event_handler.log_command:Invoking command in '/home/ieee/robot_ws/src/build/linorobot2_bringup': CMAKE_PREFIX_PATH=/opt/ros/humble /usr/bin/cmake --build /home/ieee/robot_ws/src/build/linorobot2_bringup -- -j16 -l16
[0.793s] DEBUG:colcon.colcon_core.event_handler.log_command:Invoked command in '/home/ieee/robot_ws/src/build/linorobot2_navigation' returned '0': CMAKE_PREFIX_PATH=/opt/ros/humble /usr/bin/cmake /home/ieee/robot_ws/src/src/linorobot2/linorobot2_navigation -DCMAKE_INSTALL_PREFIX=/home/ieee/robot_ws/src/install/linorobot2_navigation
[0.794s] DEBUG:colcon.colcon_core.event_handler.log_command:Invoking command in '/home/ieee/robot_ws/src/build/linorobot2_navigation': CMAKE_PREFIX_PATH=/opt/ros/humble /usr/bin/cmake --build /home/ieee/robot_ws/src/build/linorobot2_navigation -- -j16 -l16
[0.812s] DEBUG:colcon.colcon_core.event_handler.log_command:Invoked command in '/home/ieee/robot_ws/src/build/linorobot2_base' returned '0': CMAKE_PREFIX_PATH=/opt/ros/humble /usr/bin/cmake --build /home/ieee/robot_ws/src/build/linorobot2_base -- -j16 -l16
[0.813s] DEBUG:colcon.colcon_core.event_handler.log_command:Invoked command in '/home/ieee/robot_ws/src/build/linorobot2' returned '0': CMAKE_PREFIX_PATH=/opt/ros/humble /usr/bin/cmake --build /home/ieee/robot_ws/src/build/linorobot2 -- -j16 -l16
[0.814s] DEBUG:colcon.colcon_core.event_handler.log_command:Invoked command in '/home/ieee/robot_ws/src/build/linorobot2_bringup' returned '0': CMAKE_PREFIX_PATH=/opt/ros/humble /usr/bin/cmake --build /home/ieee/robot_ws/src/build/linorobot2_bringup -- -j16 -l16
[0.817s] DEBUG:colcon.colcon_core.event_handler.log_command:Invoked command in '/home/ieee/robot_ws/src/build/linorobot2_navigation' returned '0': CMAKE_PREFIX_PATH=/opt/ros/humble /usr/bin/cmake --build /home/ieee/robot_ws/src/build/linorobot2_navigation -- -j16 -l16
[0.819s] DEBUG:colcon.colcon_core.event_handler.log_command:Invoked command in '/home/ieee/robot_ws/src/build/linorobot2_description' returned '0': CMAKE_PREFIX_PATH=/opt/ros/humble /usr/bin/cmake /home/ieee/robot_ws/src/src/linorobot2/linorobot2_description -DCMAKE_INSTALL_PREFIX=/home/ieee/robot_ws/src/install/linorobot2_description
[0.820s] DEBUG:colcon.colcon_core.event_handler.log_command:Invoking command in '/home/ieee/robot_ws/src/build/linorobot2_description': CMAKE_PREFIX_PATH=/opt/ros/humble /usr/bin/cmake --build /home/ieee/robot_ws/src/build/linorobot2_description -- -j16 -l16
[0.829s] DEBUG:colcon.colcon_core.event_handler.log_command:Invoking command in '/home/ieee/robot_ws/src/build/linorobot2_base': CMAKE_PREFIX_PATH=/opt/ros/humble /usr/bin/cmake --install /home/ieee/robot_ws/src/build/linorobot2_base
[0.831s] DEBUG:colcon.colcon_core.event_handler.log_command:Invoking command in '/home/ieee/robot_ws/src/build/linorobot2': CMAKE_PREFIX_PATH=/opt/ros/humble /usr/bin/cmake --install /home/ieee/robot_ws/src/build/linorobot2
[0.832s] DEBUG:colcon.colcon_core.event_handler.log_command:Invoking command in '/home/ieee/robot_ws/src/build/linorobot2_navigation': CMAKE_PREFIX_PATH=/opt/ros/humble /usr/bin/cmake --install /home/ieee/robot_ws/src/build/linorobot2_navigation
[0.832s] DEBUG:colcon.colcon_core.event_handler.log_command:Invoking command in '/home/ieee/robot_ws/src/build/linorobot2_bringup': CMAKE_PREFIX_PATH=/opt/ros/humble /usr/bin/cmake --install /home/ieee/robot_ws/src/build/linorobot2_bringup
[0.839s] Level 1:colcon.colcon_core.environment:create_environment_scripts_only(linorobot2_base)
[0.840s] DEBUG:colcon.colcon_core.event_handler.log_command:Invoked command in '/home/ieee/robot_ws/src/build/linorobot2_base' returned '0': CMAKE_PREFIX_PATH=/opt/ros/humble /usr/bin/cmake --install /home/ieee/robot_ws/src/build/linorobot2_base
[0.843s] Level 1:colcon.colcon_core.environment:checking '/home/ieee/robot_ws/src/install/linorobot2_base' for CMake module files
[0.843s] Level 1:colcon.colcon_core.environment:checking '/home/ieee/robot_ws/src/install/linorobot2_base' for CMake config files
[0.843s] Level 1:colcon.colcon_core.shell:create_environment_hook('linorobot2_base', 'cmake_prefix_path')
[0.843s] INFO:colcon.colcon_core.shell:Creating environment hook '/home/ieee/robot_ws/src/install/linorobot2_base/share/linorobot2_base/hook/cmake_prefix_path.ps1'
[0.844s] INFO:colcon.colcon_core.shell:Creating environment descriptor '/home/ieee/robot_ws/src/install/linorobot2_base/share/linorobot2_base/hook/cmake_prefix_path.dsv'
[0.844s] INFO:colcon.colcon_core.shell:Creating environment hook '/home/ieee/robot_ws/src/install/linorobot2_base/share/linorobot2_base/hook/cmake_prefix_path.sh'
[0.845s] Level 1:colcon.colcon_core.environment:checking '/home/ieee/robot_ws/src/install/linorobot2_base/bin'
[0.845s] Level 1:colcon.colcon_core.environment:checking '/home/ieee/robot_ws/src/install/linorobot2_base/lib/pkgconfig/linorobot2_base.pc'
[0.845s] Level 1:colcon.colcon_core.environment:checking '/home/ieee/robot_ws/src/install/linorobot2_base/lib/python3.10/site-packages'
[0.845s] Level 1:colcon.colcon_core.environment:checking '/home/ieee/robot_ws/src/install/linorobot2_base/bin'
[0.845s] INFO:colcon.colcon_core.shell:Creating package script '/home/ieee/robot_ws/src/install/linorobot2_base/share/linorobot2_base/package.ps1'
[0.846s] INFO:colcon.colcon_core.shell:Creating package descriptor '/home/ieee/robot_ws/src/install/linorobot2_base/share/linorobot2_base/package.dsv'
[0.846s] INFO:colcon.colcon_core.shell:Creating package script '/home/ieee/robot_ws/src/install/linorobot2_base/share/linorobot2_base/package.sh'
[0.847s] INFO:colcon.colcon_core.shell:Creating package script '/home/ieee/robot_ws/src/install/linorobot2_base/share/linorobot2_base/package.bash'
[0.847s] INFO:colcon.colcon_core.shell:Creating package script '/home/ieee/robot_ws/src/install/linorobot2_base/share/linorobot2_base/package.zsh'
[0.848s] Level 1:colcon.colcon_core.environment:create_file_with_runtime_dependencies(/home/ieee/robot_ws/src/install/linorobot2_base/share/colcon-core/packages/linorobot2_base)
[0.849s] Level 1:colcon.colcon_core.environment:create_environment_scripts_only(linorobot2)
[0.849s] Level 1:colcon.colcon_core.environment:checking '/home/ieee/robot_ws/src/install/linorobot2' for CMake module files
[0.849s] DEBUG:colcon.colcon_core.event_handler.log_command:Invoked command in '/home/ieee/robot_ws/src/build/linorobot2' returned '0': CMAKE_PREFIX_PATH=/opt/ros/humble /usr/bin/cmake --install /home/ieee/robot_ws/src/build/linorobot2
[0.849s] Level 1:colcon.colcon_core.environment:checking '/home/ieee/robot_ws/src/install/linorobot2' for CMake config files
[0.850s] Level 1:colcon.colcon_core.shell:create_environment_hook('linorobot2', 'cmake_prefix_path')
[0.850s] INFO:colcon.colcon_core.shell:Creating environment hook '/home/ieee/robot_ws/src/install/linorobot2/share/linorobot2/hook/cmake_prefix_path.ps1'
[0.850s] INFO:colcon.colcon_core.shell:Creating environment descriptor '/home/ieee/robot_ws/src/install/linorobot2/share/linorobot2/hook/cmake_prefix_path.dsv'
[0.850s] INFO:colcon.colcon_core.shell:Creating environment hook '/home/ieee/robot_ws/src/install/linorobot2/share/linorobot2/hook/cmake_prefix_path.sh'
[0.851s] Level 1:colcon.colcon_core.environment:checking '/home/ieee/robot_ws/src/install/linorobot2/bin'
[0.851s] Level 1:colcon.colcon_core.environment:checking '/home/ieee/robot_ws/src/install/linorobot2/lib/pkgconfig/linorobot2.pc'
[0.851s] Level 1:colcon.colcon_core.environment:checking '/home/ieee/robot_ws/src/install/linorobot2/lib/python3.10/site-packages'
[0.851s] Level 1:colcon.colcon_core.environment:checking '/home/ieee/robot_ws/src/install/linorobot2/bin'
[0.851s] INFO:colcon.colcon_core.shell:Creating package script '/home/ieee/robot_ws/src/install/linorobot2/share/linorobot2/package.ps1'
[0.851s] INFO:colcon.colcon_core.shell:Creating package descriptor '/home/ieee/robot_ws/src/install/linorobot2/share/linorobot2/package.dsv'
[0.852s] INFO:colcon.colcon_core.shell:Creating package script '/home/ieee/robot_ws/src/install/linorobot2/share/linorobot2/package.sh'
[0.852s] INFO:colcon.colcon_core.shell:Creating package script '/home/ieee/robot_ws/src/install/linorobot2/share/linorobot2/package.bash'
[0.852s] INFO:colcon.colcon_core.shell:Creating package script '/home/ieee/robot_ws/src/install/linorobot2/share/linorobot2/package.zsh'
[0.852s] Level 1:colcon.colcon_core.environment:create_file_with_runtime_dependencies(/home/ieee/robot_ws/src/install/linorobot2/share/colcon-core/packages/linorobot2)
[0.853s] Level 1:colcon.colcon_core.environment:create_environment_scripts_only(linorobot2_bringup)
[0.854s] Level 1:colcon.colcon_core.environment:checking '/home/ieee/robot_ws/src/install/linorobot2_bringup' for CMake module files
[0.854s] DEBUG:colcon.colcon_core.event_handler.log_command:Invoked command in '/home/ieee/robot_ws/src/build/linorobot2_bringup' returned '0': CMAKE_PREFIX_PATH=/opt/ros/humble /usr/bin/cmake --install /home/ieee/robot_ws/src/build/linorobot2_bringup
[0.854s] Level 1:colcon.colcon_core.environment:checking '/home/ieee/robot_ws/src/install/linorobot2_bringup' for CMake config files
[0.854s] Level 1:colcon.colcon_core.shell:create_environment_hook('linorobot2_bringup', 'cmake_prefix_path')
[0.855s] INFO:colcon.colcon_core.shell:Creating environment hook '/home/ieee/robot_ws/src/install/linorobot2_bringup/share/linorobot2_bringup/hook/cmake_prefix_path.ps1'
[0.855s] INFO:colcon.colcon_core.shell:Creating environment descriptor '/home/ieee/robot_ws/src/install/linorobot2_bringup/share/linorobot2_bringup/hook/cmake_prefix_path.dsv'
[0.855s] INFO:colcon.colcon_core.shell:Creating environment hook '/home/ieee/robot_ws/src/install/linorobot2_bringup/share/linorobot2_bringup/hook/cmake_prefix_path.sh'
[0.855s] Level 1:colcon.colcon_core.environment:checking '/home/ieee/robot_ws/src/install/linorobot2_bringup/bin'
[0.856s] Level 1:colcon.colcon_core.environment:checking '/home/ieee/robot_ws/src/install/linorobot2_bringup/lib/pkgconfig/linorobot2_bringup.pc'
[0.856s] Level 1:colcon.colcon_core.environment:checking '/home/ieee/robot_ws/src/install/linorobot2_bringup/lib/python3.10/site-packages'
[0.856s] Level 1:colcon.colcon_core.environment:checking '/home/ieee/robot_ws/src/install/linorobot2_bringup/bin'
[0.856s] INFO:colcon.colcon_core.shell:Creating package script '/home/ieee/robot_ws/src/install/linorobot2_bringup/share/linorobot2_bringup/package.ps1'
[0.856s] INFO:colcon.colcon_core.shell:Creating package descriptor '/home/ieee/robot_ws/src/install/linorobot2_bringup/share/linorobot2_bringup/package.dsv'
[0.857s] INFO:colcon.colcon_core.shell:Creating package script '/home/ieee/robot_ws/src/install/linorobot2_bringup/share/linorobot2_bringup/package.sh'
[0.857s] INFO:colcon.colcon_core.shell:Creating package script '/home/ieee/robot_ws/src/install/linorobot2_bringup/share/linorobot2_bringup/package.bash'
[0.857s] INFO:colcon.colcon_core.shell:Creating package script '/home/ieee/robot_ws/src/install/linorobot2_bringup/share/linorobot2_bringup/package.zsh'
[0.857s] Level 1:colcon.colcon_core.environment:create_file_with_runtime_dependencies(/home/ieee/robot_ws/src/install/linorobot2_bringup/share/colcon-core/packages/linorobot2_bringup)
[0.858s] Level 1:colcon.colcon_core.environment:create_environment_scripts_only(linorobot2_navigation)
[0.858s] Level 1:colcon.colcon_core.environment:checking '/home/ieee/robot_ws/src/install/linorobot2_navigation' for CMake module files
[0.859s] DEBUG:colcon.colcon_core.event_handler.log_command:Invoked command in '/home/ieee/robot_ws/src/build/linorobot2_navigation' returned '0': CMAKE_PREFIX_PATH=/opt/ros/humble /usr/bin/cmake --install /home/ieee/robot_ws/src/build/linorobot2_navigation
[0.859s] Level 1:colcon.colcon_core.environment:checking '/home/ieee/robot_ws/src/install/linorobot2_navigation' for CMake config files
[0.859s] Level 1:colcon.colcon_core.shell:create_environment_hook('linorobot2_navigation', 'cmake_prefix_path')
[0.859s] INFO:colcon.colcon_core.shell:Creating environment hook '/home/ieee/robot_ws/src/install/linorobot2_navigation/share/linorobot2_navigation/hook/cmake_prefix_path.ps1'
[0.859s] INFO:colcon.colcon_core.shell:Creating environment descriptor '/home/ieee/robot_ws/src/install/linorobot2_navigation/share/linorobot2_navigation/hook/cmake_prefix_path.dsv'
[0.860s] INFO:colcon.colcon_core.shell:Creating environment hook '/home/ieee/robot_ws/src/install/linorobot2_navigation/share/linorobot2_navigation/hook/cmake_prefix_path.sh'
[0.860s] Level 1:colcon.colcon_core.environment:checking '/home/ieee/robot_ws/src/install/linorobot2_navigation/bin'
[0.860s] Level 1:colcon.colcon_core.environment:checking '/home/ieee/robot_ws/src/install/linorobot2_navigation/lib/pkgconfig/linorobot2_navigation.pc'
[0.860s] Level 1:colcon.colcon_core.environment:checking '/home/ieee/robot_ws/src/install/linorobot2_navigation/lib/python3.10/site-packages'
[0.860s] Level 1:colcon.colcon_core.environment:checking '/home/ieee/robot_ws/src/install/linorobot2_navigation/bin'
[0.861s] INFO:colcon.colcon_core.shell:Creating package script '/home/ieee/robot_ws/src/install/linorobot2_navigation/share/linorobot2_navigation/package.ps1'
[0.861s] INFO:colcon.colcon_core.shell:Creating package descriptor '/home/ieee/robot_ws/src/install/linorobot2_navigation/share/linorobot2_navigation/package.dsv'
[0.861s] INFO:colcon.colcon_core.shell:Creating package script '/home/ieee/robot_ws/src/install/linorobot2_navigation/share/linorobot2_navigation/package.sh'
[0.861s] INFO:colcon.colcon_core.shell:Creating package script '/home/ieee/robot_ws/src/install/linorobot2_navigation/share/linorobot2_navigation/package.bash'
[0.862s] INFO:colcon.colcon_core.shell:Creating package script '/home/ieee/robot_ws/src/install/linorobot2_navigation/share/linorobot2_navigation/package.zsh'
[0.862s] Level 1:colcon.colcon_core.environment:create_file_with_runtime_dependencies(/home/ieee/robot_ws/src/install/linorobot2_navigation/share/colcon-core/packages/linorobot2_navigation)
[0.863s] DEBUG:colcon.colcon_core.event_handler.log_command:Invoked command in '/home/ieee/robot_ws/src/build/linorobot2_description' returned '0': CMAKE_PREFIX_PATH=/opt/ros/humble /usr/bin/cmake --build /home/ieee/robot_ws/src/build/linorobot2_description -- -j16 -l16
[0.864s] Level 1:colcon.colcon_core.environment:create_environment_scripts_only(linorobot2_base)
[0.864s] Level 1:colcon.colcon_core.environment:checking '/home/ieee/robot_ws/src/install/linorobot2_base' for CMake module files
[0.864s] Level 1:colcon.colcon_core.environment:checking '/home/ieee/robot_ws/src/install/linorobot2_base' for CMake config files
[0.865s] Level 1:colcon.colcon_core.shell:create_environment_hook('linorobot2_base', 'cmake_prefix_path')
[0.865s] INFO:colcon.colcon_core.shell:Creating environment hook '/home/ieee/robot_ws/src/install/linorobot2_base/share/linorobot2_base/hook/cmake_prefix_path.ps1'
[0.865s] INFO:colcon.colcon_core.shell:Creating environment descriptor '/home/ieee/robot_ws/src/install/linorobot2_base/share/linorobot2_base/hook/cmake_prefix_path.dsv'
[0.865s] INFO:colcon.colcon_core.shell:Creating environment hook '/home/ieee/robot_ws/src/install/linorobot2_base/share/linorobot2_base/hook/cmake_prefix_path.sh'
[0.866s] Level 1:colcon.colcon_core.environment:checking '/home/ieee/robot_ws/src/install/linorobot2_base/bin'
[0.866s] Level 1:colcon.colcon_core.environment:checking '/home/ieee/robot_ws/src/install/linorobot2_base/lib/pkgconfig/linorobot2_base.pc'
[0.866s] Level 1:colcon.colcon_core.environment:checking '/home/ieee/robot_ws/src/install/linorobot2_base/lib/python3.10/site-packages'
[0.866s] Level 1:colcon.colcon_core.environment:checking '/home/ieee/robot_ws/src/install/linorobot2_base/bin'
[0.866s] INFO:colcon.colcon_core.shell:Creating package script '/home/ieee/robot_ws/src/install/linorobot2_base/share/linorobot2_base/package.ps1'
[0.866s] INFO:colcon.colcon_core.shell:Creating package descriptor '/home/ieee/robot_ws/src/install/linorobot2_base/share/linorobot2_base/package.dsv'
[0.867s] INFO:colcon.colcon_core.shell:Creating package script '/home/ieee/robot_ws/src/install/linorobot2_base/share/linorobot2_base/package.sh'
[0.867s] INFO:colcon.colcon_core.shell:Creating package script '/home/ieee/robot_ws/src/install/linorobot2_base/share/linorobot2_base/package.bash'
[0.867s] INFO:colcon.colcon_core.shell:Creating package script '/home/ieee/robot_ws/src/install/linorobot2_base/share/linorobot2_base/package.zsh'
[0.868s] Level 1:colcon.colcon_core.environment:create_file_with_runtime_dependencies(/home/ieee/robot_ws/src/install/linorobot2_base/share/colcon-core/packages/linorobot2_base)
[0.868s] Level 1:colcon.colcon_core.environment:create_environment_scripts_only(linorobot2)
[0.869s] Level 1:colcon.colcon_core.environment:checking '/home/ieee/robot_ws/src/install/linorobot2' for CMake module files
[0.869s] Level 1:colcon.colcon_core.environment:checking '/home/ieee/robot_ws/src/install/linorobot2' for CMake config files
[0.869s] Level 1:colcon.colcon_core.shell:create_environment_hook('linorobot2', 'cmake_prefix_path')
[0.869s] INFO:colcon.colcon_core.shell:Creating environment hook '/home/ieee/robot_ws/src/install/linorobot2/share/linorobot2/hook/cmake_prefix_path.ps1'
[0.870s] INFO:colcon.colcon_core.shell:Creating environment descriptor '/home/ieee/robot_ws/src/install/linorobot2/share/linorobot2/hook/cmake_prefix_path.dsv'
[0.870s] INFO:colcon.colcon_core.shell:Creating environment hook '/home/ieee/robot_ws/src/install/linorobot2/share/linorobot2/hook/cmake_prefix_path.sh'
[0.870s] Level 1:colcon.colcon_core.environment:checking '/home/ieee/robot_ws/src/install/linorobot2/bin'
[0.870s] Level 1:colcon.colcon_core.environment:checking '/home/ieee/robot_ws/src/install/linorobot2/lib/pkgconfig/linorobot2.pc'
[0.871s] Level 1:colcon.colcon_core.environment:checking '/home/ieee/robot_ws/src/install/linorobot2/lib/python3.10/site-packages'
[0.871s] Level 1:colcon.colcon_core.environment:checking '/home/ieee/robot_ws/src/install/linorobot2/bin'
[0.871s] INFO:colcon.colcon_core.shell:Creating package script '/home/ieee/robot_ws/src/install/linorobot2/share/linorobot2/package.ps1'
[0.871s] INFO:colcon.colcon_core.shell:Creating package descriptor '/home/ieee/robot_ws/src/install/linorobot2/share/linorobot2/package.dsv'
[0.872s] INFO:colcon.colcon_core.shell:Creating package script '/home/ieee/robot_ws/src/install/linorobot2/share/linorobot2/package.sh'
[0.872s] INFO:colcon.colcon_core.shell:Creating package script '/home/ieee/robot_ws/src/install/linorobot2/share/linorobot2/package.bash'
[0.872s] INFO:colcon.colcon_core.shell:Creating package script '/home/ieee/robot_ws/src/install/linorobot2/share/linorobot2/package.zsh'
[0.872s] Level 1:colcon.colcon_core.environment:create_file_with_runtime_dependencies(/home/ieee/robot_ws/src/install/linorobot2/share/colcon-core/packages/linorobot2)
[0.873s] Level 1:colcon.colcon_core.environment:create_environment_scripts_only(linorobot2_bringup)
[0.873s] Level 1:colcon.colcon_core.environment:checking '/home/ieee/robot_ws/src/install/linorobot2_bringup' for CMake module files
[0.874s] Level 1:colcon.colcon_core.environment:checking '/home/ieee/robot_ws/src/install/linorobot2_bringup' for CMake config files
[0.874s] Level 1:colcon.colcon_core.shell:create_environment_hook('linorobot2_bringup', 'cmake_prefix_path')
[0.874s] INFO:colcon.colcon_core.shell:Creating environment hook '/home/ieee/robot_ws/src/install/linorobot2_bringup/share/linorobot2_bringup/hook/cmake_prefix_path.ps1'
[0.874s] INFO:colcon.colcon_core.shell:Creating environment descriptor '/home/ieee/robot_ws/src/install/linorobot2_bringup/share/linorobot2_bringup/hook/cmake_prefix_path.dsv'
[0.874s] INFO:colcon.colcon_core.shell:Creating environment hook '/home/ieee/robot_ws/src/install/linorobot2_bringup/share/linorobot2_bringup/hook/cmake_prefix_path.sh'
[0.875s] Level 1:colcon.colcon_core.environment:checking '/home/ieee/robot_ws/src/install/linorobot2_bringup/bin'
[0.875s] Level 1:colcon.colcon_core.environment:checking '/home/ieee/robot_ws/src/install/linorobot2_bringup/lib/pkgconfig/linorobot2_bringup.pc'
[0.875s] Level 1:colcon.colcon_core.environment:checking '/home/ieee/robot_ws/src/install/linorobot2_bringup/lib/python3.10/site-packages'
[0.875s] Level 1:colcon.colcon_core.environment:checking '/home/ieee/robot_ws/src/install/linorobot2_bringup/bin'
[0.875s] INFO:colcon.colcon_core.shell:Creating package script '/home/ieee/robot_ws/src/install/linorobot2_bringup/share/linorobot2_bringup/package.ps1'
[0.876s] INFO:colcon.colcon_core.shell:Creating package descriptor '/home/ieee/robot_ws/src/install/linorobot2_bringup/share/linorobot2_bringup/package.dsv'
[0.876s] INFO:colcon.colcon_core.shell:Creating package script '/home/ieee/robot_ws/src/install/linorobot2_bringup/share/linorobot2_bringup/package.sh'
[0.876s] INFO:colcon.colcon_core.shell:Creating package script '/home/ieee/robot_ws/src/install/linorobot2_bringup/share/linorobot2_bringup/package.bash'
[0.877s] INFO:colcon.colcon_core.shell:Creating package script '/home/ieee/robot_ws/src/install/linorobot2_bringup/share/linorobot2_bringup/package.zsh'
[0.877s] Level 1:colcon.colcon_core.environment:create_file_with_runtime_dependencies(/home/ieee/robot_ws/src/install/linorobot2_bringup/share/colcon-core/packages/linorobot2_bringup)
[0.878s] Level 1:colcon.colcon_core.environment:create_environment_scripts_only(linorobot2_navigation)
[0.878s] Level 1:colcon.colcon_core.environment:checking '/home/ieee/robot_ws/src/install/linorobot2_navigation' for CMake module files
[0.878s] Level 1:colcon.colcon_core.environment:checking '/home/ieee/robot_ws/src/install/linorobot2_navigation' for CMake config files
[0.878s] Level 1:colcon.colcon_core.shell:create_environment_hook('linorobot2_navigation', 'cmake_prefix_path')
[0.878s] INFO:colcon.colcon_core.shell:Creating environment hook '/home/ieee/robot_ws/src/install/linorobot2_navigation/share/linorobot2_navigation/hook/cmake_prefix_path.ps1'
[0.879s] INFO:colcon.colcon_core.shell:Creating environment descriptor '/home/ieee/robot_ws/src/install/linorobot2_navigation/share/linorobot2_navigation/hook/cmake_prefix_path.dsv'
[0.879s] INFO:colcon.colcon_core.shell:Creating environment hook '/home/ieee/robot_ws/src/install/linorobot2_navigation/share/linorobot2_navigation/hook/cmake_prefix_path.sh'
[0.879s] Level 1:colcon.colcon_core.environment:checking '/home/ieee/robot_ws/src/install/linorobot2_navigation/bin'
[0.879s] Level 1:colcon.colcon_core.environment:checking '/home/ieee/robot_ws/src/install/linorobot2_navigation/lib/pkgconfig/linorobot2_navigation.pc'
[0.879s] Level 1:colcon.colcon_core.environment:checking '/home/ieee/robot_ws/src/install/linorobot2_navigation/lib/python3.10/site-packages'
[0.880s] Level 1:colcon.colcon_core.environment:checking '/home/ieee/robot_ws/src/install/linorobot2_navigation/bin'
[0.880s] INFO:colcon.colcon_core.shell:Creating package script '/home/ieee/robot_ws/src/install/linorobot2_navigation/share/linorobot2_navigation/package.ps1'
[0.880s] INFO:colcon.colcon_core.shell:Creating package descriptor '/home/ieee/robot_ws/src/install/linorobot2_navigation/share/linorobot2_navigation/package.dsv'
[0.881s] INFO:colcon.colcon_core.shell:Creating package script '/home/ieee/robot_ws/src/install/linorobot2_navigation/share/linorobot2_navigation/package.sh'
[0.881s] INFO:colcon.colcon_core.shell:Creating package script '/home/ieee/robot_ws/src/install/linorobot2_navigation/share/linorobot2_navigation/package.bash'
[0.881s] INFO:colcon.colcon_core.shell:Creating package script '/home/ieee/robot_ws/src/install/linorobot2_navigation/share/linorobot2_navigation/package.zsh'
[0.882s] Level 1:colcon.colcon_core.environment:create_file_with_runtime_dependencies(/home/ieee/robot_ws/src/install/linorobot2_navigation/share/colcon-core/packages/linorobot2_navigation)
[0.883s] DEBUG:colcon.colcon_core.event_handler.log_command:Invoking command in '/home/ieee/robot_ws/src/build/linorobot2_description': CMAKE_PREFIX_PATH=/opt/ros/humble /usr/bin/cmake --install /home/ieee/robot_ws/src/build/linorobot2_description
[0.890s] Level 1:colcon.colcon_core.environment:create_environment_scripts_only(linorobot2_description)
[0.891s] Level 1:colcon.colcon_core.environment:checking '/home/ieee/robot_ws/src/install/linorobot2_description' for CMake module files
[0.891s] DEBUG:colcon.colcon_core.event_handler.log_command:Invoked command in '/home/ieee/robot_ws/src/build/linorobot2_description' returned '0': CMAKE_PREFIX_PATH=/opt/ros/humble /usr/bin/cmake --install /home/ieee/robot_ws/src/build/linorobot2_description
[0.891s] Level 1:colcon.colcon_core.environment:checking '/home/ieee/robot_ws/src/install/linorobot2_description' for CMake config files
[0.891s] Level 1:colcon.colcon_core.shell:create_environment_hook('linorobot2_description', 'cmake_prefix_path')
[0.892s] INFO:colcon.colcon_core.shell:Creating environment hook '/home/ieee/robot_ws/src/install/linorobot2_description/share/linorobot2_description/hook/cmake_prefix_path.ps1'
[0.892s] INFO:colcon.colcon_core.shell:Creating environment descriptor '/home/ieee/robot_ws/src/install/linorobot2_description/share/linorobot2_description/hook/cmake_prefix_path.dsv'
[0.892s] INFO:colcon.colcon_core.shell:Creating environment hook '/home/ieee/robot_ws/src/install/linorobot2_description/share/linorobot2_description/hook/cmake_prefix_path.sh'
[0.892s] Level 1:colcon.colcon_core.environment:checking '/home/ieee/robot_ws/src/install/linorobot2_description/bin'
[0.892s] Level 1:colcon.colcon_core.environment:checking '/home/ieee/robot_ws/src/install/linorobot2_description/lib/pkgconfig/linorobot2_description.pc'
[0.893s] Level 1:colcon.colcon_core.environment:checking '/home/ieee/robot_ws/src/install/linorobot2_description/lib/python3.10/site-packages'
[0.893s] Level 1:colcon.colcon_core.environment:checking '/home/ieee/robot_ws/src/install/linorobot2_description/bin'
[0.893s] INFO:colcon.colcon_core.shell:Creating package script '/home/ieee/robot_ws/src/install/linorobot2_description/share/linorobot2_description/package.ps1'
[0.893s] INFO:colcon.colcon_core.shell:Creating package descriptor '/home/ieee/robot_ws/src/install/linorobot2_description/share/linorobot2_description/package.dsv'
[0.893s] INFO:colcon.colcon_core.shell:Creating package script '/home/ieee/robot_ws/src/install/linorobot2_description/share/linorobot2_description/package.sh'
[0.894s] INFO:colcon.colcon_core.shell:Creating package script '/home/ieee/robot_ws/src/install/linorobot2_description/share/linorobot2_description/package.bash'
[0.894s] INFO:colcon.colcon_core.shell:Creating package script '/home/ieee/robot_ws/src/install/linorobot2_description/share/linorobot2_description/package.zsh'
[0.894s] Level 1:colcon.colcon_core.environment:create_file_with_runtime_dependencies(/home/ieee/robot_ws/src/install/linorobot2_description/share/colcon-core/packages/linorobot2_description)
[0.906s] Level 1:colcon.colcon_core.environment:create_environment_scripts_only(linorobot2_description)
[0.906s] Level 1:colcon.colcon_core.environment:checking '/home/ieee/robot_ws/src/install/linorobot2_description' for CMake module files
[0.906s] Level 1:colcon.colcon_core.environment:checking '/home/ieee/robot_ws/src/install/linorobot2_description' for CMake config files
[0.907s] Level 1:colcon.colcon_core.shell:create_environment_hook('linorobot2_description', 'cmake_prefix_path')
[0.907s] INFO:colcon.colcon_core.shell:Creating environment hook '/home/ieee/robot_ws/src/install/linorobot2_description/share/linorobot2_description/hook/cmake_prefix_path.ps1'
[0.907s] INFO:colcon.colcon_core.shell:Creating environment descriptor '/home/ieee/robot_ws/src/install/linorobot2_description/share/linorobot2_description/hook/cmake_prefix_path.dsv'
[0.908s] INFO:colcon.colcon_core.shell:Creating environment hook '/home/ieee/robot_ws/src/install/linorobot2_description/share/linorobot2_description/hook/cmake_prefix_path.sh'
[0.908s] Level 1:colcon.colcon_core.environment:checking '/home/ieee/robot_ws/src/install/linorobot2_description/bin'
[0.908s] Level 1:colcon.colcon_core.environment:checking '/home/ieee/robot_ws/src/install/linorobot2_description/lib/pkgconfig/linorobot2_description.pc'
[0.908s] Level 1:colcon.colcon_core.environment:checking '/home/ieee/robot_ws/src/install/linorobot2_description/lib/python3.10/site-packages'
[0.908s] Level 1:colcon.colcon_core.environment:checking '/home/ieee/robot_ws/src/install/linorobot2_description/bin'
[0.908s] INFO:colcon.colcon_core.shell:Creating package script '/home/ieee/robot_ws/src/install/linorobot2_description/share/linorobot2_description/package.ps1'
[0.909s] INFO:colcon.colcon_core.shell:Creating package descriptor '/home/ieee/robot_ws/src/install/linorobot2_description/share/linorobot2_description/package.dsv'
[0.909s] INFO:colcon.colcon_core.shell:Creating package script '/home/ieee/robot_ws/src/install/linorobot2_description/share/linorobot2_description/package.sh'
[0.909s] INFO:colcon.colcon_core.shell:Creating package script '/home/ieee/robot_ws/src/install/linorobot2_description/share/linorobot2_description/package.bash'
[0.910s] INFO:colcon.colcon_core.shell:Creating package script '/home/ieee/robot_ws/src/install/linorobot2_description/share/linorobot2_description/package.zsh'
[0.910s] Level 1:colcon.colcon_core.environment:create_file_with_runtime_dependencies(/home/ieee/robot_ws/src/install/linorobot2_description/share/colcon-core/packages/linorobot2_description)
[1.088s] DEBUG:colcon.colcon_core.event_handler.log_command:Invoked command in '/home/ieee/robot_ws/src/build/linorobot2_gazebo' returned '0': CMAKE_PREFIX_PATH=/opt/ros/humble /usr/bin/cmake /home/ieee/robot_ws/src/src/linorobot2/linorobot2_gazebo -DCMAKE_INSTALL_PREFIX=/home/ieee/robot_ws/src/install/linorobot2_gazebo
[1.089s] DEBUG:colcon.colcon_core.event_handler.log_command:Invoking command in '/home/ieee/robot_ws/src/build/linorobot2_gazebo': CMAKE_PREFIX_PATH=/opt/ros/humble /usr/bin/cmake --build /home/ieee/robot_ws/src/build/linorobot2_gazebo -- -j16 -l16
[1.110s] DEBUG:colcon.colcon_core.event_handler.log_command:Invoked command in '/home/ieee/robot_ws/src/build/linorobot2_gazebo' returned '0': CMAKE_PREFIX_PATH=/opt/ros/humble /usr/bin/cmake --build /home/ieee/robot_ws/src/build/linorobot2_gazebo -- -j16 -l16
[1.122s] DEBUG:colcon.colcon_core.event_handler.log_command:Invoking command in '/home/ieee/robot_ws/src/build/linorobot2_gazebo': CMAKE_PREFIX_PATH=/opt/ros/humble /usr/bin/cmake --install /home/ieee/robot_ws/src/build/linorobot2_gazebo
[1.129s] Level 1:colcon.colcon_core.environment:create_environment_scripts_only(linorobot2_gazebo)
[1.130s] Level 1:colcon.colcon_core.environment:checking '/home/ieee/robot_ws/src/install/linorobot2_gazebo' for CMake module files
[1.130s] DEBUG:colcon.colcon_core.event_handler.log_command:Invoked command in '/home/ieee/robot_ws/src/build/linorobot2_gazebo' returned '0': CMAKE_PREFIX_PATH=/opt/ros/humble /usr/bin/cmake --install /home/ieee/robot_ws/src/build/linorobot2_gazebo
[1.130s] Level 1:colcon.colcon_core.environment:checking '/home/ieee/robot_ws/src/install/linorobot2_gazebo' for CMake config files
[1.130s] Level 1:colcon.colcon_core.shell:create_environment_hook('linorobot2_gazebo', 'cmake_prefix_path')
[1.130s] INFO:colcon.colcon_core.shell:Creating environment hook '/home/ieee/robot_ws/src/install/linorobot2_gazebo/share/linorobot2_gazebo/hook/cmake_prefix_path.ps1'
[1.131s] INFO:colcon.colcon_core.shell:Creating environment descriptor '/home/ieee/robot_ws/src/install/linorobot2_gazebo/share/linorobot2_gazebo/hook/cmake_prefix_path.dsv'
[1.131s] INFO:colcon.colcon_core.shell:Creating environment hook '/home/ieee/robot_ws/src/install/linorobot2_gazebo/share/linorobot2_gazebo/hook/cmake_prefix_path.sh'
[1.131s] Level 1:colcon.colcon_core.environment:checking '/home/ieee/robot_ws/src/install/linorobot2_gazebo/lib'
[1.131s] Level 1:colcon.colcon_core.environment:checking '/home/ieee/robot_ws/src/install/linorobot2_gazebo/bin'
[1.132s] Level 1:colcon.colcon_core.environment:checking '/home/ieee/robot_ws/src/install/linorobot2_gazebo/lib/pkgconfig/linorobot2_gazebo.pc'
[1.132s] Level 1:colcon.colcon_core.environment:checking '/home/ieee/robot_ws/src/install/linorobot2_gazebo/lib/python3.10/site-packages'
[1.132s] Level 1:colcon.colcon_core.environment:checking '/home/ieee/robot_ws/src/install/linorobot2_gazebo/bin'
[1.132s] INFO:colcon.colcon_core.shell:Creating package script '/home/ieee/robot_ws/src/install/linorobot2_gazebo/share/linorobot2_gazebo/package.ps1'
[1.132s] INFO:colcon.colcon_core.shell:Creating package descriptor '/home/ieee/robot_ws/src/install/linorobot2_gazebo/share/linorobot2_gazebo/package.dsv'
[1.133s] INFO:colcon.colcon_core.shell:Creating package script '/home/ieee/robot_ws/src/install/linorobot2_gazebo/share/linorobot2_gazebo/package.sh'
[1.133s] INFO:colcon.colcon_core.shell:Creating package script '/home/ieee/robot_ws/src/install/linorobot2_gazebo/share/linorobot2_gazebo/package.bash'
[1.133s] INFO:colcon.colcon_core.shell:Creating package script '/home/ieee/robot_ws/src/install/linorobot2_gazebo/share/linorobot2_gazebo/package.zsh'
[1.133s] Level 1:colcon.colcon_core.environment:create_file_with_runtime_dependencies(/home/ieee/robot_ws/src/install/linorobot2_gazebo/share/colcon-core/packages/linorobot2_gazebo)
[1.145s] Level 1:colcon.colcon_core.environment:create_environment_scripts_only(linorobot2_gazebo)
[1.145s] Level 1:colcon.colcon_core.environment:checking '/home/ieee/robot_ws/src/install/linorobot2_gazebo' for CMake module files
[1.146s] Level 1:colcon.colcon_core.environment:checking '/home/ieee/robot_ws/src/install/linorobot2_gazebo' for CMake config files
[1.146s] Level 1:colcon.colcon_core.shell:create_environment_hook('linorobot2_gazebo', 'cmake_prefix_path')
[1.146s] INFO:colcon.colcon_core.shell:Creating environment hook '/home/ieee/robot_ws/src/install/linorobot2_gazebo/share/linorobot2_gazebo/hook/cmake_prefix_path.ps1'
[1.146s] INFO:colcon.colcon_core.shell:Creating environment descriptor '/home/ieee/robot_ws/src/install/linorobot2_gazebo/share/linorobot2_gazebo/hook/cmake_prefix_path.dsv'
[1.147s] INFO:colcon.colcon_core.shell:Creating environment hook '/home/ieee/robot_ws/src/install/linorobot2_gazebo/share/linorobot2_gazebo/hook/cmake_prefix_path.sh'
[1.147s] Level 1:colcon.colcon_core.environment:checking '/home/ieee/robot_ws/src/install/linorobot2_gazebo/lib'
[1.147s] Level 1:colcon.colcon_core.environment:checking '/home/ieee/robot_ws/src/install/linorobot2_gazebo/bin'
[1.147s] Level 1:colcon.colcon_core.environment:checking '/home/ieee/robot_ws/src/install/linorobot2_gazebo/lib/pkgconfig/linorobot2_gazebo.pc'
[1.147s] Level 1:colcon.colcon_core.environment:checking '/home/ieee/robot_ws/src/install/linorobot2_gazebo/lib/python3.10/site-packages'
[1.147s] Level 1:colcon.colcon_core.environment:checking '/home/ieee/robot_ws/src/install/linorobot2_gazebo/bin'
[1.148s] INFO:colcon.colcon_core.shell:Creating package script '/home/ieee/robot_ws/src/install/linorobot2_gazebo/share/linorobot2_gazebo/package.ps1'
[1.148s] INFO:colcon.colcon_core.shell:Creating package descriptor '/home/ieee/robot_ws/src/install/linorobot2_gazebo/share/linorobot2_gazebo/package.dsv'
[1.148s] INFO:colcon.colcon_core.shell:Creating package script '/home/ieee/robot_ws/src/install/linorobot2_gazebo/share/linorobot2_gazebo/package.sh'
[1.149s] INFO:colcon.colcon_core.shell:Creating package script '/home/ieee/robot_ws/src/install/linorobot2_gazebo/share/linorobot2_gazebo/package.bash'
[1.149s] INFO:colcon.colcon_core.shell:Creating package script '/home/ieee/robot_ws/src/install/linorobot2_gazebo/share/linorobot2_gazebo/package.zsh'
[1.149s] Level 1:colcon.colcon_core.environment:create_file_with_runtime_dependencies(/home/ieee/robot_ws/src/install/linorobot2_gazebo/share/colcon-core/packages/linorobot2_gazebo)
[1.149s] DEBUG:colcon.colcon_parallel_executor.executor.parallel:closing loop
[1.150s] DEBUG:colcon.colcon_parallel_executor.executor.parallel:loop closed
[1.150s] DEBUG:colcon.colcon_parallel_executor.executor.parallel:run_until_complete finished with '0'
[1.150s] DEBUG:colcon.colcon_core.event_reactor:joining thread
[1.153s] INFO:colcon.colcon_core.plugin_system:Skipping extension 'colcon_notification.desktop_notification.terminal_notifier': Not used on non-Darwin systems
[1.154s] INFO:colcon.colcon_core.plugin_system:Skipping extension 'colcon_notification.desktop_notification.win32': Not used on non-Windows systems
[1.154s] INFO:colcon.colcon_notification.desktop_notification:Sending desktop notification using 'notify2'
[1.167s] DEBUG:colcon.colcon_core.event_reactor:joined thread
[1.168s] INFO:colcon.colcon_core.shell:Creating prefix script '/home/ieee/robot_ws/src/install/local_setup.ps1'
[1.168s] INFO:colcon.colcon_core.shell:Creating prefix util module '/home/ieee/robot_ws/src/install/_local_setup_util_ps1.py'
[1.169s] INFO:colcon.colcon_core.shell:Creating prefix chain script '/home/ieee/robot_ws/src/install/setup.ps1'
[1.170s] INFO:colcon.colcon_core.shell:Creating prefix script '/home/ieee/robot_ws/src/install/local_setup.sh'
[1.170s] INFO:colcon.colcon_core.shell:Creating prefix util module '/home/ieee/robot_ws/src/install/_local_setup_util_sh.py'
[1.171s] INFO:colcon.colcon_core.shell:Creating prefix chain script '/home/ieee/robot_ws/src/install/setup.sh'
[1.171s] INFO:colcon.colcon_core.shell:Creating prefix script '/home/ieee/robot_ws/src/install/local_setup.bash'
[1.171s] INFO:colcon.colcon_core.shell:Creating prefix chain script '/home/ieee/robot_ws/src/install/setup.bash'
[1.172s] INFO:colcon.colcon_core.shell:Creating prefix script '/home/ieee/robot_ws/src/install/local_setup.zsh'
[1.172s] INFO:colcon.colcon_core.shell:Creating prefix chain script '/home/ieee/robot_ws/src/install/setup.zsh'
