[0.016s] Invoking command in '/home/ieee/robot_ws/src/build/linorobot2': CMAKE_PREFIX_PATH=/opt/ros/humble /usr/bin/cmake /home/ieee/robot_ws/src/src/linorobot2/linorobot2 -DCMAKE_INSTALL_PREFIX=/home/ieee/robot_ws/src/install/linorobot2
[0.134s] -- The C compiler identification is GNU 11.4.0
[0.170s] -- The CXX compiler identification is GNU 11.4.0
[0.174s] -- Detecting C compiler ABI info
[0.215s] -- Detecting C compiler ABI info - done
[0.225s] -- Check for working C compiler: /usr/bin/cc - skipped
[0.226s] -- Detecting C compile features
[0.226s] -- Detecting C compile features - done
[0.229s] -- Detecting CXX compiler ABI info
[0.282s] -- Detecting CXX compiler ABI info - done
[0.287s] -- Check for working CXX compiler: /usr/bin/c++ - skipped
[0.288s] -- Detecting CXX compile features
[0.288s] -- Detecting CXX compile features - done
[0.289s] -- Found ament_cmake: 1.3.10 (/opt/ros/humble/share/ament_cmake/cmake)
[0.392s] -- Found Python3: /usr/bin/python3 (found version "3.10.12") found components: Interpreter 
[0.497s] -- Configuring done
[0.498s] -- Generating done
[0.499s] -- Build files have been written to: /home/ieee/robot_ws/src/build/linorobot2
[0.503s] Invoked command in '/home/ieee/robot_ws/src/build/linorobot2' returned '0': CMAKE_PREFIX_PATH=/opt/ros/humble /usr/bin/cmake /home/ieee/robot_ws/src/src/linorobot2/linorobot2 -DCMAKE_INSTALL_PREFIX=/home/ieee/robot_ws/src/install/linorobot2
[0.504s] Invoking command in '/home/ieee/robot_ws/src/build/linorobot2': CMAKE_PREFIX_PATH=/opt/ros/humble /usr/bin/cmake --build /home/ieee/robot_ws/src/build/linorobot2 -- -j16 -l16
[0.526s] Invoked command in '/home/ieee/robot_ws/src/build/linorobot2' returned '0': CMAKE_PREFIX_PATH=/opt/ros/humble /usr/bin/cmake --build /home/ieee/robot_ws/src/build/linorobot2 -- -j16 -l16
[0.544s] Invoking command in '/home/ieee/robot_ws/src/build/linorobot2': CMAKE_PREFIX_PATH=/opt/ros/humble /usr/bin/cmake --install /home/ieee/robot_ws/src/build/linorobot2
[0.548s] -- Install configuration: ""
[0.548s] -- Installing: /home/ieee/robot_ws/src/install/linorobot2/share/ament_index/resource_index/package_run_dependencies/linorobot2
[0.548s] -- Installing: /home/ieee/robot_ws/src/install/linorobot2/share/ament_index/resource_index/parent_prefix_path/linorobot2
[0.548s] -- Installing: /home/ieee/robot_ws/src/install/linorobot2/share/linorobot2/environment/ament_prefix_path.sh
[0.548s] -- Installing: /home/ieee/robot_ws/src/install/linorobot2/share/linorobot2/environment/ament_prefix_path.dsv
[0.549s] -- Installing: /home/ieee/robot_ws/src/install/linorobot2/share/linorobot2/environment/path.sh
[0.549s] -- Installing: /home/ieee/robot_ws/src/install/linorobot2/share/linorobot2/environment/path.dsv
[0.549s] -- Installing: /home/ieee/robot_ws/src/install/linorobot2/share/linorobot2/local_setup.bash
[0.549s] -- Installing: /home/ieee/robot_ws/src/install/linorobot2/share/linorobot2/local_setup.sh
[0.549s] -- Installing: /home/ieee/robot_ws/src/install/linorobot2/share/linorobot2/local_setup.zsh
[0.550s] -- Installing: /home/ieee/robot_ws/src/install/linorobot2/share/linorobot2/local_setup.dsv
[0.550s] -- Installing: /home/ieee/robot_ws/src/install/linorobot2/share/linorobot2/package.dsv
[0.550s] -- Installing: /home/ieee/robot_ws/src/install/linorobot2/share/ament_index/resource_index/packages/linorobot2
[0.550s] -- Installing: /home/ieee/robot_ws/src/install/linorobot2/share/linorobot2/cmake/linorobot2Config.cmake
[0.550s] -- Installing: /home/ieee/robot_ws/src/install/linorobot2/share/linorobot2/cmake/linorobot2Config-version.cmake
[0.550s] -- Installing: /home/ieee/robot_ws/src/install/linorobot2/share/linorobot2/package.xml
[0.562s] Invoked command in '/home/ieee/robot_ws/src/build/linorobot2' returned '0': CMAKE_PREFIX_PATH=/opt/ros/humble /usr/bin/cmake --install /home/ieee/robot_ws/src/build/linorobot2
