[0.077s] DEBUG:colcon:Command line arguments: ['/usr/bin/colcon', 'build']
[0.077s] DEBUG:colcon:Parsed command line arguments: Namespace(log_base=None, log_level=None, verb_name='build', build_base='build', install_base='install', merge_install=False, symlink_install=False, test_result_base=None, continue_on_error=False, executor='parallel', parallel_workers=16, event_handlers=None, ignore_user_meta=False, metas=['./colcon.meta'], base_paths=['.'], packages_ignore=None, packages_ignore_regex=None, paths=None, packages_up_to=None, packages_up_to_regex=None, packages_above=None, packages_above_and_dependencies=None, packages_above_depth=None, packages_select_by_dep=None, packages_skip_by_dep=None, packages_skip_up_to=None, packages_select_build_failed=False, packages_skip_build_finished=False, packages_select_test_failures=False, packages_skip_test_passed=False, packages_select=None, packages_skip=None, packages_select_regex=None, packages_skip_regex=None, packages_start=None, packages_end=None, allow_overriding=[], cmake_args=None, cmake_target=None, cmake_target_skip_unavailable=False, cmake_clean_cache=False, cmake_clean_first=False, cmake_force_configure=False, ament_cmake_args=None, catkin_cmake_args=None, catkin_skip_building_tests=False, mixin_files=None, mixin=None, verb_parser=<colcon_mixin.mixin.mixin_argument.MixinArgumentDecorator object at 0x7f7cf4239a50>, verb_extension=<colcon_core.verb.build.BuildVerb object at 0x7f7cf4356110>, main=<bound method BuildVerb.main of <colcon_core.verb.build.BuildVerb object at 0x7f7cf4356110>>, mixin_verb=('build',))
[0.209s] Level 1:colcon.colcon_core.package_discovery:discover_packages(colcon_meta) check parameters
[0.209s] Level 1:colcon.colcon_core.package_discovery:discover_packages(recursive) check parameters
[0.209s] Level 1:colcon.colcon_core.package_discovery:discover_packages(ignore) check parameters
[0.209s] Level 1:colcon.colcon_core.package_discovery:discover_packages(path) check parameters
[0.209s] Level 1:colcon.colcon_core.package_discovery:discover_packages(colcon_meta) discover
[0.209s] Level 1:colcon.colcon_core.package_discovery:discover_packages(recursive) discover
[0.209s] INFO:colcon.colcon_core.package_discovery:Crawling recursively for packages in '/home/ieee/robot_ws/src'
[0.209s] Level 1:colcon.colcon_core.package_identification:_identify(.) by extensions ['ignore', 'ignore_ament_install']
[0.209s] Level 1:colcon.colcon_core.package_identification:_identify(.) by extension 'ignore'
[0.209s] Level 1:colcon.colcon_core.package_identification:_identify(.) by extension 'ignore_ament_install'
[0.209s] Level 1:colcon.colcon_core.package_identification:_identify(.) by extensions ['colcon_pkg']
[0.209s] Level 1:colcon.colcon_core.package_identification:_identify(.) by extension 'colcon_pkg'
[0.209s] Level 1:colcon.colcon_core.package_identification:_identify(.) by extensions ['colcon_meta']
[0.209s] Level 1:colcon.colcon_core.package_identification:_identify(.) by extension 'colcon_meta'
[0.209s] Level 1:colcon.colcon_core.package_identification:_identify(.) by extensions ['ros']
[0.209s] Level 1:colcon.colcon_core.package_identification:_identify(.) by extension 'ros'
[0.217s] Level 1:colcon.colcon_core.package_identification:_identify(.) by extensions ['cmake', 'python']
[0.217s] Level 1:colcon.colcon_core.package_identification:_identify(.) by extension 'cmake'
[0.217s] Level 1:colcon.colcon_core.package_identification:_identify(.) by extension 'python'
[0.217s] Level 1:colcon.colcon_core.package_identification:_identify(.) by extensions ['python_setup_py']
[0.217s] Level 1:colcon.colcon_core.package_identification:_identify(.) by extension 'python_setup_py'
[0.217s] Level 1:colcon.colcon_core.package_identification:_identify(build) by extensions ['ignore', 'ignore_ament_install']
[0.217s] Level 1:colcon.colcon_core.package_identification:_identify(build) by extension 'ignore'
[0.217s] Level 1:colcon.colcon_core.package_identification:_identify(build) ignored
[0.217s] Level 1:colcon.colcon_core.package_identification:_identify(install) by extensions ['ignore', 'ignore_ament_install']
[0.217s] Level 1:colcon.colcon_core.package_identification:_identify(install) by extension 'ignore'
[0.217s] Level 1:colcon.colcon_core.package_identification:_identify(install) ignored
[0.217s] Level 1:colcon.colcon_core.package_identification:_identify(log) by extensions ['ignore', 'ignore_ament_install']
[0.217s] Level 1:colcon.colcon_core.package_identification:_identify(log) by extension 'ignore'
[0.217s] Level 1:colcon.colcon_core.package_identification:_identify(log) ignored
[0.217s] Level 1:colcon.colcon_core.package_identification:_identify(src) by extensions ['ignore', 'ignore_ament_install']
[0.218s] Level 1:colcon.colcon_core.package_identification:_identify(src) by extension 'ignore'
[0.218s] Level 1:colcon.colcon_core.package_identification:_identify(src) by extension 'ignore_ament_install'
[0.218s] Level 1:colcon.colcon_core.package_identification:_identify(src) by extensions ['colcon_pkg']
[0.218s] Level 1:colcon.colcon_core.package_identification:_identify(src) by extension 'colcon_pkg'
[0.218s] Level 1:colcon.colcon_core.package_identification:_identify(src) by extensions ['colcon_meta']
[0.218s] Level 1:colcon.colcon_core.package_identification:_identify(src) by extension 'colcon_meta'
[0.218s] Level 1:colcon.colcon_core.package_identification:_identify(src) by extensions ['ros']
[0.218s] Level 1:colcon.colcon_core.package_identification:_identify(src) by extension 'ros'
[0.218s] Level 1:colcon.colcon_core.package_identification:_identify(src) by extensions ['cmake', 'python']
[0.218s] Level 1:colcon.colcon_core.package_identification:_identify(src) by extension 'cmake'
[0.218s] Level 1:colcon.colcon_core.package_identification:_identify(src) by extension 'python'
[0.218s] Level 1:colcon.colcon_core.package_identification:_identify(src) by extensions ['python_setup_py']
[0.218s] Level 1:colcon.colcon_core.package_identification:_identify(src) by extension 'python_setup_py'
[0.218s] Level 1:colcon.colcon_core.package_identification:_identify(src/linorobot2) by extensions ['ignore', 'ignore_ament_install']
[0.218s] Level 1:colcon.colcon_core.package_identification:_identify(src/linorobot2) by extension 'ignore'
[0.218s] Level 1:colcon.colcon_core.package_identification:_identify(src/linorobot2) by extension 'ignore_ament_install'
[0.218s] Level 1:colcon.colcon_core.package_identification:_identify(src/linorobot2) by extensions ['colcon_pkg']
[0.218s] Level 1:colcon.colcon_core.package_identification:_identify(src/linorobot2) by extension 'colcon_pkg'
[0.218s] Level 1:colcon.colcon_core.package_identification:_identify(src/linorobot2) by extensions ['colcon_meta']
[0.218s] Level 1:colcon.colcon_core.package_identification:_identify(src/linorobot2) by extension 'colcon_meta'
[0.218s] Level 1:colcon.colcon_core.package_identification:_identify(src/linorobot2) by extensions ['ros']
[0.218s] Level 1:colcon.colcon_core.package_identification:_identify(src/linorobot2) by extension 'ros'
[0.218s] Level 1:colcon.colcon_core.package_identification:_identify(src/linorobot2) by extensions ['cmake', 'python']
[0.218s] Level 1:colcon.colcon_core.package_identification:_identify(src/linorobot2) by extension 'cmake'
[0.218s] Level 1:colcon.colcon_core.package_identification:_identify(src/linorobot2) by extension 'python'
[0.218s] Level 1:colcon.colcon_core.package_identification:_identify(src/linorobot2) by extensions ['python_setup_py']
[0.218s] Level 1:colcon.colcon_core.package_identification:_identify(src/linorobot2) by extension 'python_setup_py'
[0.218s] Level 1:colcon.colcon_core.package_identification:_identify(src/linorobot2/docker) by extensions ['ignore', 'ignore_ament_install']
[0.219s] Level 1:colcon.colcon_core.package_identification:_identify(src/linorobot2/docker) by extension 'ignore'
[0.219s] Level 1:colcon.colcon_core.package_identification:_identify(src/linorobot2/docker) by extension 'ignore_ament_install'
[0.219s] Level 1:colcon.colcon_core.package_identification:_identify(src/linorobot2/docker) by extensions ['colcon_pkg']
[0.219s] Level 1:colcon.colcon_core.package_identification:_identify(src/linorobot2/docker) by extension 'colcon_pkg'
[0.219s] Level 1:colcon.colcon_core.package_identification:_identify(src/linorobot2/docker) by extensions ['colcon_meta']
[0.219s] Level 1:colcon.colcon_core.package_identification:_identify(src/linorobot2/docker) by extension 'colcon_meta'
[0.219s] Level 1:colcon.colcon_core.package_identification:_identify(src/linorobot2/docker) by extensions ['ros']
[0.219s] Level 1:colcon.colcon_core.package_identification:_identify(src/linorobot2/docker) by extension 'ros'
[0.219s] Level 1:colcon.colcon_core.package_identification:_identify(src/linorobot2/docker) by extensions ['cmake', 'python']
[0.219s] Level 1:colcon.colcon_core.package_identification:_identify(src/linorobot2/docker) by extension 'cmake'
[0.219s] Level 1:colcon.colcon_core.package_identification:_identify(src/linorobot2/docker) by extension 'python'
[0.219s] Level 1:colcon.colcon_core.package_identification:_identify(src/linorobot2/docker) by extensions ['python_setup_py']
[0.219s] Level 1:colcon.colcon_core.package_identification:_identify(src/linorobot2/docker) by extension 'python_setup_py'
[0.219s] Level 1:colcon.colcon_core.package_identification:_identify(src/linorobot2/docs) by extensions ['ignore', 'ignore_ament_install']
[0.219s] Level 1:colcon.colcon_core.package_identification:_identify(src/linorobot2/docs) by extension 'ignore'
[0.219s] Level 1:colcon.colcon_core.package_identification:_identify(src/linorobot2/docs) by extension 'ignore_ament_install'
[0.219s] Level 1:colcon.colcon_core.package_identification:_identify(src/linorobot2/docs) by extensions ['colcon_pkg']
[0.219s] Level 1:colcon.colcon_core.package_identification:_identify(src/linorobot2/docs) by extension 'colcon_pkg'
[0.219s] Level 1:colcon.colcon_core.package_identification:_identify(src/linorobot2/docs) by extensions ['colcon_meta']
[0.219s] Level 1:colcon.colcon_core.package_identification:_identify(src/linorobot2/docs) by extension 'colcon_meta'
[0.219s] Level 1:colcon.colcon_core.package_identification:_identify(src/linorobot2/docs) by extensions ['ros']
[0.219s] Level 1:colcon.colcon_core.package_identification:_identify(src/linorobot2/docs) by extension 'ros'
[0.219s] Level 1:colcon.colcon_core.package_identification:_identify(src/linorobot2/docs) by extensions ['cmake', 'python']
[0.219s] Level 1:colcon.colcon_core.package_identification:_identify(src/linorobot2/docs) by extension 'cmake'
[0.219s] Level 1:colcon.colcon_core.package_identification:_identify(src/linorobot2/docs) by extension 'python'
[0.219s] Level 1:colcon.colcon_core.package_identification:_identify(src/linorobot2/docs) by extensions ['python_setup_py']
[0.219s] Level 1:colcon.colcon_core.package_identification:_identify(src/linorobot2/docs) by extension 'python_setup_py'
[0.219s] Level 1:colcon.colcon_core.package_identification:_identify(src/linorobot2/linorobot2) by extensions ['ignore', 'ignore_ament_install']
[0.220s] Level 1:colcon.colcon_core.package_identification:_identify(src/linorobot2/linorobot2) by extension 'ignore'
[0.220s] Level 1:colcon.colcon_core.package_identification:_identify(src/linorobot2/linorobot2) by extension 'ignore_ament_install'
[0.220s] Level 1:colcon.colcon_core.package_identification:_identify(src/linorobot2/linorobot2) by extensions ['colcon_pkg']
[0.220s] Level 1:colcon.colcon_core.package_identification:_identify(src/linorobot2/linorobot2) by extension 'colcon_pkg'
[0.220s] Level 1:colcon.colcon_core.package_identification:_identify(src/linorobot2/linorobot2) by extensions ['colcon_meta']
[0.220s] Level 1:colcon.colcon_core.package_identification:_identify(src/linorobot2/linorobot2) by extension 'colcon_meta'
[0.220s] Level 1:colcon.colcon_core.package_identification:_identify(src/linorobot2/linorobot2) by extensions ['ros']
[0.220s] Level 1:colcon.colcon_core.package_identification:_identify(src/linorobot2/linorobot2) by extension 'ros'
[0.221s] DEBUG:colcon.colcon_core.package_identification:Package 'src/linorobot2/linorobot2' with type 'ros.ament_cmake' and name 'linorobot2'
[0.221s] Level 1:colcon.colcon_core.package_identification:_identify(src/linorobot2/linorobot2_base) by extensions ['ignore', 'ignore_ament_install']
[0.221s] Level 1:colcon.colcon_core.package_identification:_identify(src/linorobot2/linorobot2_base) by extension 'ignore'
[0.222s] Level 1:colcon.colcon_core.package_identification:_identify(src/linorobot2/linorobot2_base) by extension 'ignore_ament_install'
[0.222s] Level 1:colcon.colcon_core.package_identification:_identify(src/linorobot2/linorobot2_base) by extensions ['colcon_pkg']
[0.222s] Level 1:colcon.colcon_core.package_identification:_identify(src/linorobot2/linorobot2_base) by extension 'colcon_pkg'
[0.222s] Level 1:colcon.colcon_core.package_identification:_identify(src/linorobot2/linorobot2_base) by extensions ['colcon_meta']
[0.222s] Level 1:colcon.colcon_core.package_identification:_identify(src/linorobot2/linorobot2_base) by extension 'colcon_meta'
[0.222s] Level 1:colcon.colcon_core.package_identification:_identify(src/linorobot2/linorobot2_base) by extensions ['ros']
[0.222s] Level 1:colcon.colcon_core.package_identification:_identify(src/linorobot2/linorobot2_base) by extension 'ros'
[0.222s] DEBUG:colcon.colcon_core.package_identification:Package 'src/linorobot2/linorobot2_base' with type 'ros.ament_cmake' and name 'linorobot2_base'
[0.222s] Level 1:colcon.colcon_core.package_identification:_identify(src/linorobot2/linorobot2_bringup) by extensions ['ignore', 'ignore_ament_install']
[0.222s] Level 1:colcon.colcon_core.package_identification:_identify(src/linorobot2/linorobot2_bringup) by extension 'ignore'
[0.222s] Level 1:colcon.colcon_core.package_identification:_identify(src/linorobot2/linorobot2_bringup) by extension 'ignore_ament_install'
[0.222s] Level 1:colcon.colcon_core.package_identification:_identify(src/linorobot2/linorobot2_bringup) by extensions ['colcon_pkg']
[0.222s] Level 1:colcon.colcon_core.package_identification:_identify(src/linorobot2/linorobot2_bringup) by extension 'colcon_pkg'
[0.222s] Level 1:colcon.colcon_core.package_identification:_identify(src/linorobot2/linorobot2_bringup) by extensions ['colcon_meta']
[0.222s] Level 1:colcon.colcon_core.package_identification:_identify(src/linorobot2/linorobot2_bringup) by extension 'colcon_meta'
[0.222s] Level 1:colcon.colcon_core.package_identification:_identify(src/linorobot2/linorobot2_bringup) by extensions ['ros']
[0.222s] Level 1:colcon.colcon_core.package_identification:_identify(src/linorobot2/linorobot2_bringup) by extension 'ros'
[0.223s] DEBUG:colcon.colcon_core.package_identification:Package 'src/linorobot2/linorobot2_bringup' with type 'ros.ament_cmake' and name 'linorobot2_bringup'
[0.223s] Level 1:colcon.colcon_core.package_identification:_identify(src/linorobot2/linorobot2_description) by extensions ['ignore', 'ignore_ament_install']
[0.223s] Level 1:colcon.colcon_core.package_identification:_identify(src/linorobot2/linorobot2_description) by extension 'ignore'
[0.223s] Level 1:colcon.colcon_core.package_identification:_identify(src/linorobot2/linorobot2_description) by extension 'ignore_ament_install'
[0.223s] Level 1:colcon.colcon_core.package_identification:_identify(src/linorobot2/linorobot2_description) by extensions ['colcon_pkg']
[0.223s] Level 1:colcon.colcon_core.package_identification:_identify(src/linorobot2/linorobot2_description) by extension 'colcon_pkg'
[0.223s] Level 1:colcon.colcon_core.package_identification:_identify(src/linorobot2/linorobot2_description) by extensions ['colcon_meta']
[0.223s] Level 1:colcon.colcon_core.package_identification:_identify(src/linorobot2/linorobot2_description) by extension 'colcon_meta'
[0.223s] Level 1:colcon.colcon_core.package_identification:_identify(src/linorobot2/linorobot2_description) by extensions ['ros']
[0.223s] Level 1:colcon.colcon_core.package_identification:_identify(src/linorobot2/linorobot2_description) by extension 'ros'
[0.224s] DEBUG:colcon.colcon_core.package_identification:Package 'src/linorobot2/linorobot2_description' with type 'ros.ament_cmake' and name 'linorobot2_description'
[0.224s] Level 1:colcon.colcon_core.package_identification:_identify(src/linorobot2/linorobot2_gazebo) by extensions ['ignore', 'ignore_ament_install']
[0.224s] Level 1:colcon.colcon_core.package_identification:_identify(src/linorobot2/linorobot2_gazebo) by extension 'ignore'
[0.224s] Level 1:colcon.colcon_core.package_identification:_identify(src/linorobot2/linorobot2_gazebo) by extension 'ignore_ament_install'
[0.224s] Level 1:colcon.colcon_core.package_identification:_identify(src/linorobot2/linorobot2_gazebo) by extensions ['colcon_pkg']
[0.224s] Level 1:colcon.colcon_core.package_identification:_identify(src/linorobot2/linorobot2_gazebo) by extension 'colcon_pkg'
[0.224s] Level 1:colcon.colcon_core.package_identification:_identify(src/linorobot2/linorobot2_gazebo) by extensions ['colcon_meta']
[0.224s] Level 1:colcon.colcon_core.package_identification:_identify(src/linorobot2/linorobot2_gazebo) by extension 'colcon_meta'
[0.224s] Level 1:colcon.colcon_core.package_identification:_identify(src/linorobot2/linorobot2_gazebo) by extensions ['ros']
[0.224s] Level 1:colcon.colcon_core.package_identification:_identify(src/linorobot2/linorobot2_gazebo) by extension 'ros'
[0.224s] DEBUG:colcon.colcon_core.package_identification:Package 'src/linorobot2/linorobot2_gazebo' with type 'ros.ament_cmake' and name 'linorobot2_gazebo'
[0.224s] Level 1:colcon.colcon_core.package_identification:_identify(src/linorobot2/linorobot2_navigation) by extensions ['ignore', 'ignore_ament_install']
[0.225s] Level 1:colcon.colcon_core.package_identification:_identify(src/linorobot2/linorobot2_navigation) by extension 'ignore'
[0.225s] Level 1:colcon.colcon_core.package_identification:_identify(src/linorobot2/linorobot2_navigation) by extension 'ignore_ament_install'
[0.225s] Level 1:colcon.colcon_core.package_identification:_identify(src/linorobot2/linorobot2_navigation) by extensions ['colcon_pkg']
[0.225s] Level 1:colcon.colcon_core.package_identification:_identify(src/linorobot2/linorobot2_navigation) by extension 'colcon_pkg'
[0.225s] Level 1:colcon.colcon_core.package_identification:_identify(src/linorobot2/linorobot2_navigation) by extensions ['colcon_meta']
[0.225s] Level 1:colcon.colcon_core.package_identification:_identify(src/linorobot2/linorobot2_navigation) by extension 'colcon_meta'
[0.225s] Level 1:colcon.colcon_core.package_identification:_identify(src/linorobot2/linorobot2_navigation) by extensions ['ros']
[0.225s] Level 1:colcon.colcon_core.package_identification:_identify(src/linorobot2/linorobot2_navigation) by extension 'ros'
[0.225s] DEBUG:colcon.colcon_core.package_identification:Package 'src/linorobot2/linorobot2_navigation' with type 'ros.ament_cmake' and name 'linorobot2_navigation'
[0.225s] Level 1:colcon.colcon_core.package_identification:_identify(src/linorobot2_viz) by extensions ['ignore', 'ignore_ament_install']
[0.225s] Level 1:colcon.colcon_core.package_identification:_identify(src/linorobot2_viz) by extension 'ignore'
[0.225s] Level 1:colcon.colcon_core.package_identification:_identify(src/linorobot2_viz) by extension 'ignore_ament_install'
[0.225s] Level 1:colcon.colcon_core.package_identification:_identify(src/linorobot2_viz) by extensions ['colcon_pkg']
[0.225s] Level 1:colcon.colcon_core.package_identification:_identify(src/linorobot2_viz) by extension 'colcon_pkg'
[0.225s] Level 1:colcon.colcon_core.package_identification:_identify(src/linorobot2_viz) by extensions ['colcon_meta']
[0.225s] Level 1:colcon.colcon_core.package_identification:_identify(src/linorobot2_viz) by extension 'colcon_meta'
[0.225s] Level 1:colcon.colcon_core.package_identification:_identify(src/linorobot2_viz) by extensions ['ros']
[0.225s] Level 1:colcon.colcon_core.package_identification:_identify(src/linorobot2_viz) by extension 'ros'
[0.226s] DEBUG:colcon.colcon_core.package_identification:Package 'src/linorobot2_viz' with type 'ros.ament_cmake' and name 'linorobot2_viz'
[0.226s] Level 1:colcon.colcon_core.package_discovery:discover_packages(recursive) using defaults
[0.226s] Level 1:colcon.colcon_core.package_discovery:discover_packages(ignore) discover
[0.226s] Level 1:colcon.colcon_core.package_discovery:discover_packages(ignore) using defaults
[0.226s] Level 1:colcon.colcon_core.package_discovery:discover_packages(path) discover
[0.226s] Level 1:colcon.colcon_core.package_discovery:discover_packages(path) using defaults
[0.245s] Level 1:colcon.colcon_core.package_discovery:discover_packages(prefix_path) check parameters
[0.245s] Level 1:colcon.colcon_core.package_discovery:discover_packages(prefix_path) discover
[0.246s] DEBUG:colcon.colcon_installed_package_information.package_discovery:Found 7 installed packages in /home/ieee/robot_ws/src/install
[0.247s] DEBUG:colcon.colcon_installed_package_information.package_discovery:Found 285 installed packages in /opt/ros/humble
[0.248s] Level 1:colcon.colcon_core.package_discovery:discover_packages(prefix_path) using defaults
[0.274s] Level 5:colcon.colcon_core.verb:set package 'linorobot2' build argument 'cmake_args' from command line to 'None'
[0.274s] Level 5:colcon.colcon_core.verb:set package 'linorobot2' build argument 'cmake_target' from command line to 'None'
[0.274s] Level 5:colcon.colcon_core.verb:set package 'linorobot2' build argument 'cmake_target_skip_unavailable' from command line to 'False'
[0.274s] Level 5:colcon.colcon_core.verb:set package 'linorobot2' build argument 'cmake_clean_cache' from command line to 'False'
[0.274s] Level 5:colcon.colcon_core.verb:set package 'linorobot2' build argument 'cmake_clean_first' from command line to 'False'
[0.274s] Level 5:colcon.colcon_core.verb:set package 'linorobot2' build argument 'cmake_force_configure' from command line to 'False'
[0.274s] Level 5:colcon.colcon_core.verb:set package 'linorobot2' build argument 'ament_cmake_args' from command line to 'None'
[0.274s] Level 5:colcon.colcon_core.verb:set package 'linorobot2' build argument 'catkin_cmake_args' from command line to 'None'
[0.274s] Level 5:colcon.colcon_core.verb:set package 'linorobot2' build argument 'catkin_skip_building_tests' from command line to 'False'
[0.274s] DEBUG:colcon.colcon_core.verb:Building package 'linorobot2' with the following arguments: {'ament_cmake_args': None, 'build_base': '/home/ieee/robot_ws/src/build/linorobot2', 'catkin_cmake_args': None, 'catkin_skip_building_tests': False, 'cmake_args': None, 'cmake_clean_cache': False, 'cmake_clean_first': False, 'cmake_force_configure': False, 'cmake_target': None, 'cmake_target_skip_unavailable': False, 'install_base': '/home/ieee/robot_ws/src/install/linorobot2', 'merge_install': False, 'path': '/home/ieee/robot_ws/src/src/linorobot2/linorobot2', 'symlink_install': False, 'test_result_base': None}
[0.275s] Level 5:colcon.colcon_core.verb:set package 'linorobot2_base' build argument 'cmake_args' from command line to 'None'
[0.275s] Level 5:colcon.colcon_core.verb:set package 'linorobot2_base' build argument 'cmake_target' from command line to 'None'
[0.275s] Level 5:colcon.colcon_core.verb:set package 'linorobot2_base' build argument 'cmake_target_skip_unavailable' from command line to 'False'
[0.275s] Level 5:colcon.colcon_core.verb:set package 'linorobot2_base' build argument 'cmake_clean_cache' from command line to 'False'
[0.275s] Level 5:colcon.colcon_core.verb:set package 'linorobot2_base' build argument 'cmake_clean_first' from command line to 'False'
[0.275s] Level 5:colcon.colcon_core.verb:set package 'linorobot2_base' build argument 'cmake_force_configure' from command line to 'False'
[0.275s] Level 5:colcon.colcon_core.verb:set package 'linorobot2_base' build argument 'ament_cmake_args' from command line to 'None'
[0.275s] Level 5:colcon.colcon_core.verb:set package 'linorobot2_base' build argument 'catkin_cmake_args' from command line to 'None'
[0.275s] Level 5:colcon.colcon_core.verb:set package 'linorobot2_base' build argument 'catkin_skip_building_tests' from command line to 'False'
[0.275s] DEBUG:colcon.colcon_core.verb:Building package 'linorobot2_base' with the following arguments: {'ament_cmake_args': None, 'build_base': '/home/ieee/robot_ws/src/build/linorobot2_base', 'catkin_cmake_args': None, 'catkin_skip_building_tests': False, 'cmake_args': None, 'cmake_clean_cache': False, 'cmake_clean_first': False, 'cmake_force_configure': False, 'cmake_target': None, 'cmake_target_skip_unavailable': False, 'install_base': '/home/ieee/robot_ws/src/install/linorobot2_base', 'merge_install': False, 'path': '/home/ieee/robot_ws/src/src/linorobot2/linorobot2_base', 'symlink_install': False, 'test_result_base': None}
[0.275s] Level 5:colcon.colcon_core.verb:set package 'linorobot2_bringup' build argument 'cmake_args' from command line to 'None'
[0.275s] Level 5:colcon.colcon_core.verb:set package 'linorobot2_bringup' build argument 'cmake_target' from command line to 'None'
[0.275s] Level 5:colcon.colcon_core.verb:set package 'linorobot2_bringup' build argument 'cmake_target_skip_unavailable' from command line to 'False'
[0.275s] Level 5:colcon.colcon_core.verb:set package 'linorobot2_bringup' build argument 'cmake_clean_cache' from command line to 'False'
[0.275s] Level 5:colcon.colcon_core.verb:set package 'linorobot2_bringup' build argument 'cmake_clean_first' from command line to 'False'
[0.275s] Level 5:colcon.colcon_core.verb:set package 'linorobot2_bringup' build argument 'cmake_force_configure' from command line to 'False'
[0.275s] Level 5:colcon.colcon_core.verb:set package 'linorobot2_bringup' build argument 'ament_cmake_args' from command line to 'None'
[0.275s] Level 5:colcon.colcon_core.verb:set package 'linorobot2_bringup' build argument 'catkin_cmake_args' from command line to 'None'
[0.275s] Level 5:colcon.colcon_core.verb:set package 'linorobot2_bringup' build argument 'catkin_skip_building_tests' from command line to 'False'
[0.275s] DEBUG:colcon.colcon_core.verb:Building package 'linorobot2_bringup' with the following arguments: {'ament_cmake_args': None, 'build_base': '/home/ieee/robot_ws/src/build/linorobot2_bringup', 'catkin_cmake_args': None, 'catkin_skip_building_tests': False, 'cmake_args': None, 'cmake_clean_cache': False, 'cmake_clean_first': False, 'cmake_force_configure': False, 'cmake_target': None, 'cmake_target_skip_unavailable': False, 'install_base': '/home/ieee/robot_ws/src/install/linorobot2_bringup', 'merge_install': False, 'path': '/home/ieee/robot_ws/src/src/linorobot2/linorobot2_bringup', 'symlink_install': False, 'test_result_base': None}
[0.275s] Level 5:colcon.colcon_core.verb:set package 'linorobot2_description' build argument 'cmake_args' from command line to 'None'
[0.275s] Level 5:colcon.colcon_core.verb:set package 'linorobot2_description' build argument 'cmake_target' from command line to 'None'
[0.275s] Level 5:colcon.colcon_core.verb:set package 'linorobot2_description' build argument 'cmake_target_skip_unavailable' from command line to 'False'
[0.275s] Level 5:colcon.colcon_core.verb:set package 'linorobot2_description' build argument 'cmake_clean_cache' from command line to 'False'
[0.275s] Level 5:colcon.colcon_core.verb:set package 'linorobot2_description' build argument 'cmake_clean_first' from command line to 'False'
[0.275s] Level 5:colcon.colcon_core.verb:set package 'linorobot2_description' build argument 'cmake_force_configure' from command line to 'False'
[0.275s] Level 5:colcon.colcon_core.verb:set package 'linorobot2_description' build argument 'ament_cmake_args' from command line to 'None'
[0.275s] Level 5:colcon.colcon_core.verb:set package 'linorobot2_description' build argument 'catkin_cmake_args' from command line to 'None'
[0.275s] Level 5:colcon.colcon_core.verb:set package 'linorobot2_description' build argument 'catkin_skip_building_tests' from command line to 'False'
[0.276s] DEBUG:colcon.colcon_core.verb:Building package 'linorobot2_description' with the following arguments: {'ament_cmake_args': None, 'build_base': '/home/ieee/robot_ws/src/build/linorobot2_description', 'catkin_cmake_args': None, 'catkin_skip_building_tests': False, 'cmake_args': None, 'cmake_clean_cache': False, 'cmake_clean_first': False, 'cmake_force_configure': False, 'cmake_target': None, 'cmake_target_skip_unavailable': False, 'install_base': '/home/ieee/robot_ws/src/install/linorobot2_description', 'merge_install': False, 'path': '/home/ieee/robot_ws/src/src/linorobot2/linorobot2_description', 'symlink_install': False, 'test_result_base': None}
[0.276s] Level 5:colcon.colcon_core.verb:set package 'linorobot2_gazebo' build argument 'cmake_args' from command line to 'None'
[0.276s] Level 5:colcon.colcon_core.verb:set package 'linorobot2_gazebo' build argument 'cmake_target' from command line to 'None'
[0.276s] Level 5:colcon.colcon_core.verb:set package 'linorobot2_gazebo' build argument 'cmake_target_skip_unavailable' from command line to 'False'
[0.276s] Level 5:colcon.colcon_core.verb:set package 'linorobot2_gazebo' build argument 'cmake_clean_cache' from command line to 'False'
[0.276s] Level 5:colcon.colcon_core.verb:set package 'linorobot2_gazebo' build argument 'cmake_clean_first' from command line to 'False'
[0.276s] Level 5:colcon.colcon_core.verb:set package 'linorobot2_gazebo' build argument 'cmake_force_configure' from command line to 'False'
[0.276s] Level 5:colcon.colcon_core.verb:set package 'linorobot2_gazebo' build argument 'ament_cmake_args' from command line to 'None'
[0.276s] Level 5:colcon.colcon_core.verb:set package 'linorobot2_gazebo' build argument 'catkin_cmake_args' from command line to 'None'
[0.276s] Level 5:colcon.colcon_core.verb:set package 'linorobot2_gazebo' build argument 'catkin_skip_building_tests' from command line to 'False'
[0.276s] DEBUG:colcon.colcon_core.verb:Building package 'linorobot2_gazebo' with the following arguments: {'ament_cmake_args': None, 'build_base': '/home/ieee/robot_ws/src/build/linorobot2_gazebo', 'catkin_cmake_args': None, 'catkin_skip_building_tests': False, 'cmake_args': None, 'cmake_clean_cache': False, 'cmake_clean_first': False, 'cmake_force_configure': False, 'cmake_target': None, 'cmake_target_skip_unavailable': False, 'install_base': '/home/ieee/robot_ws/src/install/linorobot2_gazebo', 'merge_install': False, 'path': '/home/ieee/robot_ws/src/src/linorobot2/linorobot2_gazebo', 'symlink_install': False, 'test_result_base': None}
[0.276s] Level 5:colcon.colcon_core.verb:set package 'linorobot2_navigation' build argument 'cmake_args' from command line to 'None'
[0.276s] Level 5:colcon.colcon_core.verb:set package 'linorobot2_navigation' build argument 'cmake_target' from command line to 'None'
[0.276s] Level 5:colcon.colcon_core.verb:set package 'linorobot2_navigation' build argument 'cmake_target_skip_unavailable' from command line to 'False'
[0.276s] Level 5:colcon.colcon_core.verb:set package 'linorobot2_navigation' build argument 'cmake_clean_cache' from command line to 'False'
[0.276s] Level 5:colcon.colcon_core.verb:set package 'linorobot2_navigation' build argument 'cmake_clean_first' from command line to 'False'
[0.276s] Level 5:colcon.colcon_core.verb:set package 'linorobot2_navigation' build argument 'cmake_force_configure' from command line to 'False'
[0.276s] Level 5:colcon.colcon_core.verb:set package 'linorobot2_navigation' build argument 'ament_cmake_args' from command line to 'None'
[0.276s] Level 5:colcon.colcon_core.verb:set package 'linorobot2_navigation' build argument 'catkin_cmake_args' from command line to 'None'
[0.276s] Level 5:colcon.colcon_core.verb:set package 'linorobot2_navigation' build argument 'catkin_skip_building_tests' from command line to 'False'
[0.276s] DEBUG:colcon.colcon_core.verb:Building package 'linorobot2_navigation' with the following arguments: {'ament_cmake_args': None, 'build_base': '/home/ieee/robot_ws/src/build/linorobot2_navigation', 'catkin_cmake_args': None, 'catkin_skip_building_tests': False, 'cmake_args': None, 'cmake_clean_cache': False, 'cmake_clean_first': False, 'cmake_force_configure': False, 'cmake_target': None, 'cmake_target_skip_unavailable': False, 'install_base': '/home/ieee/robot_ws/src/install/linorobot2_navigation', 'merge_install': False, 'path': '/home/ieee/robot_ws/src/src/linorobot2/linorobot2_navigation', 'symlink_install': False, 'test_result_base': None}
[0.277s] Level 5:colcon.colcon_core.verb:set package 'linorobot2_viz' build argument 'cmake_args' from command line to 'None'
[0.277s] Level 5:colcon.colcon_core.verb:set package 'linorobot2_viz' build argument 'cmake_target' from command line to 'None'
[0.277s] Level 5:colcon.colcon_core.verb:set package 'linorobot2_viz' build argument 'cmake_target_skip_unavailable' from command line to 'False'
[0.277s] Level 5:colcon.colcon_core.verb:set package 'linorobot2_viz' build argument 'cmake_clean_cache' from command line to 'False'
[0.277s] Level 5:colcon.colcon_core.verb:set package 'linorobot2_viz' build argument 'cmake_clean_first' from command line to 'False'
[0.277s] Level 5:colcon.colcon_core.verb:set package 'linorobot2_viz' build argument 'cmake_force_configure' from command line to 'False'
[0.277s] Level 5:colcon.colcon_core.verb:set package 'linorobot2_viz' build argument 'ament_cmake_args' from command line to 'None'
[0.277s] Level 5:colcon.colcon_core.verb:set package 'linorobot2_viz' build argument 'catkin_cmake_args' from command line to 'None'
[0.277s] Level 5:colcon.colcon_core.verb:set package 'linorobot2_viz' build argument 'catkin_skip_building_tests' from command line to 'False'
[0.277s] DEBUG:colcon.colcon_core.verb:Building package 'linorobot2_viz' with the following arguments: {'ament_cmake_args': None, 'build_base': '/home/ieee/robot_ws/src/build/linorobot2_viz', 'catkin_cmake_args': None, 'catkin_skip_building_tests': False, 'cmake_args': None, 'cmake_clean_cache': False, 'cmake_clean_first': False, 'cmake_force_configure': False, 'cmake_target': None, 'cmake_target_skip_unavailable': False, 'install_base': '/home/ieee/robot_ws/src/install/linorobot2_viz', 'merge_install': False, 'path': '/home/ieee/robot_ws/src/src/linorobot2_viz', 'symlink_install': False, 'test_result_base': None}
[0.277s] INFO:colcon.colcon_core.executor:Executing jobs using 'parallel' executor
[0.277s] DEBUG:colcon.colcon_parallel_executor.executor.parallel:run_until_complete
[0.278s] INFO:colcon.colcon_ros.task.ament_cmake.build:Building ROS package in '/home/ieee/robot_ws/src/src/linorobot2/linorobot2' with build type 'ament_cmake'
[0.278s] INFO:colcon.colcon_cmake.task.cmake.build:Building CMake package in '/home/ieee/robot_ws/src/src/linorobot2/linorobot2'
[0.279s] INFO:colcon.colcon_core.plugin_system:Skipping extension 'colcon_core.shell.bat': Not used on non-Windows systems
[0.279s] INFO:colcon.colcon_core.shell:Skip shell extension 'powershell' for command environment: Not usable outside of PowerShell
[0.279s] DEBUG:colcon.colcon_core.shell:Skip shell extension 'dsv' for command environment
[0.282s] INFO:colcon.colcon_ros.task.ament_cmake.build:Building ROS package in '/home/ieee/robot_ws/src/src/linorobot2/linorobot2_base' with build type 'ament_cmake'
[0.282s] INFO:colcon.colcon_cmake.task.cmake.build:Building CMake package in '/home/ieee/robot_ws/src/src/linorobot2/linorobot2_base'
[0.282s] INFO:colcon.colcon_core.shell:Skip shell extension 'powershell' for command environment: Not usable outside of PowerShell
[0.282s] DEBUG:colcon.colcon_core.shell:Skip shell extension 'dsv' for command environment
[0.284s] INFO:colcon.colcon_ros.task.ament_cmake.build:Building ROS package in '/home/ieee/robot_ws/src/src/linorobot2/linorobot2_bringup' with build type 'ament_cmake'
[0.284s] INFO:colcon.colcon_cmake.task.cmake.build:Building CMake package in '/home/ieee/robot_ws/src/src/linorobot2/linorobot2_bringup'
[0.284s] INFO:colcon.colcon_core.shell:Skip shell extension 'powershell' for command environment: Not usable outside of PowerShell
[0.284s] DEBUG:colcon.colcon_core.shell:Skip shell extension 'dsv' for command environment
[0.286s] INFO:colcon.colcon_ros.task.ament_cmake.build:Building ROS package in '/home/ieee/robot_ws/src/src/linorobot2/linorobot2_description' with build type 'ament_cmake'
[0.287s] INFO:colcon.colcon_cmake.task.cmake.build:Building CMake package in '/home/ieee/robot_ws/src/src/linorobot2/linorobot2_description'
[0.287s] INFO:colcon.colcon_core.shell:Skip shell extension 'powershell' for command environment: Not usable outside of PowerShell
[0.287s] DEBUG:colcon.colcon_core.shell:Skip shell extension 'dsv' for command environment
[0.289s] INFO:colcon.colcon_ros.task.ament_cmake.build:Building ROS package in '/home/ieee/robot_ws/src/src/linorobot2/linorobot2_gazebo' with build type 'ament_cmake'
[0.289s] INFO:colcon.colcon_cmake.task.cmake.build:Building CMake package in '/home/ieee/robot_ws/src/src/linorobot2/linorobot2_gazebo'
[0.289s] INFO:colcon.colcon_core.shell:Skip shell extension 'powershell' for command environment: Not usable outside of PowerShell
[0.289s] DEBUG:colcon.colcon_core.shell:Skip shell extension 'dsv' for command environment
[0.291s] INFO:colcon.colcon_ros.task.ament_cmake.build:Building ROS package in '/home/ieee/robot_ws/src/src/linorobot2/linorobot2_navigation' with build type 'ament_cmake'
[0.292s] INFO:colcon.colcon_cmake.task.cmake.build:Building CMake package in '/home/ieee/robot_ws/src/src/linorobot2/linorobot2_navigation'
[0.292s] INFO:colcon.colcon_core.shell:Skip shell extension 'powershell' for command environment: Not usable outside of PowerShell
[0.292s] DEBUG:colcon.colcon_core.shell:Skip shell extension 'dsv' for command environment
[0.294s] INFO:colcon.colcon_ros.task.ament_cmake.build:Building ROS package in '/home/ieee/robot_ws/src/src/linorobot2_viz' with build type 'ament_cmake'
[0.294s] INFO:colcon.colcon_cmake.task.cmake.build:Building CMake package in '/home/ieee/robot_ws/src/src/linorobot2_viz'
[0.294s] INFO:colcon.colcon_core.shell:Skip shell extension 'powershell' for command environment: Not usable outside of PowerShell
[0.294s] DEBUG:colcon.colcon_core.shell:Skip shell extension 'dsv' for command environment
[0.300s] DEBUG:colcon.colcon_core.event_handler.log_command:Invoking command in '/home/ieee/robot_ws/src/build/linorobot2': CMAKE_PREFIX_PATH=${CMAKE_PREFIX_PATH}:/opt/ros/humble /usr/bin/cmake --build /home/ieee/robot_ws/src/build/linorobot2 -- -j16 -l16
[0.302s] DEBUG:colcon.colcon_core.event_handler.log_command:Invoking command in '/home/ieee/robot_ws/src/build/linorobot2_base': CMAKE_PREFIX_PATH=${CMAKE_PREFIX_PATH}:/opt/ros/humble /usr/bin/cmake --build /home/ieee/robot_ws/src/build/linorobot2_base -- -j16 -l16
[0.303s] DEBUG:colcon.colcon_core.event_handler.log_command:Invoking command in '/home/ieee/robot_ws/src/build/linorobot2_bringup': CMAKE_PREFIX_PATH=${CMAKE_PREFIX_PATH}:/opt/ros/humble /usr/bin/cmake --build /home/ieee/robot_ws/src/build/linorobot2_bringup -- -j16 -l16
[0.305s] DEBUG:colcon.colcon_core.event_handler.log_command:Invoking command in '/home/ieee/robot_ws/src/build/linorobot2_description': CMAKE_PREFIX_PATH=${CMAKE_PREFIX_PATH}:/opt/ros/humble /usr/bin/cmake --build /home/ieee/robot_ws/src/build/linorobot2_description -- -j16 -l16
[0.307s] DEBUG:colcon.colcon_core.event_handler.log_command:Invoking command in '/home/ieee/robot_ws/src/build/linorobot2_gazebo': CMAKE_PREFIX_PATH=${CMAKE_PREFIX_PATH}:/opt/ros/humble /usr/bin/cmake --build /home/ieee/robot_ws/src/build/linorobot2_gazebo -- -j16 -l16
[0.309s] DEBUG:colcon.colcon_core.event_handler.log_command:Invoking command in '/home/ieee/robot_ws/src/build/linorobot2_navigation': CMAKE_PREFIX_PATH=${CMAKE_PREFIX_PATH}:/opt/ros/humble /usr/bin/cmake --build /home/ieee/robot_ws/src/build/linorobot2_navigation -- -j16 -l16
[0.311s] DEBUG:colcon.colcon_core.event_handler.log_command:Invoking command in '/home/ieee/robot_ws/src/build/linorobot2_viz': CMAKE_PREFIX_PATH=${CMAKE_PREFIX_PATH}:/opt/ros/humble /usr/bin/cmake --build /home/ieee/robot_ws/src/build/linorobot2_viz -- -j16 -l16
[0.323s] DEBUG:colcon.colcon_core.event_handler.log_command:Invoked command in '/home/ieee/robot_ws/src/build/linorobot2' returned '0': CMAKE_PREFIX_PATH=${CMAKE_PREFIX_PATH}:/opt/ros/humble /usr/bin/cmake --build /home/ieee/robot_ws/src/build/linorobot2 -- -j16 -l16
[0.324s] DEBUG:colcon.colcon_core.event_handler.log_command:Invoked command in '/home/ieee/robot_ws/src/build/linorobot2_base' returned '0': CMAKE_PREFIX_PATH=${CMAKE_PREFIX_PATH}:/opt/ros/humble /usr/bin/cmake --build /home/ieee/robot_ws/src/build/linorobot2_base -- -j16 -l16
[0.327s] DEBUG:colcon.colcon_core.event_handler.log_command:Invoked command in '/home/ieee/robot_ws/src/build/linorobot2_bringup' returned '0': CMAKE_PREFIX_PATH=${CMAKE_PREFIX_PATH}:/opt/ros/humble /usr/bin/cmake --build /home/ieee/robot_ws/src/build/linorobot2_bringup -- -j16 -l16
[0.328s] DEBUG:colcon.colcon_core.event_handler.log_command:Invoked command in '/home/ieee/robot_ws/src/build/linorobot2_description' returned '0': CMAKE_PREFIX_PATH=${CMAKE_PREFIX_PATH}:/opt/ros/humble /usr/bin/cmake --build /home/ieee/robot_ws/src/build/linorobot2_description -- -j16 -l16
[0.329s] DEBUG:colcon.colcon_core.event_handler.log_command:Invoked command in '/home/ieee/robot_ws/src/build/linorobot2_gazebo' returned '0': CMAKE_PREFIX_PATH=${CMAKE_PREFIX_PATH}:/opt/ros/humble /usr/bin/cmake --build /home/ieee/robot_ws/src/build/linorobot2_gazebo -- -j16 -l16
[0.330s] DEBUG:colcon.colcon_core.event_handler.log_command:Invoked command in '/home/ieee/robot_ws/src/build/linorobot2_navigation' returned '0': CMAKE_PREFIX_PATH=${CMAKE_PREFIX_PATH}:/opt/ros/humble /usr/bin/cmake --build /home/ieee/robot_ws/src/build/linorobot2_navigation -- -j16 -l16
[0.332s] DEBUG:colcon.colcon_core.event_handler.log_command:Invoked command in '/home/ieee/robot_ws/src/build/linorobot2_viz' returned '0': CMAKE_PREFIX_PATH=${CMAKE_PREFIX_PATH}:/opt/ros/humble /usr/bin/cmake --build /home/ieee/robot_ws/src/build/linorobot2_viz -- -j16 -l16
[0.341s] DEBUG:colcon.colcon_core.event_handler.log_command:Invoking command in '/home/ieee/robot_ws/src/build/linorobot2': CMAKE_PREFIX_PATH=${CMAKE_PREFIX_PATH}:/opt/ros/humble /usr/bin/cmake --install /home/ieee/robot_ws/src/build/linorobot2
[0.342s] DEBUG:colcon.colcon_core.event_handler.log_command:Invoking command in '/home/ieee/robot_ws/src/build/linorobot2_base': CMAKE_PREFIX_PATH=${CMAKE_PREFIX_PATH}:/opt/ros/humble /usr/bin/cmake --install /home/ieee/robot_ws/src/build/linorobot2_base
[0.343s] DEBUG:colcon.colcon_core.event_handler.log_command:Invoking command in '/home/ieee/robot_ws/src/build/linorobot2_bringup': CMAKE_PREFIX_PATH=${CMAKE_PREFIX_PATH}:/opt/ros/humble /usr/bin/cmake --install /home/ieee/robot_ws/src/build/linorobot2_bringup
[0.344s] DEBUG:colcon.colcon_core.event_handler.log_command:Invoking command in '/home/ieee/robot_ws/src/build/linorobot2_description': CMAKE_PREFIX_PATH=${CMAKE_PREFIX_PATH}:/opt/ros/humble /usr/bin/cmake --install /home/ieee/robot_ws/src/build/linorobot2_description
[0.345s] DEBUG:colcon.colcon_core.event_handler.log_command:Invoking command in '/home/ieee/robot_ws/src/build/linorobot2_gazebo': CMAKE_PREFIX_PATH=${CMAKE_PREFIX_PATH}:/opt/ros/humble /usr/bin/cmake --install /home/ieee/robot_ws/src/build/linorobot2_gazebo
[0.348s] Level 1:colcon.colcon_core.environment:create_environment_scripts_only(linorobot2)
[0.350s] DEBUG:colcon.colcon_core.event_handler.log_command:Invoking command in '/home/ieee/robot_ws/src/build/linorobot2_navigation': CMAKE_PREFIX_PATH=${CMAKE_PREFIX_PATH}:/opt/ros/humble /usr/bin/cmake --install /home/ieee/robot_ws/src/build/linorobot2_navigation
[0.353s] DEBUG:colcon.colcon_core.event_handler.log_command:Invoking command in '/home/ieee/robot_ws/src/build/linorobot2_viz': CMAKE_PREFIX_PATH=${CMAKE_PREFIX_PATH}:/opt/ros/humble /usr/bin/cmake --install /home/ieee/robot_ws/src/build/linorobot2_viz
[0.356s] DEBUG:colcon.colcon_core.event_handler.log_command:Invoked command in '/home/ieee/robot_ws/src/build/linorobot2' returned '0': CMAKE_PREFIX_PATH=${CMAKE_PREFIX_PATH}:/opt/ros/humble /usr/bin/cmake --install /home/ieee/robot_ws/src/build/linorobot2
[0.357s] Level 1:colcon.colcon_core.environment:checking '/home/ieee/robot_ws/src/install/linorobot2' for CMake module files
[0.359s] Level 1:colcon.colcon_core.environment:checking '/home/ieee/robot_ws/src/install/linorobot2' for CMake config files
[0.362s] Level 1:colcon.colcon_core.shell:create_environment_hook('linorobot2', 'cmake_prefix_path')
[0.362s] INFO:colcon.colcon_core.shell:Creating environment hook '/home/ieee/robot_ws/src/install/linorobot2/share/linorobot2/hook/cmake_prefix_path.ps1'
[0.363s] INFO:colcon.colcon_core.shell:Creating environment descriptor '/home/ieee/robot_ws/src/install/linorobot2/share/linorobot2/hook/cmake_prefix_path.dsv'
[0.363s] INFO:colcon.colcon_core.shell:Creating environment hook '/home/ieee/robot_ws/src/install/linorobot2/share/linorobot2/hook/cmake_prefix_path.sh'
[0.364s] Level 1:colcon.colcon_core.environment:checking '/home/ieee/robot_ws/src/install/linorobot2/bin'
[0.364s] Level 1:colcon.colcon_core.environment:checking '/home/ieee/robot_ws/src/install/linorobot2/lib/pkgconfig/linorobot2.pc'
[0.364s] Level 1:colcon.colcon_core.environment:checking '/home/ieee/robot_ws/src/install/linorobot2/lib/python3.10/site-packages'
[0.364s] Level 1:colcon.colcon_core.environment:checking '/home/ieee/robot_ws/src/install/linorobot2/bin'
[0.364s] INFO:colcon.colcon_core.shell:Creating package script '/home/ieee/robot_ws/src/install/linorobot2/share/linorobot2/package.ps1'
[0.365s] INFO:colcon.colcon_core.shell:Creating package descriptor '/home/ieee/robot_ws/src/install/linorobot2/share/linorobot2/package.dsv'
[0.365s] INFO:colcon.colcon_core.shell:Creating package script '/home/ieee/robot_ws/src/install/linorobot2/share/linorobot2/package.sh'
[0.366s] INFO:colcon.colcon_core.shell:Creating package script '/home/ieee/robot_ws/src/install/linorobot2/share/linorobot2/package.bash'
[0.366s] INFO:colcon.colcon_core.shell:Creating package script '/home/ieee/robot_ws/src/install/linorobot2/share/linorobot2/package.zsh'
[0.367s] Level 1:colcon.colcon_core.environment:create_file_with_runtime_dependencies(/home/ieee/robot_ws/src/install/linorobot2/share/colcon-core/packages/linorobot2)
[0.368s] Level 1:colcon.colcon_core.environment:create_environment_scripts_only(linorobot2_base)
[0.368s] Level 1:colcon.colcon_core.environment:checking '/home/ieee/robot_ws/src/install/linorobot2_base' for CMake module files
[0.369s] DEBUG:colcon.colcon_core.event_handler.log_command:Invoked command in '/home/ieee/robot_ws/src/build/linorobot2_base' returned '0': CMAKE_PREFIX_PATH=${CMAKE_PREFIX_PATH}:/opt/ros/humble /usr/bin/cmake --install /home/ieee/robot_ws/src/build/linorobot2_base
[0.369s] Level 1:colcon.colcon_core.environment:checking '/home/ieee/robot_ws/src/install/linorobot2_base' for CMake config files
[0.369s] Level 1:colcon.colcon_core.shell:create_environment_hook('linorobot2_base', 'cmake_prefix_path')
[0.369s] INFO:colcon.colcon_core.shell:Creating environment hook '/home/ieee/robot_ws/src/install/linorobot2_base/share/linorobot2_base/hook/cmake_prefix_path.ps1'
[0.369s] INFO:colcon.colcon_core.shell:Creating environment descriptor '/home/ieee/robot_ws/src/install/linorobot2_base/share/linorobot2_base/hook/cmake_prefix_path.dsv'
[0.370s] INFO:colcon.colcon_core.shell:Creating environment hook '/home/ieee/robot_ws/src/install/linorobot2_base/share/linorobot2_base/hook/cmake_prefix_path.sh'
[0.370s] Level 1:colcon.colcon_core.environment:checking '/home/ieee/robot_ws/src/install/linorobot2_base/bin'
[0.370s] Level 1:colcon.colcon_core.environment:checking '/home/ieee/robot_ws/src/install/linorobot2_base/lib/pkgconfig/linorobot2_base.pc'
[0.370s] Level 1:colcon.colcon_core.environment:checking '/home/ieee/robot_ws/src/install/linorobot2_base/lib/python3.10/site-packages'
[0.370s] Level 1:colcon.colcon_core.environment:checking '/home/ieee/robot_ws/src/install/linorobot2_base/bin'
[0.371s] INFO:colcon.colcon_core.shell:Creating package script '/home/ieee/robot_ws/src/install/linorobot2_base/share/linorobot2_base/package.ps1'
[0.371s] INFO:colcon.colcon_core.shell:Creating package descriptor '/home/ieee/robot_ws/src/install/linorobot2_base/share/linorobot2_base/package.dsv'
[0.371s] INFO:colcon.colcon_core.shell:Creating package script '/home/ieee/robot_ws/src/install/linorobot2_base/share/linorobot2_base/package.sh'
[0.371s] INFO:colcon.colcon_core.shell:Creating package script '/home/ieee/robot_ws/src/install/linorobot2_base/share/linorobot2_base/package.bash'
[0.372s] INFO:colcon.colcon_core.shell:Creating package script '/home/ieee/robot_ws/src/install/linorobot2_base/share/linorobot2_base/package.zsh'
[0.372s] Level 1:colcon.colcon_core.environment:create_file_with_runtime_dependencies(/home/ieee/robot_ws/src/install/linorobot2_base/share/colcon-core/packages/linorobot2_base)
[0.372s] Level 1:colcon.colcon_core.environment:create_environment_scripts_only(linorobot2_description)
[0.373s] Level 1:colcon.colcon_core.environment:checking '/home/ieee/robot_ws/src/install/linorobot2_description' for CMake module files
[0.373s] DEBUG:colcon.colcon_core.event_handler.log_command:Invoked command in '/home/ieee/robot_ws/src/build/linorobot2_description' returned '0': CMAKE_PREFIX_PATH=${CMAKE_PREFIX_PATH}:/opt/ros/humble /usr/bin/cmake --install /home/ieee/robot_ws/src/build/linorobot2_description
[0.373s] Level 1:colcon.colcon_core.environment:checking '/home/ieee/robot_ws/src/install/linorobot2_description' for CMake config files
[0.373s] Level 1:colcon.colcon_core.shell:create_environment_hook('linorobot2_description', 'cmake_prefix_path')
[0.374s] INFO:colcon.colcon_core.shell:Creating environment hook '/home/ieee/robot_ws/src/install/linorobot2_description/share/linorobot2_description/hook/cmake_prefix_path.ps1'
[0.374s] INFO:colcon.colcon_core.shell:Creating environment descriptor '/home/ieee/robot_ws/src/install/linorobot2_description/share/linorobot2_description/hook/cmake_prefix_path.dsv'
[0.374s] INFO:colcon.colcon_core.shell:Creating environment hook '/home/ieee/robot_ws/src/install/linorobot2_description/share/linorobot2_description/hook/cmake_prefix_path.sh'
[0.374s] Level 1:colcon.colcon_core.environment:checking '/home/ieee/robot_ws/src/install/linorobot2_description/bin'
[0.374s] Level 1:colcon.colcon_core.environment:checking '/home/ieee/robot_ws/src/install/linorobot2_description/lib/pkgconfig/linorobot2_description.pc'
[0.375s] Level 1:colcon.colcon_core.environment:checking '/home/ieee/robot_ws/src/install/linorobot2_description/lib/python3.10/site-packages'
[0.375s] Level 1:colcon.colcon_core.environment:checking '/home/ieee/robot_ws/src/install/linorobot2_description/bin'
[0.375s] INFO:colcon.colcon_core.shell:Creating package script '/home/ieee/robot_ws/src/install/linorobot2_description/share/linorobot2_description/package.ps1'
[0.375s] INFO:colcon.colcon_core.shell:Creating package descriptor '/home/ieee/robot_ws/src/install/linorobot2_description/share/linorobot2_description/package.dsv'
[0.376s] INFO:colcon.colcon_core.shell:Creating package script '/home/ieee/robot_ws/src/install/linorobot2_description/share/linorobot2_description/package.sh'
[0.376s] INFO:colcon.colcon_core.shell:Creating package script '/home/ieee/robot_ws/src/install/linorobot2_description/share/linorobot2_description/package.bash'
[0.376s] INFO:colcon.colcon_core.shell:Creating package script '/home/ieee/robot_ws/src/install/linorobot2_description/share/linorobot2_description/package.zsh'
[0.376s] Level 1:colcon.colcon_core.environment:create_file_with_runtime_dependencies(/home/ieee/robot_ws/src/install/linorobot2_description/share/colcon-core/packages/linorobot2_description)
[0.377s] Level 1:colcon.colcon_core.environment:create_environment_scripts_only(linorobot2_gazebo)
[0.377s] Level 1:colcon.colcon_core.environment:checking '/home/ieee/robot_ws/src/install/linorobot2_gazebo' for CMake module files
[0.378s] DEBUG:colcon.colcon_core.event_handler.log_command:Invoked command in '/home/ieee/robot_ws/src/build/linorobot2_gazebo' returned '0': CMAKE_PREFIX_PATH=${CMAKE_PREFIX_PATH}:/opt/ros/humble /usr/bin/cmake --install /home/ieee/robot_ws/src/build/linorobot2_gazebo
[0.378s] Level 1:colcon.colcon_core.environment:checking '/home/ieee/robot_ws/src/install/linorobot2_gazebo' for CMake config files
[0.378s] Level 1:colcon.colcon_core.shell:create_environment_hook('linorobot2_gazebo', 'cmake_prefix_path')
[0.378s] INFO:colcon.colcon_core.shell:Creating environment hook '/home/ieee/robot_ws/src/install/linorobot2_gazebo/share/linorobot2_gazebo/hook/cmake_prefix_path.ps1'
[0.379s] INFO:colcon.colcon_core.shell:Creating environment descriptor '/home/ieee/robot_ws/src/install/linorobot2_gazebo/share/linorobot2_gazebo/hook/cmake_prefix_path.dsv'
[0.379s] INFO:colcon.colcon_core.shell:Creating environment hook '/home/ieee/robot_ws/src/install/linorobot2_gazebo/share/linorobot2_gazebo/hook/cmake_prefix_path.sh'
[0.379s] Level 1:colcon.colcon_core.environment:checking '/home/ieee/robot_ws/src/install/linorobot2_gazebo/lib'
[0.379s] Level 1:colcon.colcon_core.environment:checking '/home/ieee/robot_ws/src/install/linorobot2_gazebo/bin'
[0.379s] Level 1:colcon.colcon_core.environment:checking '/home/ieee/robot_ws/src/install/linorobot2_gazebo/lib/pkgconfig/linorobot2_gazebo.pc'
[0.380s] Level 1:colcon.colcon_core.environment:checking '/home/ieee/robot_ws/src/install/linorobot2_gazebo/lib/python3.10/site-packages'
[0.380s] Level 1:colcon.colcon_core.environment:checking '/home/ieee/robot_ws/src/install/linorobot2_gazebo/bin'
[0.380s] INFO:colcon.colcon_core.shell:Creating package script '/home/ieee/robot_ws/src/install/linorobot2_gazebo/share/linorobot2_gazebo/package.ps1'
[0.380s] INFO:colcon.colcon_core.shell:Creating package descriptor '/home/ieee/robot_ws/src/install/linorobot2_gazebo/share/linorobot2_gazebo/package.dsv'
[0.380s] INFO:colcon.colcon_core.shell:Creating package script '/home/ieee/robot_ws/src/install/linorobot2_gazebo/share/linorobot2_gazebo/package.sh'
[0.381s] INFO:colcon.colcon_core.shell:Creating package script '/home/ieee/robot_ws/src/install/linorobot2_gazebo/share/linorobot2_gazebo/package.bash'
[0.381s] INFO:colcon.colcon_core.shell:Creating package script '/home/ieee/robot_ws/src/install/linorobot2_gazebo/share/linorobot2_gazebo/package.zsh'
[0.381s] Level 1:colcon.colcon_core.environment:create_file_with_runtime_dependencies(/home/ieee/robot_ws/src/install/linorobot2_gazebo/share/colcon-core/packages/linorobot2_gazebo)
[0.382s] Level 1:colcon.colcon_core.environment:create_environment_scripts_only(linorobot2_bringup)
[0.382s] Level 1:colcon.colcon_core.environment:checking '/home/ieee/robot_ws/src/install/linorobot2_bringup' for CMake module files
[0.382s] DEBUG:colcon.colcon_core.event_handler.log_command:Invoked command in '/home/ieee/robot_ws/src/build/linorobot2_bringup' returned '0': CMAKE_PREFIX_PATH=${CMAKE_PREFIX_PATH}:/opt/ros/humble /usr/bin/cmake --install /home/ieee/robot_ws/src/build/linorobot2_bringup
[0.382s] Level 1:colcon.colcon_core.environment:checking '/home/ieee/robot_ws/src/install/linorobot2_bringup' for CMake config files
[0.383s] Level 1:colcon.colcon_core.shell:create_environment_hook('linorobot2_bringup', 'cmake_prefix_path')
[0.383s] INFO:colcon.colcon_core.shell:Creating environment hook '/home/ieee/robot_ws/src/install/linorobot2_bringup/share/linorobot2_bringup/hook/cmake_prefix_path.ps1'
[0.383s] INFO:colcon.colcon_core.shell:Creating environment descriptor '/home/ieee/robot_ws/src/install/linorobot2_bringup/share/linorobot2_bringup/hook/cmake_prefix_path.dsv'
[0.383s] INFO:colcon.colcon_core.shell:Creating environment hook '/home/ieee/robot_ws/src/install/linorobot2_bringup/share/linorobot2_bringup/hook/cmake_prefix_path.sh'
[0.384s] Level 1:colcon.colcon_core.environment:checking '/home/ieee/robot_ws/src/install/linorobot2_bringup/bin'
[0.384s] Level 1:colcon.colcon_core.environment:checking '/home/ieee/robot_ws/src/install/linorobot2_bringup/lib/pkgconfig/linorobot2_bringup.pc'
[0.384s] Level 1:colcon.colcon_core.environment:checking '/home/ieee/robot_ws/src/install/linorobot2_bringup/lib/python3.10/site-packages'
[0.384s] Level 1:colcon.colcon_core.environment:checking '/home/ieee/robot_ws/src/install/linorobot2_bringup/bin'
[0.384s] INFO:colcon.colcon_core.shell:Creating package script '/home/ieee/robot_ws/src/install/linorobot2_bringup/share/linorobot2_bringup/package.ps1'
[0.384s] INFO:colcon.colcon_core.shell:Creating package descriptor '/home/ieee/robot_ws/src/install/linorobot2_bringup/share/linorobot2_bringup/package.dsv'
[0.385s] INFO:colcon.colcon_core.shell:Creating package script '/home/ieee/robot_ws/src/install/linorobot2_bringup/share/linorobot2_bringup/package.sh'
[0.385s] INFO:colcon.colcon_core.shell:Creating package script '/home/ieee/robot_ws/src/install/linorobot2_bringup/share/linorobot2_bringup/package.bash'
[0.385s] INFO:colcon.colcon_core.shell:Creating package script '/home/ieee/robot_ws/src/install/linorobot2_bringup/share/linorobot2_bringup/package.zsh'
[0.385s] Level 1:colcon.colcon_core.environment:create_file_with_runtime_dependencies(/home/ieee/robot_ws/src/install/linorobot2_bringup/share/colcon-core/packages/linorobot2_bringup)
[0.386s] Level 1:colcon.colcon_core.environment:create_environment_scripts_only(linorobot2_viz)
[0.387s] Level 1:colcon.colcon_core.environment:checking '/home/ieee/robot_ws/src/install/linorobot2_viz' for CMake module files
[0.387s] DEBUG:colcon.colcon_core.event_handler.log_command:Invoked command in '/home/ieee/robot_ws/src/build/linorobot2_viz' returned '0': CMAKE_PREFIX_PATH=${CMAKE_PREFIX_PATH}:/opt/ros/humble /usr/bin/cmake --install /home/ieee/robot_ws/src/build/linorobot2_viz
[0.387s] Level 1:colcon.colcon_core.environment:checking '/home/ieee/robot_ws/src/install/linorobot2_viz' for CMake config files
[0.387s] Level 1:colcon.colcon_core.shell:create_environment_hook('linorobot2_viz', 'cmake_prefix_path')
[0.387s] INFO:colcon.colcon_core.shell:Creating environment hook '/home/ieee/robot_ws/src/install/linorobot2_viz/share/linorobot2_viz/hook/cmake_prefix_path.ps1'
[0.388s] INFO:colcon.colcon_core.shell:Creating environment descriptor '/home/ieee/robot_ws/src/install/linorobot2_viz/share/linorobot2_viz/hook/cmake_prefix_path.dsv'
[0.388s] INFO:colcon.colcon_core.shell:Creating environment hook '/home/ieee/robot_ws/src/install/linorobot2_viz/share/linorobot2_viz/hook/cmake_prefix_path.sh'
[0.388s] Level 1:colcon.colcon_core.environment:checking '/home/ieee/robot_ws/src/install/linorobot2_viz/bin'
[0.388s] Level 1:colcon.colcon_core.environment:checking '/home/ieee/robot_ws/src/install/linorobot2_viz/lib/pkgconfig/linorobot2_viz.pc'
[0.388s] Level 1:colcon.colcon_core.environment:checking '/home/ieee/robot_ws/src/install/linorobot2_viz/lib/python3.10/site-packages'
[0.389s] Level 1:colcon.colcon_core.environment:checking '/home/ieee/robot_ws/src/install/linorobot2_viz/bin'
[0.389s] INFO:colcon.colcon_core.shell:Creating package script '/home/ieee/robot_ws/src/install/linorobot2_viz/share/linorobot2_viz/package.ps1'
[0.389s] INFO:colcon.colcon_core.shell:Creating package descriptor '/home/ieee/robot_ws/src/install/linorobot2_viz/share/linorobot2_viz/package.dsv'
[0.389s] INFO:colcon.colcon_core.shell:Creating package script '/home/ieee/robot_ws/src/install/linorobot2_viz/share/linorobot2_viz/package.sh'
[0.390s] INFO:colcon.colcon_core.shell:Creating package script '/home/ieee/robot_ws/src/install/linorobot2_viz/share/linorobot2_viz/package.bash'
[0.390s] INFO:colcon.colcon_core.shell:Creating package script '/home/ieee/robot_ws/src/install/linorobot2_viz/share/linorobot2_viz/package.zsh'
[0.390s] Level 1:colcon.colcon_core.environment:create_file_with_runtime_dependencies(/home/ieee/robot_ws/src/install/linorobot2_viz/share/colcon-core/packages/linorobot2_viz)
[0.391s] Level 1:colcon.colcon_core.environment:create_environment_scripts_only(linorobot2_navigation)
[0.391s] Level 1:colcon.colcon_core.environment:checking '/home/ieee/robot_ws/src/install/linorobot2_navigation' for CMake module files
[0.391s] DEBUG:colcon.colcon_core.event_handler.log_command:Invoked command in '/home/ieee/robot_ws/src/build/linorobot2_navigation' returned '0': CMAKE_PREFIX_PATH=${CMAKE_PREFIX_PATH}:/opt/ros/humble /usr/bin/cmake --install /home/ieee/robot_ws/src/build/linorobot2_navigation
[0.391s] Level 1:colcon.colcon_core.environment:checking '/home/ieee/robot_ws/src/install/linorobot2_navigation' for CMake config files
[0.392s] Level 1:colcon.colcon_core.shell:create_environment_hook('linorobot2_navigation', 'cmake_prefix_path')
[0.392s] INFO:colcon.colcon_core.shell:Creating environment hook '/home/ieee/robot_ws/src/install/linorobot2_navigation/share/linorobot2_navigation/hook/cmake_prefix_path.ps1'
[0.392s] INFO:colcon.colcon_core.shell:Creating environment descriptor '/home/ieee/robot_ws/src/install/linorobot2_navigation/share/linorobot2_navigation/hook/cmake_prefix_path.dsv'
[0.392s] INFO:colcon.colcon_core.shell:Creating environment hook '/home/ieee/robot_ws/src/install/linorobot2_navigation/share/linorobot2_navigation/hook/cmake_prefix_path.sh'
[0.393s] Level 1:colcon.colcon_core.environment:checking '/home/ieee/robot_ws/src/install/linorobot2_navigation/bin'
[0.393s] Level 1:colcon.colcon_core.environment:checking '/home/ieee/robot_ws/src/install/linorobot2_navigation/lib/pkgconfig/linorobot2_navigation.pc'
[0.393s] Level 1:colcon.colcon_core.environment:checking '/home/ieee/robot_ws/src/install/linorobot2_navigation/lib/python3.10/site-packages'
[0.393s] Level 1:colcon.colcon_core.environment:checking '/home/ieee/robot_ws/src/install/linorobot2_navigation/bin'
[0.393s] INFO:colcon.colcon_core.shell:Creating package script '/home/ieee/robot_ws/src/install/linorobot2_navigation/share/linorobot2_navigation/package.ps1'
[0.393s] INFO:colcon.colcon_core.shell:Creating package descriptor '/home/ieee/robot_ws/src/install/linorobot2_navigation/share/linorobot2_navigation/package.dsv'
[0.394s] INFO:colcon.colcon_core.shell:Creating package script '/home/ieee/robot_ws/src/install/linorobot2_navigation/share/linorobot2_navigation/package.sh'
[0.394s] INFO:colcon.colcon_core.shell:Creating package script '/home/ieee/robot_ws/src/install/linorobot2_navigation/share/linorobot2_navigation/package.bash'
[0.394s] INFO:colcon.colcon_core.shell:Creating package script '/home/ieee/robot_ws/src/install/linorobot2_navigation/share/linorobot2_navigation/package.zsh'
[0.394s] Level 1:colcon.colcon_core.environment:create_file_with_runtime_dependencies(/home/ieee/robot_ws/src/install/linorobot2_navigation/share/colcon-core/packages/linorobot2_navigation)
[0.396s] Level 1:colcon.colcon_core.environment:create_environment_scripts_only(linorobot2)
[0.396s] Level 1:colcon.colcon_core.environment:checking '/home/ieee/robot_ws/src/install/linorobot2' for CMake module files
[0.396s] Level 1:colcon.colcon_core.environment:checking '/home/ieee/robot_ws/src/install/linorobot2' for CMake config files
[0.397s] Level 1:colcon.colcon_core.shell:create_environment_hook('linorobot2', 'cmake_prefix_path')
[0.397s] INFO:colcon.colcon_core.shell:Creating environment hook '/home/ieee/robot_ws/src/install/linorobot2/share/linorobot2/hook/cmake_prefix_path.ps1'
[0.397s] INFO:colcon.colcon_core.shell:Creating environment descriptor '/home/ieee/robot_ws/src/install/linorobot2/share/linorobot2/hook/cmake_prefix_path.dsv'
[0.397s] INFO:colcon.colcon_core.shell:Creating environment hook '/home/ieee/robot_ws/src/install/linorobot2/share/linorobot2/hook/cmake_prefix_path.sh'
[0.398s] Level 1:colcon.colcon_core.environment:checking '/home/ieee/robot_ws/src/install/linorobot2/bin'
[0.398s] Level 1:colcon.colcon_core.environment:checking '/home/ieee/robot_ws/src/install/linorobot2/lib/pkgconfig/linorobot2.pc'
[0.398s] Level 1:colcon.colcon_core.environment:checking '/home/ieee/robot_ws/src/install/linorobot2/lib/python3.10/site-packages'
[0.398s] Level 1:colcon.colcon_core.environment:checking '/home/ieee/robot_ws/src/install/linorobot2/bin'
[0.398s] INFO:colcon.colcon_core.shell:Creating package script '/home/ieee/robot_ws/src/install/linorobot2/share/linorobot2/package.ps1'
[0.399s] INFO:colcon.colcon_core.shell:Creating package descriptor '/home/ieee/robot_ws/src/install/linorobot2/share/linorobot2/package.dsv'
[0.399s] INFO:colcon.colcon_core.shell:Creating package script '/home/ieee/robot_ws/src/install/linorobot2/share/linorobot2/package.sh'
[0.399s] INFO:colcon.colcon_core.shell:Creating package script '/home/ieee/robot_ws/src/install/linorobot2/share/linorobot2/package.bash'
[0.399s] INFO:colcon.colcon_core.shell:Creating package script '/home/ieee/robot_ws/src/install/linorobot2/share/linorobot2/package.zsh'
[0.400s] Level 1:colcon.colcon_core.environment:create_file_with_runtime_dependencies(/home/ieee/robot_ws/src/install/linorobot2/share/colcon-core/packages/linorobot2)
[0.400s] Level 1:colcon.colcon_core.environment:create_environment_scripts_only(linorobot2_base)
[0.400s] Level 1:colcon.colcon_core.environment:checking '/home/ieee/robot_ws/src/install/linorobot2_base' for CMake module files
[0.401s] Level 1:colcon.colcon_core.environment:checking '/home/ieee/robot_ws/src/install/linorobot2_base' for CMake config files
[0.401s] Level 1:colcon.colcon_core.shell:create_environment_hook('linorobot2_base', 'cmake_prefix_path')
[0.401s] INFO:colcon.colcon_core.shell:Creating environment hook '/home/ieee/robot_ws/src/install/linorobot2_base/share/linorobot2_base/hook/cmake_prefix_path.ps1'
[0.402s] INFO:colcon.colcon_core.shell:Creating environment descriptor '/home/ieee/robot_ws/src/install/linorobot2_base/share/linorobot2_base/hook/cmake_prefix_path.dsv'
[0.402s] INFO:colcon.colcon_core.shell:Creating environment hook '/home/ieee/robot_ws/src/install/linorobot2_base/share/linorobot2_base/hook/cmake_prefix_path.sh'
[0.402s] Level 1:colcon.colcon_core.environment:checking '/home/ieee/robot_ws/src/install/linorobot2_base/bin'
[0.402s] Level 1:colcon.colcon_core.environment:checking '/home/ieee/robot_ws/src/install/linorobot2_base/lib/pkgconfig/linorobot2_base.pc'
[0.402s] Level 1:colcon.colcon_core.environment:checking '/home/ieee/robot_ws/src/install/linorobot2_base/lib/python3.10/site-packages'
[0.402s] Level 1:colcon.colcon_core.environment:checking '/home/ieee/robot_ws/src/install/linorobot2_base/bin'
[0.403s] INFO:colcon.colcon_core.shell:Creating package script '/home/ieee/robot_ws/src/install/linorobot2_base/share/linorobot2_base/package.ps1'
[0.403s] INFO:colcon.colcon_core.shell:Creating package descriptor '/home/ieee/robot_ws/src/install/linorobot2_base/share/linorobot2_base/package.dsv'
[0.403s] INFO:colcon.colcon_core.shell:Creating package script '/home/ieee/robot_ws/src/install/linorobot2_base/share/linorobot2_base/package.sh'
[0.404s] INFO:colcon.colcon_core.shell:Creating package script '/home/ieee/robot_ws/src/install/linorobot2_base/share/linorobot2_base/package.bash'
[0.404s] INFO:colcon.colcon_core.shell:Creating package script '/home/ieee/robot_ws/src/install/linorobot2_base/share/linorobot2_base/package.zsh'
[0.404s] Level 1:colcon.colcon_core.environment:create_file_with_runtime_dependencies(/home/ieee/robot_ws/src/install/linorobot2_base/share/colcon-core/packages/linorobot2_base)
[0.405s] Level 1:colcon.colcon_core.environment:create_environment_scripts_only(linorobot2_description)
[0.405s] Level 1:colcon.colcon_core.environment:checking '/home/ieee/robot_ws/src/install/linorobot2_description' for CMake module files
[0.405s] Level 1:colcon.colcon_core.environment:checking '/home/ieee/robot_ws/src/install/linorobot2_description' for CMake config files
[0.406s] Level 1:colcon.colcon_core.shell:create_environment_hook('linorobot2_description', 'cmake_prefix_path')
[0.406s] INFO:colcon.colcon_core.shell:Creating environment hook '/home/ieee/robot_ws/src/install/linorobot2_description/share/linorobot2_description/hook/cmake_prefix_path.ps1'
[0.406s] INFO:colcon.colcon_core.shell:Creating environment descriptor '/home/ieee/robot_ws/src/install/linorobot2_description/share/linorobot2_description/hook/cmake_prefix_path.dsv'
[0.406s] INFO:colcon.colcon_core.shell:Creating environment hook '/home/ieee/robot_ws/src/install/linorobot2_description/share/linorobot2_description/hook/cmake_prefix_path.sh'
[0.407s] Level 1:colcon.colcon_core.environment:checking '/home/ieee/robot_ws/src/install/linorobot2_description/bin'
[0.407s] Level 1:colcon.colcon_core.environment:checking '/home/ieee/robot_ws/src/install/linorobot2_description/lib/pkgconfig/linorobot2_description.pc'
[0.407s] Level 1:colcon.colcon_core.environment:checking '/home/ieee/robot_ws/src/install/linorobot2_description/lib/python3.10/site-packages'
[0.407s] Level 1:colcon.colcon_core.environment:checking '/home/ieee/robot_ws/src/install/linorobot2_description/bin'
[0.407s] INFO:colcon.colcon_core.shell:Creating package script '/home/ieee/robot_ws/src/install/linorobot2_description/share/linorobot2_description/package.ps1'
[0.408s] INFO:colcon.colcon_core.shell:Creating package descriptor '/home/ieee/robot_ws/src/install/linorobot2_description/share/linorobot2_description/package.dsv'
[0.408s] INFO:colcon.colcon_core.shell:Creating package script '/home/ieee/robot_ws/src/install/linorobot2_description/share/linorobot2_description/package.sh'
[0.408s] INFO:colcon.colcon_core.shell:Creating package script '/home/ieee/robot_ws/src/install/linorobot2_description/share/linorobot2_description/package.bash'
[0.409s] INFO:colcon.colcon_core.shell:Creating package script '/home/ieee/robot_ws/src/install/linorobot2_description/share/linorobot2_description/package.zsh'
[0.409s] Level 1:colcon.colcon_core.environment:create_file_with_runtime_dependencies(/home/ieee/robot_ws/src/install/linorobot2_description/share/colcon-core/packages/linorobot2_description)
[0.409s] Level 1:colcon.colcon_core.environment:create_environment_scripts_only(linorobot2_gazebo)
[0.409s] Level 1:colcon.colcon_core.environment:checking '/home/ieee/robot_ws/src/install/linorobot2_gazebo' for CMake module files
[0.410s] Level 1:colcon.colcon_core.environment:checking '/home/ieee/robot_ws/src/install/linorobot2_gazebo' for CMake config files
[0.410s] Level 1:colcon.colcon_core.shell:create_environment_hook('linorobot2_gazebo', 'cmake_prefix_path')
[0.410s] INFO:colcon.colcon_core.shell:Creating environment hook '/home/ieee/robot_ws/src/install/linorobot2_gazebo/share/linorobot2_gazebo/hook/cmake_prefix_path.ps1'
[0.411s] INFO:colcon.colcon_core.shell:Creating environment descriptor '/home/ieee/robot_ws/src/install/linorobot2_gazebo/share/linorobot2_gazebo/hook/cmake_prefix_path.dsv'
[0.411s] INFO:colcon.colcon_core.shell:Creating environment hook '/home/ieee/robot_ws/src/install/linorobot2_gazebo/share/linorobot2_gazebo/hook/cmake_prefix_path.sh'
[0.411s] Level 1:colcon.colcon_core.environment:checking '/home/ieee/robot_ws/src/install/linorobot2_gazebo/lib'
[0.411s] Level 1:colcon.colcon_core.environment:checking '/home/ieee/robot_ws/src/install/linorobot2_gazebo/bin'
[0.411s] Level 1:colcon.colcon_core.environment:checking '/home/ieee/robot_ws/src/install/linorobot2_gazebo/lib/pkgconfig/linorobot2_gazebo.pc'
[0.411s] Level 1:colcon.colcon_core.environment:checking '/home/ieee/robot_ws/src/install/linorobot2_gazebo/lib/python3.10/site-packages'
[0.412s] Level 1:colcon.colcon_core.environment:checking '/home/ieee/robot_ws/src/install/linorobot2_gazebo/bin'
[0.412s] INFO:colcon.colcon_core.shell:Creating package script '/home/ieee/robot_ws/src/install/linorobot2_gazebo/share/linorobot2_gazebo/package.ps1'
[0.412s] INFO:colcon.colcon_core.shell:Creating package descriptor '/home/ieee/robot_ws/src/install/linorobot2_gazebo/share/linorobot2_gazebo/package.dsv'
[0.412s] INFO:colcon.colcon_core.shell:Creating package script '/home/ieee/robot_ws/src/install/linorobot2_gazebo/share/linorobot2_gazebo/package.sh'
[0.413s] INFO:colcon.colcon_core.shell:Creating package script '/home/ieee/robot_ws/src/install/linorobot2_gazebo/share/linorobot2_gazebo/package.bash'
[0.413s] INFO:colcon.colcon_core.shell:Creating package script '/home/ieee/robot_ws/src/install/linorobot2_gazebo/share/linorobot2_gazebo/package.zsh'
[0.413s] Level 1:colcon.colcon_core.environment:create_file_with_runtime_dependencies(/home/ieee/robot_ws/src/install/linorobot2_gazebo/share/colcon-core/packages/linorobot2_gazebo)
[0.414s] Level 1:colcon.colcon_core.environment:create_environment_scripts_only(linorobot2_bringup)
[0.414s] Level 1:colcon.colcon_core.environment:checking '/home/ieee/robot_ws/src/install/linorobot2_bringup' for CMake module files
[0.414s] Level 1:colcon.colcon_core.environment:checking '/home/ieee/robot_ws/src/install/linorobot2_bringup' for CMake config files
[0.415s] Level 1:colcon.colcon_core.shell:create_environment_hook('linorobot2_bringup', 'cmake_prefix_path')
[0.415s] INFO:colcon.colcon_core.shell:Creating environment hook '/home/ieee/robot_ws/src/install/linorobot2_bringup/share/linorobot2_bringup/hook/cmake_prefix_path.ps1'
[0.415s] INFO:colcon.colcon_core.shell:Creating environment descriptor '/home/ieee/robot_ws/src/install/linorobot2_bringup/share/linorobot2_bringup/hook/cmake_prefix_path.dsv'
[0.415s] INFO:colcon.colcon_core.shell:Creating environment hook '/home/ieee/robot_ws/src/install/linorobot2_bringup/share/linorobot2_bringup/hook/cmake_prefix_path.sh'
[0.416s] Level 1:colcon.colcon_core.environment:checking '/home/ieee/robot_ws/src/install/linorobot2_bringup/bin'
[0.416s] Level 1:colcon.colcon_core.environment:checking '/home/ieee/robot_ws/src/install/linorobot2_bringup/lib/pkgconfig/linorobot2_bringup.pc'
[0.416s] Level 1:colcon.colcon_core.environment:checking '/home/ieee/robot_ws/src/install/linorobot2_bringup/lib/python3.10/site-packages'
[0.416s] Level 1:colcon.colcon_core.environment:checking '/home/ieee/robot_ws/src/install/linorobot2_bringup/bin'
[0.416s] INFO:colcon.colcon_core.shell:Creating package script '/home/ieee/robot_ws/src/install/linorobot2_bringup/share/linorobot2_bringup/package.ps1'
[0.417s] INFO:colcon.colcon_core.shell:Creating package descriptor '/home/ieee/robot_ws/src/install/linorobot2_bringup/share/linorobot2_bringup/package.dsv'
[0.417s] INFO:colcon.colcon_core.shell:Creating package script '/home/ieee/robot_ws/src/install/linorobot2_bringup/share/linorobot2_bringup/package.sh'
[0.417s] INFO:colcon.colcon_core.shell:Creating package script '/home/ieee/robot_ws/src/install/linorobot2_bringup/share/linorobot2_bringup/package.bash'
[0.417s] INFO:colcon.colcon_core.shell:Creating package script '/home/ieee/robot_ws/src/install/linorobot2_bringup/share/linorobot2_bringup/package.zsh'
[0.418s] Level 1:colcon.colcon_core.environment:create_file_with_runtime_dependencies(/home/ieee/robot_ws/src/install/linorobot2_bringup/share/colcon-core/packages/linorobot2_bringup)
[0.418s] Level 1:colcon.colcon_core.environment:create_environment_scripts_only(linorobot2_viz)
[0.418s] Level 1:colcon.colcon_core.environment:checking '/home/ieee/robot_ws/src/install/linorobot2_viz' for CMake module files
[0.419s] Level 1:colcon.colcon_core.environment:checking '/home/ieee/robot_ws/src/install/linorobot2_viz' for CMake config files
[0.419s] Level 1:colcon.colcon_core.shell:create_environment_hook('linorobot2_viz', 'cmake_prefix_path')
[0.419s] INFO:colcon.colcon_core.shell:Creating environment hook '/home/ieee/robot_ws/src/install/linorobot2_viz/share/linorobot2_viz/hook/cmake_prefix_path.ps1'
[0.419s] INFO:colcon.colcon_core.shell:Creating environment descriptor '/home/ieee/robot_ws/src/install/linorobot2_viz/share/linorobot2_viz/hook/cmake_prefix_path.dsv'
[0.420s] INFO:colcon.colcon_core.shell:Creating environment hook '/home/ieee/robot_ws/src/install/linorobot2_viz/share/linorobot2_viz/hook/cmake_prefix_path.sh'
[0.420s] Level 1:colcon.colcon_core.environment:checking '/home/ieee/robot_ws/src/install/linorobot2_viz/bin'
[0.420s] Level 1:colcon.colcon_core.environment:checking '/home/ieee/robot_ws/src/install/linorobot2_viz/lib/pkgconfig/linorobot2_viz.pc'
[0.420s] Level 1:colcon.colcon_core.environment:checking '/home/ieee/robot_ws/src/install/linorobot2_viz/lib/python3.10/site-packages'
[0.420s] Level 1:colcon.colcon_core.environment:checking '/home/ieee/robot_ws/src/install/linorobot2_viz/bin'
[0.420s] INFO:colcon.colcon_core.shell:Creating package script '/home/ieee/robot_ws/src/install/linorobot2_viz/share/linorobot2_viz/package.ps1'
[0.421s] INFO:colcon.colcon_core.shell:Creating package descriptor '/home/ieee/robot_ws/src/install/linorobot2_viz/share/linorobot2_viz/package.dsv'
[0.421s] INFO:colcon.colcon_core.shell:Creating package script '/home/ieee/robot_ws/src/install/linorobot2_viz/share/linorobot2_viz/package.sh'
[0.421s] INFO:colcon.colcon_core.shell:Creating package script '/home/ieee/robot_ws/src/install/linorobot2_viz/share/linorobot2_viz/package.bash'
[0.422s] INFO:colcon.colcon_core.shell:Creating package script '/home/ieee/robot_ws/src/install/linorobot2_viz/share/linorobot2_viz/package.zsh'
[0.422s] Level 1:colcon.colcon_core.environment:create_file_with_runtime_dependencies(/home/ieee/robot_ws/src/install/linorobot2_viz/share/colcon-core/packages/linorobot2_viz)
[0.422s] Level 1:colcon.colcon_core.environment:create_environment_scripts_only(linorobot2_navigation)
[0.422s] Level 1:colcon.colcon_core.environment:checking '/home/ieee/robot_ws/src/install/linorobot2_navigation' for CMake module files
[0.423s] Level 1:colcon.colcon_core.environment:checking '/home/ieee/robot_ws/src/install/linorobot2_navigation' for CMake config files
[0.423s] Level 1:colcon.colcon_core.shell:create_environment_hook('linorobot2_navigation', 'cmake_prefix_path')
[0.423s] INFO:colcon.colcon_core.shell:Creating environment hook '/home/ieee/robot_ws/src/install/linorobot2_navigation/share/linorobot2_navigation/hook/cmake_prefix_path.ps1'
[0.424s] INFO:colcon.colcon_core.shell:Creating environment descriptor '/home/ieee/robot_ws/src/install/linorobot2_navigation/share/linorobot2_navigation/hook/cmake_prefix_path.dsv'
[0.424s] INFO:colcon.colcon_core.shell:Creating environment hook '/home/ieee/robot_ws/src/install/linorobot2_navigation/share/linorobot2_navigation/hook/cmake_prefix_path.sh'
[0.424s] Level 1:colcon.colcon_core.environment:checking '/home/ieee/robot_ws/src/install/linorobot2_navigation/bin'
[0.424s] Level 1:colcon.colcon_core.environment:checking '/home/ieee/robot_ws/src/install/linorobot2_navigation/lib/pkgconfig/linorobot2_navigation.pc'
[0.424s] Level 1:colcon.colcon_core.environment:checking '/home/ieee/robot_ws/src/install/linorobot2_navigation/lib/python3.10/site-packages'
[0.424s] Level 1:colcon.colcon_core.environment:checking '/home/ieee/robot_ws/src/install/linorobot2_navigation/bin'
[0.425s] INFO:colcon.colcon_core.shell:Creating package script '/home/ieee/robot_ws/src/install/linorobot2_navigation/share/linorobot2_navigation/package.ps1'
[0.425s] INFO:colcon.colcon_core.shell:Creating package descriptor '/home/ieee/robot_ws/src/install/linorobot2_navigation/share/linorobot2_navigation/package.dsv'
[0.425s] INFO:colcon.colcon_core.shell:Creating package script '/home/ieee/robot_ws/src/install/linorobot2_navigation/share/linorobot2_navigation/package.sh'
[0.426s] INFO:colcon.colcon_core.shell:Creating package script '/home/ieee/robot_ws/src/install/linorobot2_navigation/share/linorobot2_navigation/package.bash'
[0.426s] INFO:colcon.colcon_core.shell:Creating package script '/home/ieee/robot_ws/src/install/linorobot2_navigation/share/linorobot2_navigation/package.zsh'
[0.426s] Level 1:colcon.colcon_core.environment:create_file_with_runtime_dependencies(/home/ieee/robot_ws/src/install/linorobot2_navigation/share/colcon-core/packages/linorobot2_navigation)
[0.426s] DEBUG:colcon.colcon_parallel_executor.executor.parallel:closing loop
[0.427s] DEBUG:colcon.colcon_parallel_executor.executor.parallel:loop closed
[0.427s] DEBUG:colcon.colcon_parallel_executor.executor.parallel:run_until_complete finished with '0'
[0.427s] DEBUG:colcon.colcon_core.event_reactor:joining thread
[0.430s] INFO:colcon.colcon_core.plugin_system:Skipping extension 'colcon_notification.desktop_notification.terminal_notifier': Not used on non-Darwin systems
[0.430s] INFO:colcon.colcon_core.plugin_system:Skipping extension 'colcon_notification.desktop_notification.win32': Not used on non-Windows systems
[0.430s] INFO:colcon.colcon_notification.desktop_notification:Sending desktop notification using 'notify2'
[0.442s] DEBUG:colcon.colcon_core.event_reactor:joined thread
[0.442s] INFO:colcon.colcon_core.shell:Creating prefix script '/home/ieee/robot_ws/src/install/local_setup.ps1'
[0.443s] INFO:colcon.colcon_core.shell:Creating prefix util module '/home/ieee/robot_ws/src/install/_local_setup_util_ps1.py'
[0.444s] INFO:colcon.colcon_core.shell:Creating prefix chain script '/home/ieee/robot_ws/src/install/setup.ps1'
[0.445s] INFO:colcon.colcon_core.shell:Creating prefix script '/home/ieee/robot_ws/src/install/local_setup.sh'
[0.445s] INFO:colcon.colcon_core.shell:Creating prefix util module '/home/ieee/robot_ws/src/install/_local_setup_util_sh.py'
[0.446s] INFO:colcon.colcon_core.shell:Creating prefix chain script '/home/ieee/robot_ws/src/install/setup.sh'
[0.447s] INFO:colcon.colcon_core.shell:Creating prefix script '/home/ieee/robot_ws/src/install/local_setup.bash'
[0.447s] INFO:colcon.colcon_core.shell:Creating prefix chain script '/home/ieee/robot_ws/src/install/setup.bash'
[0.448s] INFO:colcon.colcon_core.shell:Creating prefix script '/home/ieee/robot_ws/src/install/local_setup.zsh'
[0.448s] INFO:colcon.colcon_core.shell:Creating prefix chain script '/home/ieee/robot_ws/src/install/setup.zsh'
