[0.013s] Invoking command in '/home/ieee/robot_ws/src/build/linorobot2_base': CMAKE_PREFIX_PATH=/opt/ros/humble /usr/bin/cmake /home/ieee/robot_ws/src/src/linorobot2/linorobot2_base -DCMAKE_INSTALL_PREFIX=/home/ieee/robot_ws/src/install/linorobot2_base
[0.127s] -- The C compiler identification is GNU 11.4.0
[0.162s] -- The CXX compiler identification is GNU 11.4.0
[0.167s] -- Detecting C compiler ABI info
[0.211s] -- Detecting C compiler ABI info - done
[0.216s] -- Check for working C compiler: /usr/bin/cc - skipped
[0.217s] -- Detecting C compile features
[0.217s] -- Detecting C compile features - done
[0.219s] -- Detecting CXX compiler ABI info
[0.270s] -- Detecting CXX compiler ABI info - done
[0.281s] -- Check for working CXX compiler: /usr/bin/c++ - skipped
[0.281s] -- Detecting CXX compile features
[0.282s] -- Detecting CXX compile features - done
[0.284s] -- Found ament_cmake: 1.3.10 (/opt/ros/humble/share/ament_cmake/cmake)
[0.388s] -- Found Python3: /usr/bin/python3 (found version "3.10.12") found components: Interpreter 
[0.492s] -- Configuring done
[0.494s] -- Generating done
[0.495s] -- Build files have been written to: /home/ieee/robot_ws/src/build/linorobot2_base
[0.497s] Invoked command in '/home/ieee/robot_ws/src/build/linorobot2_base' returned '0': CMAKE_PREFIX_PATH=/opt/ros/humble /usr/bin/cmake /home/ieee/robot_ws/src/src/linorobot2/linorobot2_base -DCMAKE_INSTALL_PREFIX=/home/ieee/robot_ws/src/install/linorobot2_base
[0.499s] Invoking command in '/home/ieee/robot_ws/src/build/linorobot2_base': CMAKE_PREFIX_PATH=/opt/ros/humble /usr/bin/cmake --build /home/ieee/robot_ws/src/build/linorobot2_base -- -j16 -l16
[0.521s] Invoked command in '/home/ieee/robot_ws/src/build/linorobot2_base' returned '0': CMAKE_PREFIX_PATH=/opt/ros/humble /usr/bin/cmake --build /home/ieee/robot_ws/src/build/linorobot2_base -- -j16 -l16
[0.538s] Invoking command in '/home/ieee/robot_ws/src/build/linorobot2_base': CMAKE_PREFIX_PATH=/opt/ros/humble /usr/bin/cmake --install /home/ieee/robot_ws/src/build/linorobot2_base
[0.543s] -- Install configuration: ""
[0.543s] -- Installing: /home/ieee/robot_ws/src/install/linorobot2_base/share/linorobot2_base/config
[0.543s] -- Installing: /home/ieee/robot_ws/src/install/linorobot2_base/share/linorobot2_base/config/ekf.yaml
[0.543s] -- Installing: /home/ieee/robot_ws/src/install/linorobot2_base/share/ament_index/resource_index/package_run_dependencies/linorobot2_base
[0.543s] -- Installing: /home/ieee/robot_ws/src/install/linorobot2_base/share/ament_index/resource_index/parent_prefix_path/linorobot2_base
[0.543s] -- Installing: /home/ieee/robot_ws/src/install/linorobot2_base/share/linorobot2_base/environment/ament_prefix_path.sh
[0.543s] -- Installing: /home/ieee/robot_ws/src/install/linorobot2_base/share/linorobot2_base/environment/ament_prefix_path.dsv
[0.543s] -- Installing: /home/ieee/robot_ws/src/install/linorobot2_base/share/linorobot2_base/environment/path.sh
[0.543s] -- Installing: /home/ieee/robot_ws/src/install/linorobot2_base/share/linorobot2_base/environment/path.dsv
[0.543s] -- Installing: /home/ieee/robot_ws/src/install/linorobot2_base/share/linorobot2_base/local_setup.bash
[0.543s] -- Installing: /home/ieee/robot_ws/src/install/linorobot2_base/share/linorobot2_base/local_setup.sh
[0.543s] -- Installing: /home/ieee/robot_ws/src/install/linorobot2_base/share/linorobot2_base/local_setup.zsh
[0.544s] -- Installing: /home/ieee/robot_ws/src/install/linorobot2_base/share/linorobot2_base/local_setup.dsv
[0.544s] -- Installing: /home/ieee/robot_ws/src/install/linorobot2_base/share/linorobot2_base/package.dsv
[0.544s] -- Installing: /home/ieee/robot_ws/src/install/linorobot2_base/share/ament_index/resource_index/packages/linorobot2_base
[0.544s] -- Installing: /home/ieee/robot_ws/src/install/linorobot2_base/share/linorobot2_base/cmake/linorobot2_baseConfig.cmake
[0.544s] -- Installing: /home/ieee/robot_ws/src/install/linorobot2_base/share/linorobot2_base/cmake/linorobot2_baseConfig-version.cmake
[0.544s] -- Installing: /home/ieee/robot_ws/src/install/linorobot2_base/share/linorobot2_base/package.xml
[0.549s] Invoked command in '/home/ieee/robot_ws/src/build/linorobot2_base' returned '0': CMAKE_PREFIX_PATH=/opt/ros/humble /usr/bin/cmake --install /home/ieee/robot_ws/src/build/linorobot2_base
