[0.023s] Invoking command in '/home/ieee/robot_ws/src/build/linorobot2': CMAKE_PREFIX_PATH=${CMAKE_PREFIX_PATH}:/opt/ros/humble /usr/bin/cmake --build /home/ieee/robot_ws/src/build/linorobot2 -- -j16 -l16
[0.044s] Invoked command in '/home/ieee/robot_ws/src/build/linorobot2' returned '0': CMAKE_PREFIX_PATH=${CMAKE_PREFIX_PATH}:/opt/ros/humble /usr/bin/cmake --build /home/ieee/robot_ws/src/build/linorobot2 -- -j16 -l16
[0.062s] Invoking command in '/home/ieee/robot_ws/src/build/linorobot2': CMAKE_PREFIX_PATH=${CMAKE_PREFIX_PATH}:/opt/ros/humble /usr/bin/cmake --install /home/ieee/robot_ws/src/build/linorobot2
[0.067s] -- Install configuration: ""
[0.067s] -- Up-to-date: /home/ieee/robot_ws/src/install/linorobot2/share/ament_index/resource_index/package_run_dependencies/linorobot2
[0.067s] -- Up-to-date: /home/ieee/robot_ws/src/install/linorobot2/share/ament_index/resource_index/parent_prefix_path/linorobot2
[0.067s] -- Up-to-date: /home/ieee/robot_ws/src/install/linorobot2/share/linorobot2/environment/ament_prefix_path.sh
[0.067s] -- Up-to-date: /home/ieee/robot_ws/src/install/linorobot2/share/linorobot2/environment/ament_prefix_path.dsv
[0.067s] -- Up-to-date: /home/ieee/robot_ws/src/install/linorobot2/share/linorobot2/environment/path.sh
[0.067s] -- Up-to-date: /home/ieee/robot_ws/src/install/linorobot2/share/linorobot2/environment/path.dsv
[0.067s] -- Up-to-date: /home/ieee/robot_ws/src/install/linorobot2/share/linorobot2/local_setup.bash
[0.067s] -- Up-to-date: /home/ieee/robot_ws/src/install/linorobot2/share/linorobot2/local_setup.sh
[0.067s] -- Up-to-date: /home/ieee/robot_ws/src/install/linorobot2/share/linorobot2/local_setup.zsh
[0.067s] -- Up-to-date: /home/ieee/robot_ws/src/install/linorobot2/share/linorobot2/local_setup.dsv
[0.068s] -- Installing: /home/ieee/robot_ws/src/install/linorobot2/share/linorobot2/package.dsv
[0.068s] -- Up-to-date: /home/ieee/robot_ws/src/install/linorobot2/share/ament_index/resource_index/packages/linorobot2
[0.068s] -- Up-to-date: /home/ieee/robot_ws/src/install/linorobot2/share/linorobot2/cmake/linorobot2Config.cmake
[0.068s] -- Up-to-date: /home/ieee/robot_ws/src/install/linorobot2/share/linorobot2/cmake/linorobot2Config-version.cmake
[0.068s] -- Up-to-date: /home/ieee/robot_ws/src/install/linorobot2/share/linorobot2/package.xml
[0.078s] Invoked command in '/home/ieee/robot_ws/src/build/linorobot2' returned '0': CMAKE_PREFIX_PATH=${CMAKE_PREFIX_PATH}:/opt/ros/humble /usr/bin/cmake --install /home/ieee/robot_ws/src/build/linorobot2
