[0.013s] Invoking command in '/home/ieee/robot_ws/src/build/linorobot2_description': CMAKE_PREFIX_PATH=/opt/ros/humble /usr/bin/cmake /home/ieee/robot_ws/src/src/linorobot2/linorobot2_description -DCMAKE_INSTALL_PREFIX=/home/ieee/robot_ws/src/install/linorobot2_description
[0.120s] -- The C compiler identification is GNU 11.4.0
[0.157s] -- The CXX compiler identification is GNU 11.4.0
[0.163s] -- Detecting C compiler ABI info
[0.208s] -- Detecting C compiler ABI info - done
[0.213s] -- Check for working C compiler: /usr/bin/cc - skipped
[0.213s] -- Detecting C compile features
[0.213s] -- Detecting C compile features - done
[0.215s] -- Detecting CXX compiler ABI info
[0.266s] -- Detecting CXX compiler ABI info - done
[0.277s] -- Check for working CXX compiler: /usr/bin/c++ - skipped
[0.277s] -- Detecting CXX compile features
[0.277s] -- Detecting CXX compile features - done
[0.279s] -- Found ament_cmake: 1.3.10 (/opt/ros/humble/share/ament_cmake/cmake)
[0.385s] -- Found Python3: /usr/bin/python3 (found version "3.10.12") found components: Interpreter 
[0.443s] -- Found urdf: 2.6.1 (/opt/ros/humble/share/urdf/cmake)
[0.518s] -- Configuring done
[0.520s] -- Generating done
[0.520s] -- Build files have been written to: /home/ieee/robot_ws/src/build/linorobot2_description
[0.524s] Invoked command in '/home/ieee/robot_ws/src/build/linorobot2_description' returned '0': CMAKE_PREFIX_PATH=/opt/ros/humble /usr/bin/cmake /home/ieee/robot_ws/src/src/linorobot2/linorobot2_description -DCMAKE_INSTALL_PREFIX=/home/ieee/robot_ws/src/install/linorobot2_description
[0.525s] Invoking command in '/home/ieee/robot_ws/src/build/linorobot2_description': CMAKE_PREFIX_PATH=/opt/ros/humble /usr/bin/cmake --build /home/ieee/robot_ws/src/build/linorobot2_description -- -j16 -l16
[0.568s] Invoked command in '/home/ieee/robot_ws/src/build/linorobot2_description' returned '0': CMAKE_PREFIX_PATH=/opt/ros/humble /usr/bin/cmake --build /home/ieee/robot_ws/src/build/linorobot2_description -- -j16 -l16
[0.588s] Invoking command in '/home/ieee/robot_ws/src/build/linorobot2_description': CMAKE_PREFIX_PATH=/opt/ros/humble /usr/bin/cmake --install /home/ieee/robot_ws/src/build/linorobot2_description
[0.592s] -- Install configuration: ""
[0.592s] -- Installing: /home/ieee/robot_ws/src/install/linorobot2_description/share/linorobot2_description/launch
[0.592s] -- Installing: /home/ieee/robot_ws/src/install/linorobot2_description/share/linorobot2_description/launch/description.launch.py
[0.592s] -- Installing: /home/ieee/robot_ws/src/install/linorobot2_description/share/linorobot2_description/urdf
[0.592s] -- Installing: /home/ieee/robot_ws/src/install/linorobot2_description/share/linorobot2_description/urdf/controllers
[0.592s] -- Installing: /home/ieee/robot_ws/src/install/linorobot2_description/share/linorobot2_description/urdf/controllers/skid_steer.urdf.xacro
[0.592s] -- Installing: /home/ieee/robot_ws/src/install/linorobot2_description/share/linorobot2_description/urdf/controllers/diff_drive.urdf.xacro
[0.592s] -- Installing: /home/ieee/robot_ws/src/install/linorobot2_description/share/linorobot2_description/urdf/controllers/omni_drive.urdf.xacro
[0.592s] -- Installing: /home/ieee/robot_ws/src/install/linorobot2_description/share/linorobot2_description/urdf/4wd_properties.urdf.xacro
[0.592s] -- Installing: /home/ieee/robot_ws/src/install/linorobot2_description/share/linorobot2_description/urdf/sensors
[0.593s] -- Installing: /home/ieee/robot_ws/src/install/linorobot2_description/share/linorobot2_description/urdf/sensors/depth_sensor.urdf.xacro
[0.593s] -- Installing: /home/ieee/robot_ws/src/install/linorobot2_description/share/linorobot2_description/urdf/sensors/laser.urdf.xacro
[0.593s] -- Installing: /home/ieee/robot_ws/src/install/linorobot2_description/share/linorobot2_description/urdf/sensors/generic_laser.urdf.xacro
[0.593s] -- Installing: /home/ieee/robot_ws/src/install/linorobot2_description/share/linorobot2_description/urdf/sensors/imu.urdf.xacro
[0.593s] -- Installing: /home/ieee/robot_ws/src/install/linorobot2_description/share/linorobot2_description/urdf/mecanum_properties.urdf.xacro
[0.593s] -- Installing: /home/ieee/robot_ws/src/install/linorobot2_description/share/linorobot2_description/urdf/mech
[0.593s] -- Installing: /home/ieee/robot_ws/src/install/linorobot2_description/share/linorobot2_description/urdf/mech/mecanum_wheel.urdf.xacro
[0.593s] -- Installing: /home/ieee/robot_ws/src/install/linorobot2_description/share/linorobot2_description/urdf/mech/base.urdf.xacro
[0.593s] -- Installing: /home/ieee/robot_ws/src/install/linorobot2_description/share/linorobot2_description/urdf/mech/caster_wheel.urdf.xacro
[0.593s] -- Installing: /home/ieee/robot_ws/src/install/linorobot2_description/share/linorobot2_description/urdf/mech/wheel.urdf.xacro
[0.593s] -- Installing: /home/ieee/robot_ws/src/install/linorobot2_description/share/linorobot2_description/urdf/robots
[0.593s] -- Installing: /home/ieee/robot_ws/src/install/linorobot2_description/share/linorobot2_description/urdf/robots/vattenkar.urdf.xacro
[0.593s] -- Installing: /home/ieee/robot_ws/src/install/linorobot2_description/share/linorobot2_description/urdf/robots/4wd.urdf.xacro
[0.593s] -- Installing: /home/ieee/robot_ws/src/install/linorobot2_description/share/linorobot2_description/urdf/robots/turtlebot.urdf.xacro
[0.593s] -- Installing: /home/ieee/robot_ws/src/install/linorobot2_description/share/linorobot2_description/urdf/robots/mecanum.urdf.xacro
[0.593s] -- Installing: /home/ieee/robot_ws/src/install/linorobot2_description/share/linorobot2_description/urdf/robots/2wd.urdf.xacro
[0.593s] -- Installing: /home/ieee/robot_ws/src/install/linorobot2_description/share/linorobot2_description/urdf/2wd_properties.urdf.xacro
[0.593s] -- Installing: /home/ieee/robot_ws/src/install/linorobot2_description/share/linorobot2_description/rviz
[0.593s] -- Installing: /home/ieee/robot_ws/src/install/linorobot2_description/share/linorobot2_description/rviz/description.rviz
[0.594s] -- Installing: /home/ieee/robot_ws/src/install/linorobot2_description/share/ament_index/resource_index/package_run_dependencies/linorobot2_description
[0.594s] -- Installing: /home/ieee/robot_ws/src/install/linorobot2_description/share/ament_index/resource_index/parent_prefix_path/linorobot2_description
[0.594s] -- Installing: /home/ieee/robot_ws/src/install/linorobot2_description/share/linorobot2_description/environment/ament_prefix_path.sh
[0.594s] -- Installing: /home/ieee/robot_ws/src/install/linorobot2_description/share/linorobot2_description/environment/ament_prefix_path.dsv
[0.594s] -- Installing: /home/ieee/robot_ws/src/install/linorobot2_description/share/linorobot2_description/environment/path.sh
[0.594s] -- Installing: /home/ieee/robot_ws/src/install/linorobot2_description/share/linorobot2_description/environment/path.dsv
[0.594s] -- Installing: /home/ieee/robot_ws/src/install/linorobot2_description/share/linorobot2_description/local_setup.bash
[0.594s] -- Installing: /home/ieee/robot_ws/src/install/linorobot2_description/share/linorobot2_description/local_setup.sh
[0.594s] -- Installing: /home/ieee/robot_ws/src/install/linorobot2_description/share/linorobot2_description/local_setup.zsh
[0.594s] -- Installing: /home/ieee/robot_ws/src/install/linorobot2_description/share/linorobot2_description/local_setup.dsv
[0.594s] -- Installing: /home/ieee/robot_ws/src/install/linorobot2_description/share/linorobot2_description/package.dsv
[0.594s] -- Installing: /home/ieee/robot_ws/src/install/linorobot2_description/share/ament_index/resource_index/packages/linorobot2_description
[0.594s] -- Installing: /home/ieee/robot_ws/src/install/linorobot2_description/share/linorobot2_description/cmake/linorobot2_descriptionConfig.cmake
[0.595s] -- Installing: /home/ieee/robot_ws/src/install/linorobot2_description/share/linorobot2_description/cmake/linorobot2_descriptionConfig-version.cmake
[0.595s] -- Installing: /home/ieee/robot_ws/src/install/linorobot2_description/share/linorobot2_description/package.xml
[0.596s] Invoked command in '/home/ieee/robot_ws/src/build/linorobot2_description' returned '0': CMAKE_PREFIX_PATH=/opt/ros/humble /usr/bin/cmake --install /home/ieee/robot_ws/src/build/linorobot2_description
