[0.013s] Invoking command in '/home/ieee/robot_ws/src/build/linorobot2_navigation': CMAKE_PREFIX_PATH=/opt/ros/humble /usr/bin/cmake /home/ieee/robot_ws/src/src/linorobot2/linorobot2_navigation -DCMAKE_INSTALL_PREFIX=/home/ieee/robot_ws/src/install/linorobot2_navigation
[0.117s] -- The C compiler identification is GNU 11.4.0
[0.155s] -- The CXX compiler identification is GNU 11.4.0
[0.162s] -- Detecting C compiler ABI info
[0.204s] -- Detecting C compiler ABI info - done
[0.209s] -- Check for working C compiler: /usr/bin/cc - skipped
[0.209s] -- Detecting C compile features
[0.210s] -- Detecting C compile features - done
[0.212s] -- Detecting CXX compiler ABI info
[0.263s] -- Detecting CXX compiler ABI info - done
[0.269s] -- Check for working CXX compiler: /usr/bin/c++ - skipped
[0.269s] -- Detecting CXX compile features
[0.269s] -- Detecting CXX compile features - done
[0.270s] -- Found ament_cmake: 1.3.10 (/opt/ros/humble/share/ament_cmake/cmake)
[0.375s] -- Found Python3: /usr/bin/python3 (found version "3.10.12") found components: Interpreter 
[0.487s] -- Configuring done
[0.489s] -- Generating done
[0.490s] -- Build files have been written to: /home/ieee/robot_ws/src/build/linorobot2_navigation
[0.495s] Invoked command in '/home/ieee/robot_ws/src/build/linorobot2_navigation' returned '0': CMAKE_PREFIX_PATH=/opt/ros/humble /usr/bin/cmake /home/ieee/robot_ws/src/src/linorobot2/linorobot2_navigation -DCMAKE_INSTALL_PREFIX=/home/ieee/robot_ws/src/install/linorobot2_navigation
[0.496s] Invoking command in '/home/ieee/robot_ws/src/build/linorobot2_navigation': CMAKE_PREFIX_PATH=/opt/ros/humble /usr/bin/cmake --build /home/ieee/robot_ws/src/build/linorobot2_navigation -- -j16 -l16
[0.518s] Invoked command in '/home/ieee/robot_ws/src/build/linorobot2_navigation' returned '0': CMAKE_PREFIX_PATH=/opt/ros/humble /usr/bin/cmake --build /home/ieee/robot_ws/src/build/linorobot2_navigation -- -j16 -l16
[0.533s] Invoking command in '/home/ieee/robot_ws/src/build/linorobot2_navigation': CMAKE_PREFIX_PATH=/opt/ros/humble /usr/bin/cmake --install /home/ieee/robot_ws/src/build/linorobot2_navigation
[0.537s] -- Install configuration: ""
[0.537s] -- Installing: /home/ieee/robot_ws/src/install/linorobot2_navigation/share/linorobot2_navigation/launch
[0.538s] -- Installing: /home/ieee/robot_ws/src/install/linorobot2_navigation/share/linorobot2_navigation/launch/slam.launch.py
[0.538s] -- Installing: /home/ieee/robot_ws/src/install/linorobot2_navigation/share/linorobot2_navigation/launch/navigation.launch.py
[0.538s] -- Installing: /home/ieee/robot_ws/src/install/linorobot2_navigation/share/linorobot2_navigation/rviz
[0.538s] -- Installing: /home/ieee/robot_ws/src/install/linorobot2_navigation/share/linorobot2_navigation/rviz/linorobot2_navigation_minimal.rviz
[0.538s] -- Installing: /home/ieee/robot_ws/src/install/linorobot2_navigation/share/linorobot2_navigation/rviz/linorobot2_slam.rviz
[0.538s] -- Installing: /home/ieee/robot_ws/src/install/linorobot2_navigation/share/linorobot2_navigation/rviz/linorobot2_navigation.rviz
[0.538s] -- Installing: /home/ieee/robot_ws/src/install/linorobot2_navigation/share/linorobot2_navigation/config
[0.538s] -- Installing: /home/ieee/robot_ws/src/install/linorobot2_navigation/share/linorobot2_navigation/config/navigation.yaml
[0.538s] -- Installing: /home/ieee/robot_ws/src/install/linorobot2_navigation/share/linorobot2_navigation/config/slam.yaml
[0.538s] -- Installing: /home/ieee/robot_ws/src/install/linorobot2_navigation/share/linorobot2_navigation/config/navigation_sim.yaml
[0.538s] -- Installing: /home/ieee/robot_ws/src/install/linorobot2_navigation/share/linorobot2_navigation/maps
[0.538s] -- Installing: /home/ieee/robot_ws/src/install/linorobot2_navigation/share/linorobot2_navigation/maps/map.yaml
[0.539s] -- Installing: /home/ieee/robot_ws/src/install/linorobot2_navigation/share/linorobot2_navigation/maps/playground.yaml
[0.539s] -- Installing: /home/ieee/robot_ws/src/install/linorobot2_navigation/share/linorobot2_navigation/maps/playground.pgm
[0.539s] -- Installing: /home/ieee/robot_ws/src/install/linorobot2_navigation/share/linorobot2_navigation/maps/map.pgm
[0.541s] -- Installing: /home/ieee/robot_ws/src/install/linorobot2_navigation/share/ament_index/resource_index/package_run_dependencies/linorobot2_navigation
[0.541s] -- Installing: /home/ieee/robot_ws/src/install/linorobot2_navigation/share/ament_index/resource_index/parent_prefix_path/linorobot2_navigation
[0.542s] -- Installing: /home/ieee/robot_ws/src/install/linorobot2_navigation/share/linorobot2_navigation/environment/ament_prefix_path.sh
[0.542s] -- Installing: /home/ieee/robot_ws/src/install/linorobot2_navigation/share/linorobot2_navigation/environment/ament_prefix_path.dsv
[0.542s] -- Installing: /home/ieee/robot_ws/src/install/linorobot2_navigation/share/linorobot2_navigation/environment/path.sh
[0.542s] -- Installing: /home/ieee/robot_ws/src/install/linorobot2_navigation/share/linorobot2_navigation/environment/path.dsv
[0.542s] -- Installing: /home/ieee/robot_ws/src/install/linorobot2_navigation/share/linorobot2_navigation/local_setup.bash
[0.542s] -- Installing: /home/ieee/robot_ws/src/install/linorobot2_navigation/share/linorobot2_navigation/local_setup.sh
[0.542s] -- Installing: /home/ieee/robot_ws/src/install/linorobot2_navigation/share/linorobot2_navigation/local_setup.zsh
[0.542s] -- Installing: /home/ieee/robot_ws/src/install/linorobot2_navigation/share/linorobot2_navigation/local_setup.dsv
[0.543s] -- Installing: /home/ieee/robot_ws/src/install/linorobot2_navigation/share/linorobot2_navigation/package.dsv
[0.543s] -- Installing: /home/ieee/robot_ws/src/install/linorobot2_navigation/share/ament_index/resource_index/packages/linorobot2_navigation
[0.543s] -- Installing: /home/ieee/robot_ws/src/install/linorobot2_navigation/share/linorobot2_navigation/cmake/linorobot2_navigationConfig.cmake
[0.543s] -- Installing: /home/ieee/robot_ws/src/install/linorobot2_navigation/share/linorobot2_navigation/cmake/linorobot2_navigationConfig-version.cmake
[0.543s] -- Installing: /home/ieee/robot_ws/src/install/linorobot2_navigation/share/linorobot2_navigation/package.xml
[0.560s] Invoked command in '/home/ieee/robot_ws/src/build/linorobot2_navigation' returned '0': CMAKE_PREFIX_PATH=/opt/ros/humble /usr/bin/cmake --install /home/ieee/robot_ws/src/build/linorobot2_navigation
