[0.014s] Invoking command in '/home/ieee/robot_ws/build/linorobot2_navigation': CMAKE_PREFIX_PATH=/opt/ros/humble /usr/bin/cmake /home/ieee/robot_ws/src/src/linorobot2/linorobot2_navigation -DCMAKE_INSTALL_PREFIX=/home/ieee/robot_ws/install/linorobot2_navigation
[0.048s] -- The C compiler identification is GNU 11.4.0
[0.085s] -- The CXX compiler identification is GNU 11.4.0
[0.089s] -- Detecting C compiler ABI info
[0.132s] -- Detecting C compiler ABI info - done
[0.137s] -- Check for working C compiler: /usr/bin/cc - skipped
[0.137s] -- Detecting C compile features
[0.138s] -- Detecting C compile features - done
[0.140s] -- Detecting CXX compiler ABI info
[0.190s] -- Detecting CXX compiler ABI info - done
[0.201s] -- Check for working CXX compiler: /usr/bin/c++ - skipped
[0.201s] -- Detecting CXX compile features
[0.201s] -- Detecting CXX compile features - done
[0.203s] -- Found ament_cmake: 1.3.10 (/opt/ros/humble/share/ament_cmake/cmake)
[0.311s] -- Found Python3: /usr/bin/python3 (found version "3.10.12") found components: Interpreter 
[0.415s] -- Configuring done
[0.417s] -- Generating done
[0.418s] -- Build files have been written to: /home/ieee/robot_ws/build/linorobot2_navigation
[0.422s] Invoked command in '/home/ieee/robot_ws/build/linorobot2_navigation' returned '0': CMAKE_PREFIX_PATH=/opt/ros/humble /usr/bin/cmake /home/ieee/robot_ws/src/src/linorobot2/linorobot2_navigation -DCMAKE_INSTALL_PREFIX=/home/ieee/robot_ws/install/linorobot2_navigation
[0.423s] Invoking command in '/home/ieee/robot_ws/build/linorobot2_navigation': CMAKE_PREFIX_PATH=/opt/ros/humble /usr/bin/cmake --build /home/ieee/robot_ws/build/linorobot2_navigation -- -j16 -l16
[0.447s] Invoked command in '/home/ieee/robot_ws/build/linorobot2_navigation' returned '0': CMAKE_PREFIX_PATH=/opt/ros/humble /usr/bin/cmake --build /home/ieee/robot_ws/build/linorobot2_navigation -- -j16 -l16
[0.462s] Invoking command in '/home/ieee/robot_ws/build/linorobot2_navigation': CMAKE_PREFIX_PATH=/opt/ros/humble /usr/bin/cmake --install /home/ieee/robot_ws/build/linorobot2_navigation
[0.467s] -- Install configuration: ""
[0.467s] -- Installing: /home/ieee/robot_ws/install/linorobot2_navigation/share/linorobot2_navigation/launch
[0.467s] -- Installing: /home/ieee/robot_ws/install/linorobot2_navigation/share/linorobot2_navigation/launch/slam.launch.py
[0.467s] -- Installing: /home/ieee/robot_ws/install/linorobot2_navigation/share/linorobot2_navigation/launch/navigation.launch.py
[0.467s] -- Installing: /home/ieee/robot_ws/install/linorobot2_navigation/share/linorobot2_navigation/rviz
[0.467s] -- Installing: /home/ieee/robot_ws/install/linorobot2_navigation/share/linorobot2_navigation/rviz/linorobot2_navigation_minimal.rviz
[0.467s] -- Installing: /home/ieee/robot_ws/install/linorobot2_navigation/share/linorobot2_navigation/rviz/linorobot2_slam.rviz
[0.467s] -- Installing: /home/ieee/robot_ws/install/linorobot2_navigation/share/linorobot2_navigation/rviz/linorobot2_navigation.rviz
[0.467s] -- Installing: /home/ieee/robot_ws/install/linorobot2_navigation/share/linorobot2_navigation/config
[0.467s] -- Installing: /home/ieee/robot_ws/install/linorobot2_navigation/share/linorobot2_navigation/config/navigation.yaml
[0.467s] -- Installing: /home/ieee/robot_ws/install/linorobot2_navigation/share/linorobot2_navigation/config/slam.yaml
[0.467s] -- Installing: /home/ieee/robot_ws/install/linorobot2_navigation/share/linorobot2_navigation/config/navigation_sim.yaml
[0.468s] -- Installing: /home/ieee/robot_ws/install/linorobot2_navigation/share/linorobot2_navigation/maps
[0.468s] -- Installing: /home/ieee/robot_ws/install/linorobot2_navigation/share/linorobot2_navigation/maps/map.yaml
[0.468s] -- Installing: /home/ieee/robot_ws/install/linorobot2_navigation/share/linorobot2_navigation/maps/playground.yaml
[0.468s] -- Installing: /home/ieee/robot_ws/install/linorobot2_navigation/share/linorobot2_navigation/maps/playground.pgm
[0.468s] -- Installing: /home/ieee/robot_ws/install/linorobot2_navigation/share/linorobot2_navigation/maps/map.pgm
[0.470s] -- Installing: /home/ieee/robot_ws/install/linorobot2_navigation/share/ament_index/resource_index/package_run_dependencies/linorobot2_navigation
[0.470s] -- Installing: /home/ieee/robot_ws/install/linorobot2_navigation/share/ament_index/resource_index/parent_prefix_path/linorobot2_navigation
[0.470s] -- Installing: /home/ieee/robot_ws/install/linorobot2_navigation/share/linorobot2_navigation/environment/ament_prefix_path.sh
[0.470s] -- Installing: /home/ieee/robot_ws/install/linorobot2_navigation/share/linorobot2_navigation/environment/ament_prefix_path.dsv
[0.470s] -- Installing: /home/ieee/robot_ws/install/linorobot2_navigation/share/linorobot2_navigation/environment/path.sh
[0.470s] -- Installing: /home/ieee/robot_ws/install/linorobot2_navigation/share/linorobot2_navigation/environment/path.dsv
[0.470s] -- Installing: /home/ieee/robot_ws/install/linorobot2_navigation/share/linorobot2_navigation/local_setup.bash
[0.470s] -- Installing: /home/ieee/robot_ws/install/linorobot2_navigation/share/linorobot2_navigation/local_setup.sh
[0.470s] -- Installing: /home/ieee/robot_ws/install/linorobot2_navigation/share/linorobot2_navigation/local_setup.zsh
[0.470s] -- Installing: /home/ieee/robot_ws/install/linorobot2_navigation/share/linorobot2_navigation/local_setup.dsv
[0.470s] -- Installing: /home/ieee/robot_ws/install/linorobot2_navigation/share/linorobot2_navigation/package.dsv
[0.470s] -- Installing: /home/ieee/robot_ws/install/linorobot2_navigation/share/ament_index/resource_index/packages/linorobot2_navigation
[0.470s] -- Installing: /home/ieee/robot_ws/install/linorobot2_navigation/share/linorobot2_navigation/cmake/linorobot2_navigationConfig.cmake
[0.471s] -- Installing: /home/ieee/robot_ws/install/linorobot2_navigation/share/linorobot2_navigation/cmake/linorobot2_navigationConfig-version.cmake
[0.471s] -- Installing: /home/ieee/robot_ws/install/linorobot2_navigation/share/linorobot2_navigation/package.xml
[0.487s] Invoked command in '/home/ieee/robot_ws/build/linorobot2_navigation' returned '0': CMAKE_PREFIX_PATH=/opt/ros/humble /usr/bin/cmake --install /home/ieee/robot_ws/build/linorobot2_navigation
