[0.013s] Invoking command in '/home/ieee/robot_ws/build/linorobot2_viz': CMAKE_PREFIX_PATH=/opt/ros/humble /usr/bin/cmake /home/ieee/robot_ws/src/src/linorobot2_viz -DCMAKE_INSTALL_PREFIX=/home/ieee/robot_ws/install/linorobot2_viz
[0.049s] -- The C compiler identification is GNU 11.4.0
[0.087s] -- The CXX compiler identification is GNU 11.4.0
[0.092s] -- Detecting C compiler ABI info
[0.139s] -- Detecting C compiler ABI info - done
[0.144s] -- Check for working C compiler: /usr/bin/cc - skipped
[0.144s] -- Detecting C compile features
[0.145s] -- Detecting C compile features - done
[0.147s] -- Detecting CXX compiler ABI info
[0.206s] -- Detecting CXX compiler ABI info - done
[0.213s] -- Check for working CXX compiler: /usr/bin/c++ - skipped
[0.213s] -- Detecting CXX compile features
[0.213s] -- Detecting CXX compile features - done
[0.216s] -- Found ament_cmake: 1.3.10 (/opt/ros/humble/share/ament_cmake/cmake)
[0.324s] -- Found Python3: /usr/bin/python3 (found version "3.10.12") found components: Interpreter 
[0.434s] -- Configuring done
[0.436s] -- Generating done
[0.437s] -- Build files have been written to: /home/ieee/robot_ws/build/linorobot2_viz
[0.441s] Invoked command in '/home/ieee/robot_ws/build/linorobot2_viz' returned '0': CMAKE_PREFIX_PATH=/opt/ros/humble /usr/bin/cmake /home/ieee/robot_ws/src/src/linorobot2_viz -DCMAKE_INSTALL_PREFIX=/home/ieee/robot_ws/install/linorobot2_viz
[0.441s] Invoking command in '/home/ieee/robot_ws/build/linorobot2_viz': CMAKE_PREFIX_PATH=/opt/ros/humble /usr/bin/cmake --build /home/ieee/robot_ws/build/linorobot2_viz -- -j16 -l16
[0.490s] Invoked command in '/home/ieee/robot_ws/build/linorobot2_viz' returned '0': CMAKE_PREFIX_PATH=/opt/ros/humble /usr/bin/cmake --build /home/ieee/robot_ws/build/linorobot2_viz -- -j16 -l16
[0.512s] Invoking command in '/home/ieee/robot_ws/build/linorobot2_viz': CMAKE_PREFIX_PATH=/opt/ros/humble /usr/bin/cmake --install /home/ieee/robot_ws/build/linorobot2_viz
[0.516s] -- Install configuration: ""
[0.516s] -- Installing: /home/ieee/robot_ws/install/linorobot2_viz/share/linorobot2_viz/launch
[0.516s] -- Installing: /home/ieee/robot_ws/install/linorobot2_viz/share/linorobot2_viz/launch/slam.launch.py
[0.517s] -- Installing: /home/ieee/robot_ws/install/linorobot2_viz/share/linorobot2_viz/launch/navigation.launch.py
[0.517s] -- Installing: /home/ieee/robot_ws/install/linorobot2_viz/share/linorobot2_viz/launch/robot_model.launch.py
[0.517s] -- Installing: /home/ieee/robot_ws/install/linorobot2_viz/share/linorobot2_viz/rviz
[0.517s] -- Installing: /home/ieee/robot_ws/install/linorobot2_viz/share/linorobot2_viz/rviz/linorobot2_navigation_minimal.rviz
[0.517s] -- Installing: /home/ieee/robot_ws/install/linorobot2_viz/share/linorobot2_viz/rviz/linorobot2_slam.rviz
[0.517s] -- Installing: /home/ieee/robot_ws/install/linorobot2_viz/share/linorobot2_viz/rviz/description.rviz
[0.517s] -- Installing: /home/ieee/robot_ws/install/linorobot2_viz/share/linorobot2_viz/rviz/linorobot2_navigation.rviz
[0.517s] -- Installing: /home/ieee/robot_ws/install/linorobot2_viz/share/ament_index/resource_index/package_run_dependencies/linorobot2_viz
[0.517s] -- Installing: /home/ieee/robot_ws/install/linorobot2_viz/share/ament_index/resource_index/parent_prefix_path/linorobot2_viz
[0.517s] -- Installing: /home/ieee/robot_ws/install/linorobot2_viz/share/linorobot2_viz/environment/ament_prefix_path.sh
[0.517s] -- Installing: /home/ieee/robot_ws/install/linorobot2_viz/share/linorobot2_viz/environment/ament_prefix_path.dsv
[0.517s] -- Installing: /home/ieee/robot_ws/install/linorobot2_viz/share/linorobot2_viz/environment/path.sh
[0.517s] -- Installing: /home/ieee/robot_ws/install/linorobot2_viz/share/linorobot2_viz/environment/path.dsv
[0.517s] -- Installing: /home/ieee/robot_ws/install/linorobot2_viz/share/linorobot2_viz/local_setup.bash
[0.517s] -- Installing: /home/ieee/robot_ws/install/linorobot2_viz/share/linorobot2_viz/local_setup.sh
[0.517s] -- Installing: /home/ieee/robot_ws/install/linorobot2_viz/share/linorobot2_viz/local_setup.zsh
[0.517s] -- Installing: /home/ieee/robot_ws/install/linorobot2_viz/share/linorobot2_viz/local_setup.dsv
[0.518s] -- Installing: /home/ieee/robot_ws/install/linorobot2_viz/share/linorobot2_viz/package.dsv
[0.518s] -- Installing: /home/ieee/robot_ws/install/linorobot2_viz/share/ament_index/resource_index/packages/linorobot2_viz
[0.518s] -- Installing: /home/ieee/robot_ws/install/linorobot2_viz/share/linorobot2_viz/cmake/linorobot2_vizConfig.cmake
[0.518s] -- Installing: /home/ieee/robot_ws/install/linorobot2_viz/share/linorobot2_viz/cmake/linorobot2_vizConfig-version.cmake
[0.518s] -- Installing: /home/ieee/robot_ws/install/linorobot2_viz/share/linorobot2_viz/package.xml
[0.522s] Invoked command in '/home/ieee/robot_ws/build/linorobot2_viz' returned '0': CMAKE_PREFIX_PATH=/opt/ros/humble /usr/bin/cmake --install /home/ieee/robot_ws/build/linorobot2_viz
