[0.014s] Invoking command in '/home/ieee/robot_ws/build/linorobot2_gazebo': CMAKE_PREFIX_PATH=/opt/ros/humble /usr/bin/cmake /home/ieee/robot_ws/src/src/linorobot2/linorobot2_gazebo -DCMAKE_INSTALL_PREFIX=/home/ieee/robot_ws/install/linorobot2_gazebo
[0.046s] -- The C compiler identification is GNU 11.4.0
[0.086s] -- The CXX compiler identification is GNU 11.4.0
[0.090s] -- Detecting C compiler ABI info
[0.131s] -- Detecting C compiler ABI info - done
[0.137s] -- Check for working C compiler: /usr/bin/cc - skipped
[0.137s] -- Detecting C compile features
[0.137s] -- Detecting C compile features - done
[0.139s] -- Detecting CXX compiler ABI info
[0.189s] -- Detecting CXX compiler ABI info - done
[0.198s] -- Check for working CXX compiler: /usr/bin/c++ - skipped
[0.198s] -- Detecting CXX compile features
[0.199s] -- Detecting CXX compile features - done
[0.201s] -- Found ament_cmake: 1.3.10 (/opt/ros/humble/share/ament_cmake/cmake)
[0.311s] -- Found Python3: /usr/bin/python3 (found version "3.10.12") found components: Interpreter 
[0.371s] -- Found rclpy: 3.3.14 (/opt/ros/humble/share/rclpy/cmake)
[0.660s] Traceback (most recent call last):
[0.660s]   File "/home/ieee/robot_ws/src/src/linorobot2/linorobot2_gazebo/scripts/map2gazebo.py", line 3, in <module>
[0.660s]     import trimesh
[0.660s] ModuleNotFoundError: No module named 'trimesh'
[0.680s] [33mCMake Warning at CMakeLists.txt:18 (message):
[0.680s]   Python script execution failed with error code: 1
[0.680s] 
[0.680s] [0m
[0.680s] [33mCMake Warning at CMakeLists.txt:19 (message):
[0.680s]   Script output:
[0.680s] 
[0.680s] [0m
[0.723s] -- Configuring done
[0.725s] -- Generating done
[0.726s] -- Build files have been written to: /home/ieee/robot_ws/build/linorobot2_gazebo
[0.729s] Invoked command in '/home/ieee/robot_ws/build/linorobot2_gazebo' returned '0': CMAKE_PREFIX_PATH=/opt/ros/humble /usr/bin/cmake /home/ieee/robot_ws/src/src/linorobot2/linorobot2_gazebo -DCMAKE_INSTALL_PREFIX=/home/ieee/robot_ws/install/linorobot2_gazebo
[0.730s] Invoking command in '/home/ieee/robot_ws/build/linorobot2_gazebo': CMAKE_PREFIX_PATH=/opt/ros/humble /usr/bin/cmake --build /home/ieee/robot_ws/build/linorobot2_gazebo -- -j16 -l16
[0.751s] Invoked command in '/home/ieee/robot_ws/build/linorobot2_gazebo' returned '0': CMAKE_PREFIX_PATH=/opt/ros/humble /usr/bin/cmake --build /home/ieee/robot_ws/build/linorobot2_gazebo -- -j16 -l16
[0.763s] Invoking command in '/home/ieee/robot_ws/build/linorobot2_gazebo': CMAKE_PREFIX_PATH=/opt/ros/humble /usr/bin/cmake --install /home/ieee/robot_ws/build/linorobot2_gazebo
[0.767s] -- Install configuration: ""
[0.767s] -- Installing: /home/ieee/robot_ws/install/linorobot2_gazebo/share/linorobot2_gazebo/launch
[0.767s] -- Installing: /home/ieee/robot_ws/install/linorobot2_gazebo/share/linorobot2_gazebo/launch/gazebo.launch.py
[0.767s] -- Installing: /home/ieee/robot_ws/install/linorobot2_gazebo/share/linorobot2_gazebo/rviz
[0.767s] -- Installing: /home/ieee/robot_ws/install/linorobot2_gazebo/share/linorobot2_gazebo/rviz/view_urdf.rviz
[0.767s] -- Installing: /home/ieee/robot_ws/install/linorobot2_gazebo/share/linorobot2_gazebo/worlds
[0.767s] -- Installing: /home/ieee/robot_ws/install/linorobot2_gazebo/share/linorobot2_gazebo/worlds/playground.world
[0.767s] -- Installing: /home/ieee/robot_ws/install/linorobot2_gazebo/share/linorobot2_gazebo/worlds/gas_station.world
[0.767s] -- Installing: /home/ieee/robot_ws/install/linorobot2_gazebo/lib/linorobot2_gazebo/command_timeout.py
[0.767s] -- Installing: /home/ieee/robot_ws/install/linorobot2_gazebo/share/linorobot2_gazebo/environment/linorobot2_gazebo.sh
[0.768s] -- Installing: /home/ieee/robot_ws/install/linorobot2_gazebo/share/ament_index/resource_index/package_run_dependencies/linorobot2_gazebo
[0.768s] -- Installing: /home/ieee/robot_ws/install/linorobot2_gazebo/share/ament_index/resource_index/parent_prefix_path/linorobot2_gazebo
[0.768s] -- Installing: /home/ieee/robot_ws/install/linorobot2_gazebo/share/linorobot2_gazebo/environment/ament_prefix_path.sh
[0.768s] -- Installing: /home/ieee/robot_ws/install/linorobot2_gazebo/share/linorobot2_gazebo/environment/ament_prefix_path.dsv
[0.768s] -- Installing: /home/ieee/robot_ws/install/linorobot2_gazebo/share/linorobot2_gazebo/environment/path.sh
[0.768s] -- Installing: /home/ieee/robot_ws/install/linorobot2_gazebo/share/linorobot2_gazebo/environment/path.dsv
[0.768s] -- Installing: /home/ieee/robot_ws/install/linorobot2_gazebo/share/linorobot2_gazebo/local_setup.bash
[0.768s] -- Installing: /home/ieee/robot_ws/install/linorobot2_gazebo/share/linorobot2_gazebo/local_setup.sh
[0.768s] -- Installing: /home/ieee/robot_ws/install/linorobot2_gazebo/share/linorobot2_gazebo/local_setup.zsh
[0.768s] -- Installing: /home/ieee/robot_ws/install/linorobot2_gazebo/share/linorobot2_gazebo/local_setup.dsv
[0.768s] -- Installing: /home/ieee/robot_ws/install/linorobot2_gazebo/share/linorobot2_gazebo/package.dsv
[0.768s] -- Installing: /home/ieee/robot_ws/install/linorobot2_gazebo/share/ament_index/resource_index/packages/linorobot2_gazebo
[0.769s] -- Installing: /home/ieee/robot_ws/install/linorobot2_gazebo/share/linorobot2_gazebo/cmake/linorobot2_gazeboConfig.cmake
[0.769s] -- Installing: /home/ieee/robot_ws/install/linorobot2_gazebo/share/linorobot2_gazebo/cmake/linorobot2_gazeboConfig-version.cmake
[0.769s] -- Installing: /home/ieee/robot_ws/install/linorobot2_gazebo/share/linorobot2_gazebo/package.xml
[0.770s] Invoked command in '/home/ieee/robot_ws/build/linorobot2_gazebo' returned '0': CMAKE_PREFIX_PATH=/opt/ros/humble /usr/bin/cmake --install /home/ieee/robot_ws/build/linorobot2_gazebo
