[0.017s] Invoking command in '/home/ieee/robot_ws/src/build/linorobot2_gazebo': CMAKE_PREFIX_PATH=${CMAKE_PREFIX_PATH}:/opt/ros/humble /usr/bin/cmake --build /home/ieee/robot_ws/src/build/linorobot2_gazebo -- -j16 -l16
[0.038s] Invoked command in '/home/ieee/robot_ws/src/build/linorobot2_gazebo' returned '0': CMAKE_PREFIX_PATH=${CMAKE_PREFIX_PATH}:/opt/ros/humble /usr/bin/cmake --build /home/ieee/robot_ws/src/build/linorobot2_gazebo -- -j16 -l16
[0.054s] Invoking command in '/home/ieee/robot_ws/src/build/linorobot2_gazebo': CMAKE_PREFIX_PATH=${CMAKE_PREFIX_PATH}:/opt/ros/humble /usr/bin/cmake --install /home/ieee/robot_ws/src/build/linorobot2_gazebo
[0.063s] -- Install configuration: ""
[0.063s] -- Up-to-date: /home/ieee/robot_ws/src/install/linorobot2_gazebo/share/linorobot2_gazebo/launch
[0.063s] -- Up-to-date: /home/ieee/robot_ws/src/install/linorobot2_gazebo/share/linorobot2_gazebo/launch/gazebo.launch.py
[0.063s] -- Up-to-date: /home/ieee/robot_ws/src/install/linorobot2_gazebo/share/linorobot2_gazebo/rviz
[0.063s] -- Up-to-date: /home/ieee/robot_ws/src/install/linorobot2_gazebo/share/linorobot2_gazebo/rviz/view_urdf.rviz
[0.063s] -- Up-to-date: /home/ieee/robot_ws/src/install/linorobot2_gazebo/share/linorobot2_gazebo/worlds
[0.063s] -- Up-to-date: /home/ieee/robot_ws/src/install/linorobot2_gazebo/share/linorobot2_gazebo/worlds/playground.world
[0.064s] -- Up-to-date: /home/ieee/robot_ws/src/install/linorobot2_gazebo/share/linorobot2_gazebo/worlds/gas_station.world
[0.064s] -- Up-to-date: /home/ieee/robot_ws/src/install/linorobot2_gazebo/lib/linorobot2_gazebo/command_timeout.py
[0.064s] -- Up-to-date: /home/ieee/robot_ws/src/install/linorobot2_gazebo/share/linorobot2_gazebo/environment/linorobot2_gazebo.sh
[0.064s] -- Up-to-date: /home/ieee/robot_ws/src/install/linorobot2_gazebo/share/ament_index/resource_index/package_run_dependencies/linorobot2_gazebo
[0.064s] -- Up-to-date: /home/ieee/robot_ws/src/install/linorobot2_gazebo/share/ament_index/resource_index/parent_prefix_path/linorobot2_gazebo
[0.064s] -- Up-to-date: /home/ieee/robot_ws/src/install/linorobot2_gazebo/share/linorobot2_gazebo/environment/ament_prefix_path.sh
[0.064s] -- Up-to-date: /home/ieee/robot_ws/src/install/linorobot2_gazebo/share/linorobot2_gazebo/environment/ament_prefix_path.dsv
[0.064s] -- Up-to-date: /home/ieee/robot_ws/src/install/linorobot2_gazebo/share/linorobot2_gazebo/environment/path.sh
[0.064s] -- Up-to-date: /home/ieee/robot_ws/src/install/linorobot2_gazebo/share/linorobot2_gazebo/environment/path.dsv
[0.064s] -- Up-to-date: /home/ieee/robot_ws/src/install/linorobot2_gazebo/share/linorobot2_gazebo/local_setup.bash
[0.064s] -- Up-to-date: /home/ieee/robot_ws/src/install/linorobot2_gazebo/share/linorobot2_gazebo/local_setup.sh
[0.065s] -- Up-to-date: /home/ieee/robot_ws/src/install/linorobot2_gazebo/share/linorobot2_gazebo/local_setup.zsh
[0.065s] -- Up-to-date: /home/ieee/robot_ws/src/install/linorobot2_gazebo/share/linorobot2_gazebo/local_setup.dsv
[0.065s] -- Installing: /home/ieee/robot_ws/src/install/linorobot2_gazebo/share/linorobot2_gazebo/package.dsv
[0.066s] -- Up-to-date: /home/ieee/robot_ws/src/install/linorobot2_gazebo/share/ament_index/resource_index/packages/linorobot2_gazebo
[0.066s] -- Up-to-date: /home/ieee/robot_ws/src/install/linorobot2_gazebo/share/linorobot2_gazebo/cmake/linorobot2_gazeboConfig.cmake
[0.066s] -- Up-to-date: /home/ieee/robot_ws/src/install/linorobot2_gazebo/share/linorobot2_gazebo/cmake/linorobot2_gazeboConfig-version.cmake
[0.066s] -- Up-to-date: /home/ieee/robot_ws/src/install/linorobot2_gazebo/share/linorobot2_gazebo/package.xml
[0.086s] Invoked command in '/home/ieee/robot_ws/src/build/linorobot2_gazebo' returned '0': CMAKE_PREFIX_PATH=${CMAKE_PREFIX_PATH}:/opt/ros/humble /usr/bin/cmake --install /home/ieee/robot_ws/src/build/linorobot2_gazebo
