[0.014s] Invoking command in '/home/ieee/robot_ws/build/linorobot2_description': CMAKE_PREFIX_PATH=/opt/ros/humble /usr/bin/cmake /home/ieee/robot_ws/src/src/linorobot2/linorobot2_description -DCMAKE_INSTALL_PREFIX=/home/ieee/robot_ws/install/linorobot2_description
[0.047s] -- The C compiler identification is GNU 11.4.0
[0.086s] -- The CXX compiler identification is GNU 11.4.0
[0.091s] -- Detecting C compiler ABI info
[0.132s] -- Detecting C compiler ABI info - done
[0.142s] -- Check for working C compiler: /usr/bin/cc - skipped
[0.142s] -- Detecting C compile features
[0.142s] -- Detecting C compile features - done
[0.144s] -- Detecting CXX compiler ABI info
[0.194s] -- Detecting CXX compiler ABI info - done
[0.201s] -- Check for working CXX compiler: /usr/bin/c++ - skipped
[0.201s] -- Detecting CXX compile features
[0.201s] -- Detecting CXX compile features - done
[0.203s] -- Found ament_cmake: 1.3.10 (/opt/ros/humble/share/ament_cmake/cmake)
[0.307s] -- Found Python3: /usr/bin/python3 (found version "3.10.12") found components: Interpreter 
[0.367s] -- Found urdf: 2.6.1 (/opt/ros/humble/share/urdf/cmake)
[0.448s] -- Configuring done
[0.450s] -- Generating done
[0.451s] -- Build files have been written to: /home/ieee/robot_ws/build/linorobot2_description
[0.461s] Invoked command in '/home/ieee/robot_ws/build/linorobot2_description' returned '0': CMAKE_PREFIX_PATH=/opt/ros/humble /usr/bin/cmake /home/ieee/robot_ws/src/src/linorobot2/linorobot2_description -DCMAKE_INSTALL_PREFIX=/home/ieee/robot_ws/install/linorobot2_description
[0.462s] Invoking command in '/home/ieee/robot_ws/build/linorobot2_description': CMAKE_PREFIX_PATH=/opt/ros/humble /usr/bin/cmake --build /home/ieee/robot_ws/build/linorobot2_description -- -j16 -l16
[0.497s] Invoked command in '/home/ieee/robot_ws/build/linorobot2_description' returned '0': CMAKE_PREFIX_PATH=/opt/ros/humble /usr/bin/cmake --build /home/ieee/robot_ws/build/linorobot2_description -- -j16 -l16
[0.526s] Invoking command in '/home/ieee/robot_ws/build/linorobot2_description': CMAKE_PREFIX_PATH=/opt/ros/humble /usr/bin/cmake --install /home/ieee/robot_ws/build/linorobot2_description
[0.531s] -- Install configuration: ""
[0.531s] -- Installing: /home/ieee/robot_ws/install/linorobot2_description/share/linorobot2_description/launch
[0.531s] -- Installing: /home/ieee/robot_ws/install/linorobot2_description/share/linorobot2_description/launch/description.launch.py
[0.531s] -- Installing: /home/ieee/robot_ws/install/linorobot2_description/share/linorobot2_description/urdf
[0.531s] -- Installing: /home/ieee/robot_ws/install/linorobot2_description/share/linorobot2_description/urdf/controllers
[0.531s] -- Installing: /home/ieee/robot_ws/install/linorobot2_description/share/linorobot2_description/urdf/controllers/skid_steer.urdf.xacro
[0.531s] -- Installing: /home/ieee/robot_ws/install/linorobot2_description/share/linorobot2_description/urdf/controllers/diff_drive.urdf.xacro
[0.531s] -- Installing: /home/ieee/robot_ws/install/linorobot2_description/share/linorobot2_description/urdf/controllers/omni_drive.urdf.xacro
[0.531s] -- Installing: /home/ieee/robot_ws/install/linorobot2_description/share/linorobot2_description/urdf/4wd_properties.urdf.xacro
[0.531s] -- Installing: /home/ieee/robot_ws/install/linorobot2_description/share/linorobot2_description/urdf/sensors
[0.531s] -- Installing: /home/ieee/robot_ws/install/linorobot2_description/share/linorobot2_description/urdf/sensors/depth_sensor.urdf.xacro
[0.531s] -- Installing: /home/ieee/robot_ws/install/linorobot2_description/share/linorobot2_description/urdf/sensors/laser.urdf.xacro
[0.532s] -- Installing: /home/ieee/robot_ws/install/linorobot2_description/share/linorobot2_description/urdf/sensors/generic_laser.urdf.xacro
[0.532s] -- Installing: /home/ieee/robot_ws/install/linorobot2_description/share/linorobot2_description/urdf/sensors/imu.urdf.xacro
[0.532s] -- Installing: /home/ieee/robot_ws/install/linorobot2_description/share/linorobot2_description/urdf/mecanum_properties.urdf.xacro
[0.532s] -- Installing: /home/ieee/robot_ws/install/linorobot2_description/share/linorobot2_description/urdf/mech
[0.532s] -- Installing: /home/ieee/robot_ws/install/linorobot2_description/share/linorobot2_description/urdf/mech/mecanum_wheel.urdf.xacro
[0.532s] -- Installing: /home/ieee/robot_ws/install/linorobot2_description/share/linorobot2_description/urdf/mech/base.urdf.xacro
[0.532s] -- Installing: /home/ieee/robot_ws/install/linorobot2_description/share/linorobot2_description/urdf/mech/caster_wheel.urdf.xacro
[0.532s] -- Installing: /home/ieee/robot_ws/install/linorobot2_description/share/linorobot2_description/urdf/mech/wheel.urdf.xacro
[0.532s] -- Installing: /home/ieee/robot_ws/install/linorobot2_description/share/linorobot2_description/urdf/robots
[0.532s] -- Installing: /home/ieee/robot_ws/install/linorobot2_description/share/linorobot2_description/urdf/robots/vattenkar.urdf.xacro
[0.532s] -- Installing: /home/ieee/robot_ws/install/linorobot2_description/share/linorobot2_description/urdf/robots/4wd.urdf.xacro
[0.532s] -- Installing: /home/ieee/robot_ws/install/linorobot2_description/share/linorobot2_description/urdf/robots/turtlebot.urdf.xacro
[0.532s] -- Installing: /home/ieee/robot_ws/install/linorobot2_description/share/linorobot2_description/urdf/robots/mecanum.urdf.xacro
[0.532s] -- Installing: /home/ieee/robot_ws/install/linorobot2_description/share/linorobot2_description/urdf/robots/2wd.urdf.xacro
[0.532s] -- Installing: /home/ieee/robot_ws/install/linorobot2_description/share/linorobot2_description/urdf/2wd_properties.urdf.xacro
[0.533s] -- Installing: /home/ieee/robot_ws/install/linorobot2_description/share/linorobot2_description/rviz
[0.533s] -- Installing: /home/ieee/robot_ws/install/linorobot2_description/share/linorobot2_description/rviz/description.rviz
[0.533s] -- Installing: /home/ieee/robot_ws/install/linorobot2_description/share/ament_index/resource_index/package_run_dependencies/linorobot2_description
[0.533s] -- Installing: /home/ieee/robot_ws/install/linorobot2_description/share/ament_index/resource_index/parent_prefix_path/linorobot2_description
[0.533s] -- Installing: /home/ieee/robot_ws/install/linorobot2_description/share/linorobot2_description/environment/ament_prefix_path.sh
[0.533s] -- Installing: /home/ieee/robot_ws/install/linorobot2_description/share/linorobot2_description/environment/ament_prefix_path.dsv
[0.533s] -- Installing: /home/ieee/robot_ws/install/linorobot2_description/share/linorobot2_description/environment/path.sh
[0.533s] -- Installing: /home/ieee/robot_ws/install/linorobot2_description/share/linorobot2_description/environment/path.dsv
[0.533s] -- Installing: /home/ieee/robot_ws/install/linorobot2_description/share/linorobot2_description/local_setup.bash
[0.533s] -- Installing: /home/ieee/robot_ws/install/linorobot2_description/share/linorobot2_description/local_setup.sh
[0.533s] -- Installing: /home/ieee/robot_ws/install/linorobot2_description/share/linorobot2_description/local_setup.zsh
[0.533s] -- Installing: /home/ieee/robot_ws/install/linorobot2_description/share/linorobot2_description/local_setup.dsv
[0.534s] -- Installing: /home/ieee/robot_ws/install/linorobot2_description/share/linorobot2_description/package.dsv
[0.534s] -- Installing: /home/ieee/robot_ws/install/linorobot2_description/share/ament_index/resource_index/packages/linorobot2_description
[0.534s] -- Installing: /home/ieee/robot_ws/install/linorobot2_description/share/linorobot2_description/cmake/linorobot2_descriptionConfig.cmake
[0.534s] -- Installing: /home/ieee/robot_ws/install/linorobot2_description/share/linorobot2_description/cmake/linorobot2_descriptionConfig-version.cmake
[0.534s] -- Installing: /home/ieee/robot_ws/install/linorobot2_description/share/linorobot2_description/package.xml
[0.535s] Invoked command in '/home/ieee/robot_ws/build/linorobot2_description' returned '0': CMAKE_PREFIX_PATH=/opt/ros/humble /usr/bin/cmake --install /home/ieee/robot_ws/build/linorobot2_description
