[0.019s] Invoking command in '/home/ieee/robot_ws/src/build/linorobot2_bringup': CMAKE_PREFIX_PATH=${CMAKE_PREFIX_PATH}:/opt/ros/humble /usr/bin/cmake --build /home/ieee/robot_ws/src/build/linorobot2_bringup -- -j16 -l16
[0.041s] Invoked command in '/home/ieee/robot_ws/src/build/linorobot2_bringup' returned '0': CMAKE_PREFIX_PATH=${CMAKE_PREFIX_PATH}:/opt/ros/humble /usr/bin/cmake --build /home/ieee/robot_ws/src/build/linorobot2_bringup -- -j16 -l16
[0.060s] Invoking command in '/home/ieee/robot_ws/src/build/linorobot2_bringup': CMAKE_PREFIX_PATH=${CMAKE_PREFIX_PATH}:/opt/ros/humble /usr/bin/cmake --install /home/ieee/robot_ws/src/build/linorobot2_bringup
[0.068s] -- Install configuration: ""
[0.069s] -- Up-to-date: /home/ieee/robot_ws/src/install/linorobot2_bringup/share/linorobot2_bringup/launch
[0.069s] -- Up-to-date: /home/ieee/robot_ws/src/install/linorobot2_bringup/share/linorobot2_bringup/launch/lasers.launch.py
[0.069s] -- Up-to-date: /home/ieee/robot_ws/src/install/linorobot2_bringup/share/linorobot2_bringup/launch/custom_robot.launch.py
[0.070s] -- Up-to-date: /home/ieee/robot_ws/src/install/linorobot2_bringup/share/linorobot2_bringup/launch/extra.launch.py
[0.070s] -- Up-to-date: /home/ieee/robot_ws/src/install/linorobot2_bringup/share/linorobot2_bringup/launch/default_robot.launch.py
[0.070s] -- Up-to-date: /home/ieee/robot_ws/src/install/linorobot2_bringup/share/linorobot2_bringup/launch/sensors.launch.py
[0.070s] -- Up-to-date: /home/ieee/robot_ws/src/install/linorobot2_bringup/share/linorobot2_bringup/launch/joy_teleop.launch.py
[0.070s] -- Up-to-date: /home/ieee/robot_ws/src/install/linorobot2_bringup/share/linorobot2_bringup/launch/bringup.launch.py
[0.070s] -- Up-to-date: /home/ieee/robot_ws/src/install/linorobot2_bringup/share/linorobot2_bringup/launch/depth.launch.py
[0.070s] -- Up-to-date: /home/ieee/robot_ws/src/install/linorobot2_bringup/share/linorobot2_bringup/config
[0.070s] -- Up-to-date: /home/ieee/robot_ws/src/install/linorobot2_bringup/share/linorobot2_bringup/config/box_laser_filter.yaml
[0.070s] -- Up-to-date: /home/ieee/robot_ws/src/install/linorobot2_bringup/share/linorobot2_bringup/config/joy.yaml
[0.070s] -- Up-to-date: /home/ieee/robot_ws/src/install/linorobot2_bringup/share/linorobot2_bringup/config/fake_laser.yaml
[0.070s] -- Up-to-date: /home/ieee/robot_ws/src/install/linorobot2_bringup/share/linorobot2_bringup/config/zed_common.yaml
[0.070s] -- Up-to-date: /home/ieee/robot_ws/src/install/linorobot2_bringup/share/ament_index/resource_index/package_run_dependencies/linorobot2_bringup
[0.070s] -- Up-to-date: /home/ieee/robot_ws/src/install/linorobot2_bringup/share/ament_index/resource_index/parent_prefix_path/linorobot2_bringup
[0.070s] -- Up-to-date: /home/ieee/robot_ws/src/install/linorobot2_bringup/share/linorobot2_bringup/environment/ament_prefix_path.sh
[0.070s] -- Up-to-date: /home/ieee/robot_ws/src/install/linorobot2_bringup/share/linorobot2_bringup/environment/ament_prefix_path.dsv
[0.070s] -- Up-to-date: /home/ieee/robot_ws/src/install/linorobot2_bringup/share/linorobot2_bringup/environment/path.sh
[0.070s] -- Up-to-date: /home/ieee/robot_ws/src/install/linorobot2_bringup/share/linorobot2_bringup/environment/path.dsv
[0.070s] -- Up-to-date: /home/ieee/robot_ws/src/install/linorobot2_bringup/share/linorobot2_bringup/local_setup.bash
[0.071s] -- Up-to-date: /home/ieee/robot_ws/src/install/linorobot2_bringup/share/linorobot2_bringup/local_setup.sh
[0.071s] -- Up-to-date: /home/ieee/robot_ws/src/install/linorobot2_bringup/share/linorobot2_bringup/local_setup.zsh
[0.071s] -- Up-to-date: /home/ieee/robot_ws/src/install/linorobot2_bringup/share/linorobot2_bringup/local_setup.dsv
[0.071s] -- Installing: /home/ieee/robot_ws/src/install/linorobot2_bringup/share/linorobot2_bringup/package.dsv
[0.071s] -- Up-to-date: /home/ieee/robot_ws/src/install/linorobot2_bringup/share/ament_index/resource_index/packages/linorobot2_bringup
[0.073s] -- Up-to-date: /home/ieee/robot_ws/src/install/linorobot2_bringup/share/linorobot2_bringup/cmake/linorobot2_bringupConfig.cmake
[0.073s] -- Up-to-date: /home/ieee/robot_ws/src/install/linorobot2_bringup/share/linorobot2_bringup/cmake/linorobot2_bringupConfig-version.cmake
[0.073s] -- Up-to-date: /home/ieee/robot_ws/src/install/linorobot2_bringup/share/linorobot2_bringup/package.xml
[0.097s] Invoked command in '/home/ieee/robot_ws/src/build/linorobot2_bringup' returned '0': CMAKE_PREFIX_PATH=${CMAKE_PREFIX_PATH}:/opt/ros/humble /usr/bin/cmake --install /home/ieee/robot_ws/src/build/linorobot2_bringup
