[0.016s] Invoking command in '/home/ieee/robot_ws/build/linorobot2_base': CMAKE_PREFIX_PATH=/opt/ros/humble /usr/bin/cmake /home/ieee/robot_ws/src/src/linorobot2/linorobot2_base -DCMAKE_INSTALL_PREFIX=/home/ieee/robot_ws/install/linorobot2_base
[0.049s] -- The C compiler identification is GNU 11.4.0
[0.087s] -- The CXX compiler identification is GNU 11.4.0
[0.092s] -- Detecting C compiler ABI info
[0.136s] -- Detecting C compiler ABI info - done
[0.141s] -- Check for working C compiler: /usr/bin/cc - skipped
[0.141s] -- Detecting C compile features
[0.141s] -- Detecting C compile features - done
[0.143s] -- Detecting CXX compiler ABI info
[0.194s] -- Detecting CXX compiler ABI info - done
[0.200s] -- Check for working CXX compiler: /usr/bin/c++ - skipped
[0.200s] -- Detecting CXX compile features
[0.201s] -- Detecting CXX compile features - done
[0.202s] -- Found ament_cmake: 1.3.10 (/opt/ros/humble/share/ament_cmake/cmake)
[0.307s] -- Found Python3: /usr/bin/python3 (found version "3.10.12") found components: Interpreter 
[0.420s] -- Configuring done
[0.422s] -- Generating done
[0.422s] -- Build files have been written to: /home/ieee/robot_ws/build/linorobot2_base
[0.426s] Invoked command in '/home/ieee/robot_ws/build/linorobot2_base' returned '0': CMAKE_PREFIX_PATH=/opt/ros/humble /usr/bin/cmake /home/ieee/robot_ws/src/src/linorobot2/linorobot2_base -DCMAKE_INSTALL_PREFIX=/home/ieee/robot_ws/install/linorobot2_base
[0.427s] Invoking command in '/home/ieee/robot_ws/build/linorobot2_base': CMAKE_PREFIX_PATH=/opt/ros/humble /usr/bin/cmake --build /home/ieee/robot_ws/build/linorobot2_base -- -j16 -l16
[0.449s] Invoked command in '/home/ieee/robot_ws/build/linorobot2_base' returned '0': CMAKE_PREFIX_PATH=/opt/ros/humble /usr/bin/cmake --build /home/ieee/robot_ws/build/linorobot2_base -- -j16 -l16
[0.463s] Invoking command in '/home/ieee/robot_ws/build/linorobot2_base': CMAKE_PREFIX_PATH=/opt/ros/humble /usr/bin/cmake --install /home/ieee/robot_ws/build/linorobot2_base
[0.468s] -- Install configuration: ""
[0.468s] -- Installing: /home/ieee/robot_ws/install/linorobot2_base/share/linorobot2_base/config
[0.468s] -- Installing: /home/ieee/robot_ws/install/linorobot2_base/share/linorobot2_base/config/ekf.yaml
[0.468s] -- Installing: /home/ieee/robot_ws/install/linorobot2_base/share/ament_index/resource_index/package_run_dependencies/linorobot2_base
[0.469s] -- Installing: /home/ieee/robot_ws/install/linorobot2_base/share/ament_index/resource_index/parent_prefix_path/linorobot2_base
[0.469s] -- Installing: /home/ieee/robot_ws/install/linorobot2_base/share/linorobot2_base/environment/ament_prefix_path.sh
[0.469s] -- Installing: /home/ieee/robot_ws/install/linorobot2_base/share/linorobot2_base/environment/ament_prefix_path.dsv
[0.469s] -- Installing: /home/ieee/robot_ws/install/linorobot2_base/share/linorobot2_base/environment/path.sh
[0.469s] -- Installing: /home/ieee/robot_ws/install/linorobot2_base/share/linorobot2_base/environment/path.dsv
[0.470s] -- Installing: /home/ieee/robot_ws/install/linorobot2_base/share/linorobot2_base/local_setup.bash
[0.470s] -- Installing: /home/ieee/robot_ws/install/linorobot2_base/share/linorobot2_base/local_setup.sh
[0.470s] -- Installing: /home/ieee/robot_ws/install/linorobot2_base/share/linorobot2_base/local_setup.zsh
[0.470s] -- Installing: /home/ieee/robot_ws/install/linorobot2_base/share/linorobot2_base/local_setup.dsv
[0.470s] -- Installing: /home/ieee/robot_ws/install/linorobot2_base/share/linorobot2_base/package.dsv
[0.470s] -- Installing: /home/ieee/robot_ws/install/linorobot2_base/share/ament_index/resource_index/packages/linorobot2_base
[0.470s] -- Installing: /home/ieee/robot_ws/install/linorobot2_base/share/linorobot2_base/cmake/linorobot2_baseConfig.cmake
[0.470s] -- Installing: /home/ieee/robot_ws/install/linorobot2_base/share/linorobot2_base/cmake/linorobot2_baseConfig-version.cmake
[0.470s] -- Installing: /home/ieee/robot_ws/install/linorobot2_base/share/linorobot2_base/package.xml
[0.486s] Invoked command in '/home/ieee/robot_ws/build/linorobot2_base' returned '0': CMAKE_PREFIX_PATH=/opt/ros/humble /usr/bin/cmake --install /home/ieee/robot_ws/build/linorobot2_base
