[0.015s] Invoking command in '/home/ieee/robot_ws/build/linorobot2_bringup': CMAKE_PREFIX_PATH=/opt/ros/humble /usr/bin/cmake /home/ieee/robot_ws/src/src/linorobot2/linorobot2_bringup -DCMAKE_INSTALL_PREFIX=/home/ieee/robot_ws/install/linorobot2_bringup
[0.050s] -- The C compiler identification is GNU 11.4.0
[0.086s] -- The CXX compiler identification is GNU 11.4.0
[0.090s] -- Detecting C compiler ABI info
[0.134s] -- Detecting C compiler ABI info - done
[0.140s] -- Check for working C compiler: /usr/bin/cc - skipped
[0.141s] -- Detecting C compile features
[0.141s] -- Detecting C compile features - done
[0.143s] -- Detecting CXX compiler ABI info
[0.193s] -- Detecting CXX compiler ABI info - done
[0.199s] -- Check for working CXX compiler: /usr/bin/c++ - skipped
[0.199s] -- Detecting CXX compile features
[0.200s] -- Detecting CXX compile features - done
[0.201s] -- Found ament_cmake: 1.3.10 (/opt/ros/humble/share/ament_cmake/cmake)
[0.305s] -- Found Python3: /usr/bin/python3 (found version "3.10.12") found components: Interpreter 
[0.410s] -- Configuring done
[0.412s] -- Generating done
[0.413s] -- Build files have been written to: /home/ieee/robot_ws/build/linorobot2_bringup
[0.416s] Invoked command in '/home/ieee/robot_ws/build/linorobot2_bringup' returned '0': CMAKE_PREFIX_PATH=/opt/ros/humble /usr/bin/cmake /home/ieee/robot_ws/src/src/linorobot2/linorobot2_bringup -DCMAKE_INSTALL_PREFIX=/home/ieee/robot_ws/install/linorobot2_bringup
[0.417s] Invoking command in '/home/ieee/robot_ws/build/linorobot2_bringup': CMAKE_PREFIX_PATH=/opt/ros/humble /usr/bin/cmake --build /home/ieee/robot_ws/build/linorobot2_bringup -- -j16 -l16
[0.441s] Invoked command in '/home/ieee/robot_ws/build/linorobot2_bringup' returned '0': CMAKE_PREFIX_PATH=/opt/ros/humble /usr/bin/cmake --build /home/ieee/robot_ws/build/linorobot2_bringup -- -j16 -l16
[0.459s] Invoking command in '/home/ieee/robot_ws/build/linorobot2_bringup': CMAKE_PREFIX_PATH=/opt/ros/humble /usr/bin/cmake --install /home/ieee/robot_ws/build/linorobot2_bringup
[0.464s] -- Install configuration: ""
[0.464s] -- Installing: /home/ieee/robot_ws/install/linorobot2_bringup/share/linorobot2_bringup/launch
[0.464s] -- Installing: /home/ieee/robot_ws/install/linorobot2_bringup/share/linorobot2_bringup/launch/lasers.launch.py
[0.464s] -- Installing: /home/ieee/robot_ws/install/linorobot2_bringup/share/linorobot2_bringup/launch/custom_robot.launch.py
[0.464s] -- Installing: /home/ieee/robot_ws/install/linorobot2_bringup/share/linorobot2_bringup/launch/extra.launch.py
[0.464s] -- Installing: /home/ieee/robot_ws/install/linorobot2_bringup/share/linorobot2_bringup/launch/default_robot.launch.py
[0.464s] -- Installing: /home/ieee/robot_ws/install/linorobot2_bringup/share/linorobot2_bringup/launch/sensors.launch.py
[0.464s] -- Installing: /home/ieee/robot_ws/install/linorobot2_bringup/share/linorobot2_bringup/launch/joy_teleop.launch.py
[0.465s] -- Installing: /home/ieee/robot_ws/install/linorobot2_bringup/share/linorobot2_bringup/launch/bringup.launch.py
[0.465s] -- Installing: /home/ieee/robot_ws/install/linorobot2_bringup/share/linorobot2_bringup/launch/depth.launch.py
[0.465s] -- Installing: /home/ieee/robot_ws/install/linorobot2_bringup/share/linorobot2_bringup/config
[0.465s] -- Installing: /home/ieee/robot_ws/install/linorobot2_bringup/share/linorobot2_bringup/config/box_laser_filter.yaml
[0.465s] -- Installing: /home/ieee/robot_ws/install/linorobot2_bringup/share/linorobot2_bringup/config/joy.yaml
[0.465s] -- Installing: /home/ieee/robot_ws/install/linorobot2_bringup/share/linorobot2_bringup/config/fake_laser.yaml
[0.465s] -- Installing: /home/ieee/robot_ws/install/linorobot2_bringup/share/linorobot2_bringup/config/zed_common.yaml
[0.465s] -- Installing: /home/ieee/robot_ws/install/linorobot2_bringup/share/ament_index/resource_index/package_run_dependencies/linorobot2_bringup
[0.465s] -- Installing: /home/ieee/robot_ws/install/linorobot2_bringup/share/ament_index/resource_index/parent_prefix_path/linorobot2_bringup
[0.465s] -- Installing: /home/ieee/robot_ws/install/linorobot2_bringup/share/linorobot2_bringup/environment/ament_prefix_path.sh
[0.465s] -- Installing: /home/ieee/robot_ws/install/linorobot2_bringup/share/linorobot2_bringup/environment/ament_prefix_path.dsv
[0.465s] -- Installing: /home/ieee/robot_ws/install/linorobot2_bringup/share/linorobot2_bringup/environment/path.sh
[0.466s] -- Installing: /home/ieee/robot_ws/install/linorobot2_bringup/share/linorobot2_bringup/environment/path.dsv
[0.466s] -- Installing: /home/ieee/robot_ws/install/linorobot2_bringup/share/linorobot2_bringup/local_setup.bash
[0.466s] -- Installing: /home/ieee/robot_ws/install/linorobot2_bringup/share/linorobot2_bringup/local_setup.sh
[0.466s] -- Installing: /home/ieee/robot_ws/install/linorobot2_bringup/share/linorobot2_bringup/local_setup.zsh
[0.466s] -- Installing: /home/ieee/robot_ws/install/linorobot2_bringup/share/linorobot2_bringup/local_setup.dsv
[0.466s] -- Installing: /home/ieee/robot_ws/install/linorobot2_bringup/share/linorobot2_bringup/package.dsv
[0.466s] -- Installing: /home/ieee/robot_ws/install/linorobot2_bringup/share/ament_index/resource_index/packages/linorobot2_bringup
[0.466s] -- Installing: /home/ieee/robot_ws/install/linorobot2_bringup/share/linorobot2_bringup/cmake/linorobot2_bringupConfig.cmake
[0.467s] -- Installing: /home/ieee/robot_ws/install/linorobot2_bringup/share/linorobot2_bringup/cmake/linorobot2_bringupConfig-version.cmake
[0.467s] -- Installing: /home/ieee/robot_ws/install/linorobot2_bringup/share/linorobot2_bringup/package.xml
[0.470s] Invoked command in '/home/ieee/robot_ws/build/linorobot2_bringup' returned '0': CMAKE_PREFIX_PATH=/opt/ros/humble /usr/bin/cmake --install /home/ieee/robot_ws/build/linorobot2_bringup
